{"/home/kshitiz/Desktop/major/apps/socket-service/src/app.ts": {"path":"/home/kshitiz/Desktop/major/apps/socket-service/src/app.ts","statementMap":{"0":{"start":{"line":1,"column":0},"end":{"line":1,"column":30}},"1":{"start":{"line":2,"column":0},"end":{"line":2,"column":36}},"2":{"start":{"line":3,"column":0},"end":{"line":3,"column":24}},"3":{"start":{"line":4,"column":0},"end":{"line":4,"column":35}},"4":{"start":{"line":5,"column":0},"end":{"line":5,"column":28}},"5":{"start":{"line":6,"column":0},"end":{"line":6,"column":50}},"6":{"start":{"line":7,"column":0},"end":{"line":7,"column":35}},"7":{"start":{"line":9,"column":0},"end":{"line":9,"column":16}},"8":{"start":{"line":11,"column":12},"end":{"line":11,"column":21}},"9":{"start":{"line":13,"column":0},"end":{"line":13,"column":62}},"10":{"start":{"line":14,"column":0},"end":{"line":14,"column":24}},"11":{"start":{"line":16,"column":0},"end":{"line":18,"column":3}},"12":{"start":{"line":17,"column":2},"end":{"line":17,"column":56}},"13":{"start":{"line":20,"column":19},"end":{"line":20,"column":36}},"14":{"start":{"line":22,"column":13},"end":{"line":28,"column":3}},"15":{"start":{"line":30,"column":0},"end":{"line":30,"column":27}},"16":{"start":{"line":32,"column":0},"end":{"line":32,"column":26}}},"fnMap":{"0":{"name":"(anonymous_1)","decl":{"start":{"line":16,"column":19},"end":{"line":16,"column":20}},"loc":{"start":{"line":16,"column":33},"end":{"line":18,"column":1}}}},"branchMap":{},"s":{"0":0,"1":0,"2":0,"3":0,"4":0,"5":0,"6":0,"7":0,"8":0,"9":0,"10":0,"11":0,"12":0,"13":0,"14":0,"15":0,"16":0},"f":{"0":0},"b":{}}
,"/home/kshitiz/Desktop/major/apps/socket-service/src/index.ts": {"path":"/home/kshitiz/Desktop/major/apps/socket-service/src/index.ts","statementMap":{"0":{"start":{"line":1,"column":0},"end":{"line":1,"column":28}},"1":{"start":{"line":2,"column":0},"end":{"line":2,"column":27}},"2":{"start":{"line":4,"column":0},"end":{"line":4,"column":16}},"3":{"start":{"line":6,"column":13},"end":{"line":6,"column":37}},"4":{"start":{"line":8,"column":0},"end":{"line":10,"column":3}},"5":{"start":{"line":9,"column":2},"end":{"line":9,"column":60}},"6":{"start":{"line":12,"column":0},"end":{"line":14,"column":3}},"7":{"start":{"line":13,"column":2},"end":{"line":13,"column":64}},"8":{"start":{"line":13,"column":21},"end":{"line":13,"column":62}}},"fnMap":{"0":{"name":"(anonymous_1)","decl":{"start":{"line":8,"column":20},"end":{"line":8,"column":23}},"loc":{"start":{"line":8,"column":25},"end":{"line":10,"column":1}}},"1":{"name":"(anonymous_2)","decl":{"start":{"line":12,"column":22},"end":{"line":12,"column":25}},"loc":{"start":{"line":12,"column":27},"end":{"line":14,"column":1}}},"2":{"name":"(anonymous_3)","decl":{"start":{"line":13,"column":15},"end":{"line":13,"column":18}},"loc":{"start":{"line":13,"column":21},"end":{"line":13,"column":62}}}},"branchMap":{"0":{"loc":{"start":{"line":6,"column":13},"end":{"line":6,"column":37}},"type":"binary-expr","locations":[{"start":{"line":6,"column":13},"end":{"line":6,"column":29}},{"start":{"line":6,"column":33},"end":{"line":6,"column":37}}]}},"s":{"0":0,"1":0,"2":0,"3":0,"4":0,"5":0,"6":0,"7":0,"8":0},"f":{"0":0,"1":0,"2":0},"b":{"0":[0,0]}}
,"/home/kshitiz/Desktop/major/apps/socket-service/src/config/env.ts": {"path":"/home/kshitiz/Desktop/major/apps/socket-service/src/config/env.ts","statementMap":{"0":{"start":{"line":2,"column":14},"end":{"line":2,"column":30}},"1":{"start":{"line":3,"column":2},"end":{"line":3,"column":81}},"2":{"start":{"line":3,"column":38},"end":{"line":3,"column":81}},"3":{"start":{"line":4,"column":2},"end":{"line":4,"column":37}},"4":{"start":{"line":7,"column":13},"end":{"line":13,"column":11}}},"fnMap":{"0":{"name":"get","decl":{"start":{"line":1,"column":9},"end":{"line":1,"column":12}},"loc":{"start":{"line":1,"column":43},"end":{"line":5,"column":1}}}},"branchMap":{"0":{"loc":{"start":{"line":3,"column":2},"end":{"line":3,"column":81}},"type":"if","locations":[{"start":{"line":3,"column":2},"end":{"line":3,"column":81}},{"start":{},"end":{}}]},"1":{"loc":{"start":{"line":3,"column":6},"end":{"line":3,"column":36}},"type":"binary-expr","locations":[{"start":{"line":3,"column":6},"end":{"line":3,"column":10}},{"start":{"line":3,"column":14},"end":{"line":3,"column":36}}]},"2":{"loc":{"start":{"line":4,"column":9},"end":{"line":4,"column":36}},"type":"binary-expr","locations":[{"start":{"line":4,"column":9},"end":{"line":4,"column":12}},{"start":{"line":4,"column":17},"end":{"line":4,"column":36}}]}},"s":{"0":0,"1":0,"2":0,"3":0,"4":0},"f":{"0":0},"b":{"0":[0,0],"1":[0,0],"2":[0,0]}}
,"/home/kshitiz/Desktop/major/apps/socket-service/src/config/redis.ts": {"path":"/home/kshitiz/Desktop/major/apps/socket-service/src/config/redis.ts","statementMap":{"0":{"start":{"line":1,"column":0},"end":{"line":1,"column":28}},"1":{"start":{"line":2,"column":0},"end":{"line":2,"column":28}},"2":{"start":{"line":4,"column":13},"end":{"line":7,"column":3}},"3":{"start":{"line":9,"column":0},"end":{"line":11,"column":3}},"4":{"start":{"line":10,"column":2},"end":{"line":10,"column":58}},"5":{"start":{"line":13,"column":0},"end":{"line":15,"column":3}},"6":{"start":{"line":14,"column":2},"end":{"line":14,"column":35}}},"fnMap":{"0":{"name":"(anonymous_1)","decl":{"start":{"line":9,"column":18},"end":{"line":9,"column":19}},"loc":{"start":{"line":9,"column":26},"end":{"line":11,"column":1}}},"1":{"name":"(anonymous_2)","decl":{"start":{"line":13,"column":20},"end":{"line":13,"column":23}},"loc":{"start":{"line":13,"column":25},"end":{"line":15,"column":1}}}},"branchMap":{},"s":{"0":0,"1":0,"2":0,"3":0,"4":0,"5":0,"6":0},"f":{"0":0,"1":0},"b":{}}
,"/home/kshitiz/Desktop/major/apps/socket-service/src/handlers/code.handler.ts": {"path":"/home/kshitiz/Desktop/major/apps/socket-service/src/handlers/code.handler.ts","statementMap":{"0":{"start":{"line":7,"column":0},"end":{"line":7,"column":16}},"1":{"start":{"line":2,"column":0},"end":{"line":2,"column":80}},"2":{"start":{"line":3,"column":0},"end":{"line":3,"column":72}},"3":{"start":{"line":4,"column":0},"end":{"line":4,"column":72}},"4":{"start":{"line":5,"column":0},"end":{"line":5,"column":64}},"5":{"start":{"line":8,"column":2},"end":{"line":16,"column":5}},"6":{"start":{"line":9,"column":39},"end":{"line":9,"column":46}},"7":{"start":{"line":11,"column":4},"end":{"line":11,"column":46}},"8":{"start":{"line":12,"column":4},"end":{"line":12,"column":72}},"9":{"start":{"line":13,"column":4},"end":{"line":13,"column":45}},"10":{"start":{"line":15,"column":4},"end":{"line":15,"column":113}},"11":{"start":{"line":18,"column":2},"end":{"line":25,"column":5}},"12":{"start":{"line":19,"column":33},"end":{"line":19,"column":40}},"13":{"start":{"line":21,"column":4},"end":{"line":21,"column":44}},"14":{"start":{"line":22,"column":4},"end":{"line":22,"column":70}},"15":{"start":{"line":24,"column":4},"end":{"line":24,"column":111}}},"fnMap":{"0":{"name":"registerCodeHandlers","decl":{"start":{"line":7,"column":16},"end":{"line":7,"column":36}},"loc":{"start":{"line":7,"column":51},"end":{"line":26,"column":1}}},"1":{"name":"(anonymous_1)","decl":{"start":{"line":8,"column":37},"end":{"line":8,"column":42}},"loc":{"start":{"line":8,"column":68},"end":{"line":16,"column":3}}},"2":{"name":"(anonymous_2)","decl":{"start":{"line":18,"column":41},"end":{"line":18,"column":46}},"loc":{"start":{"line":18,"column":72},"end":{"line":25,"column":3}}}},"branchMap":{},"s":{"0":0,"1":0,"2":0,"3":0,"4":0,"5":0,"6":0,"7":0,"8":0,"9":0,"10":0,"11":0,"12":0,"13":0,"14":0,"15":0},"f":{"0":0,"1":0,"2":0},"b":{}}
,"/home/kshitiz/Desktop/major/apps/socket-service/src/handlers/cursor.handler.ts": {"path":"/home/kshitiz/Desktop/major/apps/socket-service/src/handlers/cursor.handler.ts","statementMap":{"0":{"start":{"line":4,"column":0},"end":{"line":4,"column":16}},"1":{"start":{"line":2,"column":0},"end":{"line":2,"column":69}},"2":{"start":{"line":5,"column":2},"end":{"line":7,"column":5}},"3":{"start":{"line":6,"column":4},"end":{"line":6,"column":71}}},"fnMap":{"0":{"name":"registerCursorHandlers","decl":{"start":{"line":4,"column":16},"end":{"line":4,"column":38}},"loc":{"start":{"line":4,"column":53},"end":{"line":8,"column":1}}},"1":{"name":"(anonymous_1)","decl":{"start":{"line":5,"column":39},"end":{"line":5,"column":40}},"loc":{"start":{"line":5,"column":66},"end":{"line":7,"column":3}}}},"branchMap":{},"s":{"0":0,"1":0,"2":0,"3":0},"f":{"0":0,"1":0},"b":{}}
,"/home/kshitiz/Desktop/major/apps/socket-service/src/handlers/room.handler.ts": {"path":"/home/kshitiz/Desktop/major/apps/socket-service/src/handlers/room.handler.ts","statementMap":{"0":{"start":{"line":7,"column":0},"end":{"line":7,"column":16}},"1":{"start":{"line":2,"column":0},"end":{"line":2,"column":64}},"2":{"start":{"line":3,"column":0},"end":{"line":3,"column":104}},"3":{"start":{"line":4,"column":0},"end":{"line":4,"column":72}},"4":{"start":{"line":5,"column":0},"end":{"line":5,"column":51}},"5":{"start":{"line":8,"column":22},"end":{"line":8,"column":39}},"6":{"start":{"line":10,"column":2},"end":{"line":37,"column":5}},"7":{"start":{"line":11,"column":23},"end":{"line":11,"column":30}},"8":{"start":{"line":12,"column":27},"end":{"line":16,"column":6}},"9":{"start":{"line":18,"column":4},"end":{"line":18,"column":30}},"10":{"start":{"line":19,"column":4},"end":{"line":19,"column":28}},"11":{"start":{"line":20,"column":4},"end":{"line":20,"column":38}},"12":{"start":{"line":22,"column":25},"end":{"line":22,"column":51}},"13":{"start":{"line":23,"column":21},"end":{"line":23,"column":46}},"14":{"start":{"line":25,"column":4},"end":{"line":25,"column":60}},"15":{"start":{"line":27,"column":4},"end":{"line":29,"column":5}},"16":{"start":{"line":28,"column":6},"end":{"line":28,"column":55}},"17":{"start":{"line":31,"column":4},"end":{"line":31,"column":62}},"18":{"start":{"line":32,"column":4},"end":{"line":32,"column":71}},"19":{"start":{"line":34,"column":4},"end":{"line":34,"column":103}},"20":{"start":{"line":36,"column":4},"end":{"line":36,"column":60}},"21":{"start":{"line":39,"column":2},"end":{"line":50,"column":5}},"22":{"start":{"line":40,"column":23},"end":{"line":40,"column":30}},"23":{"start":{"line":41,"column":4},"end":{"line":41,"column":31}},"24":{"start":{"line":42,"column":4},"end":{"line":42,"column":31}},"25":{"start":{"line":43,"column":4},"end":{"line":43,"column":48}},"26":{"start":{"line":45,"column":25},"end":{"line":45,"column":51}},"27":{"start":{"line":46,"column":4},"end":{"line":46,"column":103}},"28":{"start":{"line":47,"column":4},"end":{"line":47,"column":71}},"29":{"start":{"line":49,"column":4},"end":{"line":49,"column":116}},"30":{"start":{"line":52,"column":2},"end":{"line":66,"column":5}},"31":{"start":{"line":53,"column":4},"end":{"line":63,"column":6}},"32":{"start":{"line":55,"column":8},"end":{"line":55,"column":52}},"33":{"start":{"line":56,"column":8},"end":{"line":56,"column":45}},"34":{"start":{"line":57,"column":29},"end":{"line":57,"column":55}},"35":{"start":{"line":58,"column":8},"end":{"line":58,"column":107}},"36":{"start":{"line":59,"column":8},"end":{"line":59,"column":75}},"37":{"start":{"line":61,"column":8},"end":{"line":61,"column":120}},"38":{"start":{"line":64,"column":4},"end":{"line":64,"column":24}},"39":{"start":{"line":65,"column":4},"end":{"line":65,"column":65}}},"fnMap":{"0":{"name":"registerRoomHandlers","decl":{"start":{"line":7,"column":16},"end":{"line":7,"column":36}},"loc":{"start":{"line":7,"column":63},"end":{"line":67,"column":1}}},"1":{"name":"(anonymous_1)","decl":{"start":{"line":10,"column":35},"end":{"line":10,"column":40}},"loc":{"start":{"line":10,"column":73},"end":{"line":37,"column":3}}},"2":{"name":"(anonymous_2)","decl":{"start":{"line":39,"column":36},"end":{"line":39,"column":41}},"loc":{"start":{"line":39,"column":74},"end":{"line":50,"column":3}}},"3":{"name":"(anonymous_3)","decl":{"start":{"line":52,"column":26},"end":{"line":52,"column":31}},"loc":{"start":{"line":52,"column":37},"end":{"line":66,"column":3}}},"4":{"name":"(anonymous_4)","decl":{"start":{"line":54,"column":34},"end":{"line":54,"column":39}},"loc":{"start":{"line":54,"column":51},"end":{"line":62,"column":7}}}},"branchMap":{"0":{"loc":{"start":{"line":27,"column":4},"end":{"line":29,"column":5}},"type":"if","locations":[{"start":{"line":27,"column":4},"end":{"line":29,"column":5}},{"start":{},"end":{}}]}},"s":{"0":0,"1":0,"2":0,"3":0,"4":0,"5":0,"6":0,"7":0,"8":0,"9":0,"10":0,"11":0,"12":0,"13":0,"14":0,"15":0,"16":0,"17":0,"18":0,"19":0,"20":0,"21":0,"22":0,"23":0,"24":0,"25":0,"26":0,"27":0,"28":0,"29":0,"30":0,"31":0,"32":0,"33":0,"34":0,"35":0,"36":0,"37":0,"38":0,"39":0},"f":{"0":0,"1":0,"2":0,"3":0,"4":0},"b":{"0":[0,0]}}
,"/home/kshitiz/Desktop/major/apps/socket-service/src/middleware/auth.middleware.ts": {"path":"/home/kshitiz/Desktop/major/apps/socket-service/src/middleware/auth.middleware.ts","statementMap":{"0":{"start":{"line":12,"column":0},"end":{"line":12,"column":16}},"1":{"start":{"line":2,"column":0},"end":{"line":2,"column":31}},"2":{"start":{"line":3,"column":0},"end":{"line":3,"column":36}},"3":{"start":{"line":13,"column":16},"end":{"line":13,"column":66}},"4":{"start":{"line":15,"column":2},"end":{"line":17,"column":3}},"5":{"start":{"line":16,"column":4},"end":{"line":16,"column":59}},"6":{"start":{"line":19,"column":2},"end":{"line":26,"column":3}},"7":{"start":{"line":20,"column":20},"end":{"line":20,"column":92}},"8":{"start":{"line":21,"column":4},"end":{"line":21,"column":37}},"9":{"start":{"line":22,"column":4},"end":{"line":22,"column":76}},"10":{"start":{"line":23,"column":4},"end":{"line":23,"column":11}},"11":{"start":{"line":25,"column":4},"end":{"line":25,"column":48}}},"fnMap":{"0":{"name":"socketAuthMiddleware","decl":{"start":{"line":12,"column":16},"end":{"line":12,"column":36}},"loc":{"start":{"line":12,"column":80},"end":{"line":27,"column":1}}}},"branchMap":{"0":{"loc":{"start":{"line":15,"column":2},"end":{"line":17,"column":3}},"type":"if","locations":[{"start":{"line":15,"column":2},"end":{"line":17,"column":3}},{"start":{},"end":{}}]},"1":{"loc":{"start":{"line":22,"column":27},"end":{"line":22,"column":75}},"type":"binary-expr","locations":[{"start":{"line":22,"column":27},"end":{"line":22,"column":58}},{"start":{"line":22,"column":62},"end":{"line":22,"column":75}}]}},"s":{"0":0,"1":0,"2":0,"3":0,"4":0,"5":0,"6":0,"7":0,"8":0,"9":0,"10":0,"11":0},"f":{"0":0},"b":{"0":[0,0],"1":[0,0]}}
,"/home/kshitiz/Desktop/major/apps/socket-service/src/prisma/client.ts": {"path":"/home/kshitiz/Desktop/major/apps/socket-service/src/prisma/client.ts","statementMap":{"0":{"start":{"line":1,"column":0},"end":{"line":1,"column":46}},"1":{"start":{"line":3,"column":24},"end":{"line":3,"column":69}},"2":{"start":{"line":5,"column":13},"end":{"line":9,"column":5}},"3":{"start":{"line":11,"column":0},"end":{"line":13,"column":1}},"4":{"start":{"line":12,"column":2},"end":{"line":12,"column":34}}},"fnMap":{},"branchMap":{"0":{"loc":{"start":{"line":6,"column":2},"end":{"line":9,"column":4}},"type":"binary-expr","locations":[{"start":{"line":6,"column":2},"end":{"line":6,"column":24}},{"start":{"line":7,"column":2},"end":{"line":9,"column":4}}]},"1":{"loc":{"start":{"line":8,"column":9},"end":{"line":8,"column":79}},"type":"cond-expr","locations":[{"start":{"line":8,"column":50},"end":{"line":8,"column":67}},{"start":{"line":8,"column":70},"end":{"line":8,"column":79}}]},"2":{"loc":{"start":{"line":11,"column":0},"end":{"line":13,"column":1}},"type":"if","locations":[{"start":{"line":11,"column":0},"end":{"line":13,"column":1}},{"start":{},"end":{}}]}},"s":{"0":0,"1":0,"2":0,"3":0,"4":0},"f":{},"b":{"0":[0,0],"1":[0,0],"2":[0,0]}}
,"/home/kshitiz/Desktop/major/apps/socket-service/src/redis/subscriber.ts": {"path":"/home/kshitiz/Desktop/major/apps/socket-service/src/redis/subscriber.ts","statementMap":{"0":{"start":{"line":5,"column":0},"end":{"line":5,"column":16}},"1":{"start":{"line":1,"column":0},"end":{"line":1,"column":28}},"2":{"start":{"line":3,"column":0},"end":{"line":3,"column":36}},"3":{"start":{"line":6,"column":21},"end":{"line":6,"column":44}},"4":{"start":{"line":8,"column":2},"end":{"line":14,"column":5}},"5":{"start":{"line":9,"column":4},"end":{"line":13,"column":5}},"6":{"start":{"line":10,"column":6},"end":{"line":10,"column":57}},"7":{"start":{"line":12,"column":6},"end":{"line":12,"column":62}},"8":{"start":{"line":16,"column":2},"end":{"line":30,"column":5}},"9":{"start":{"line":17,"column":4},"end":{"line":29,"column":5}},"10":{"start":{"line":18,"column":6},"end":{"line":28,"column":7}},"11":{"start":{"line":19,"column":43},"end":{"line":19,"column":62}},"12":{"start":{"line":20,"column":8},"end":{"line":25,"column":9}},"13":{"start":{"line":21,"column":10},"end":{"line":21,"column":45}},"14":{"start":{"line":23,"column":46},"end":{"line":23,"column":86}},"15":{"start":{"line":24,"column":10},"end":{"line":24,"column":99}},"16":{"start":{"line":27,"column":8},"end":{"line":27,"column":63}},"17":{"start":{"line":32,"column":2},"end":{"line":34,"column":5}},"18":{"start":{"line":33,"column":4},"end":{"line":33,"column":52}}},"fnMap":{"0":{"name":"initializeRedisSubscriber","decl":{"start":{"line":5,"column":16},"end":{"line":5,"column":41}},"loc":{"start":{"line":5,"column":52},"end":{"line":35,"column":1}}},"1":{"name":"(anonymous_2)","decl":{"start":{"line":8,"column":44},"end":{"line":8,"column":45}},"loc":{"start":{"line":8,"column":59},"end":{"line":14,"column":3}}},"2":{"name":"(anonymous_3)","decl":{"start":{"line":16,"column":27},"end":{"line":16,"column":28}},"loc":{"start":{"line":16,"column":48},"end":{"line":30,"column":3}}},"3":{"name":"(anonymous_4)","decl":{"start":{"line":32,"column":25},"end":{"line":32,"column":26}},"loc":{"start":{"line":32,"column":33},"end":{"line":34,"column":3}}}},"branchMap":{"0":{"loc":{"start":{"line":9,"column":4},"end":{"line":13,"column":5}},"type":"if","locations":[{"start":{"line":9,"column":4},"end":{"line":13,"column":5}},{"start":{"line":11,"column":11},"end":{"line":13,"column":5}}]},"1":{"loc":{"start":{"line":17,"column":4},"end":{"line":29,"column":5}},"type":"if","locations":[{"start":{"line":17,"column":4},"end":{"line":29,"column":5}},{"start":{},"end":{}}]},"2":{"loc":{"start":{"line":20,"column":8},"end":{"line":25,"column":9}},"type":"if","locations":[{"start":{"line":20,"column":8},"end":{"line":25,"column":9}},{"start":{},"end":{}}]},"3":{"loc":{"start":{"line":20,"column":12},"end":{"line":20,"column":27}},"type":"binary-expr","locations":[{"start":{"line":20,"column":12},"end":{"line":20,"column":18}},{"start":{"line":20,"column":22},"end":{"line":20,"column":27}}]},"4":{"loc":{"start":{"line":24,"column":61},"end":{"line":24,"column":88}},"type":"binary-expr","locations":[{"start":{"line":24,"column":61},"end":{"line":24,"column":76}},{"start":{"line":24,"column":80},"end":{"line":24,"column":88}}]}},"s":{"0":0,"1":0,"2":0,"3":0,"4":0,"5":0,"6":0,"7":0,"8":0,"9":0,"10":0,"11":0,"12":0,"13":0,"14":0,"15":0,"16":0,"17":0,"18":0},"f":{"0":0,"1":0,"2":0,"3":0},"b":{"0":[0,0],"1":[0,0],"2":[0,0],"3":[0,0],"4":[0,0]}}
,"/home/kshitiz/Desktop/major/apps/socket-service/src/services/autosave.service.ts": {"path":"/home/kshitiz/Desktop/major/apps/socket-service/src/services/autosave.service.ts","statementMap":{"0":{"start":{"line":7,"column":0},"end":{"line":7,"column":16}},"1":{"start":{"line":1,"column":0},"end":{"line":1,"column":31}},"2":{"start":{"line":2,"column":0},"end":{"line":2,"column":36}},"3":{"start":{"line":3,"column":0},"end":{"line":3,"column":50}},"4":{"start":{"line":5,"column":26},"end":{"line":5,"column":30}},"5":{"start":{"line":8,"column":2},"end":{"line":8,"column":104}},"6":{"start":{"line":8,"column":44},"end":{"line":8,"column":83}},"7":{"start":{"line":12,"column":2},"end":{"line":26,"column":3}},"8":{"start":{"line":13,"column":16},"end":{"line":17,"column":6}},"9":{"start":{"line":18,"column":4},"end":{"line":23,"column":5}},"10":{"start":{"line":19,"column":19},"end":{"line":19,"column":35}},"11":{"start":{"line":20,"column":6},"end":{"line":20,"column":83}},"12":{"start":{"line":22,"column":6},"end":{"line":22,"column":66}},"13":{"start":{"line":25,"column":4},"end":{"line":25,"column":71}}},"fnMap":{"0":{"name":"scheduleAutosave","decl":{"start":{"line":7,"column":16},"end":{"line":7,"column":32}},"loc":{"start":{"line":7,"column":79},"end":{"line":9,"column":1}}},"1":{"name":"(anonymous_2)","decl":{"start":{"line":8,"column":38},"end":{"line":8,"column":41}},"loc":{"start":{"line":8,"column":44},"end":{"line":8,"column":83}}},"2":{"name":"persistSnapshot","decl":{"start":{"line":11,"column":15},"end":{"line":11,"column":30}},"loc":{"start":{"line":11,"column":77},"end":{"line":27,"column":1}}}},"branchMap":{"0":{"loc":{"start":{"line":18,"column":4},"end":{"line":23,"column":5}},"type":"if","locations":[{"start":{"line":18,"column":4},"end":{"line":23,"column":5}},{"start":{"line":21,"column":11},"end":{"line":23,"column":5}}]}},"s":{"0":0,"1":0,"2":0,"3":0,"4":0,"5":0,"6":0,"7":0,"8":0,"9":0,"10":0,"11":0,"12":0,"13":0},"f":{"0":0,"1":0,"2":0},"b":{"0":[0,0]}}
,"/home/kshitiz/Desktop/major/apps/socket-service/src/services/recording.service.ts": {"path":"/home/kshitiz/Desktop/major/apps/socket-service/src/services/recording.service.ts","statementMap":{"0":{"start":{"line":1,"column":0},"end":{"line":1,"column":42}},"1":{"start":{"line":9,"column":4},"end":{"line":26,"column":5}},"2":{"start":{"line":11,"column":20},"end":{"line":14,"column":8}},"3":{"start":{"line":16,"column":6},"end":{"line":20,"column":7}},"4":{"start":{"line":17,"column":8},"end":{"line":19,"column":11}},"5":{"start":{"line":22,"column":6},"end":{"line":22,"column":24}},"6":{"start":{"line":24,"column":6},"end":{"line":24,"column":84}},"7":{"start":{"line":25,"column":6},"end":{"line":25,"column":16}},"8":{"start":{"line":40,"column":4},"end":{"line":56,"column":9}},"9":{"start":{"line":41,"column":6},"end":{"line":55,"column":7}},"10":{"start":{"line":42,"column":26},"end":{"line":42,"column":63}},"11":{"start":{"line":43,"column":8},"end":{"line":43,"column":31}},"12":{"start":{"line":43,"column":24},"end":{"line":43,"column":31}},"13":{"start":{"line":45,"column":8},"end":{"line":52,"column":11}},"14":{"start":{"line":54,"column":8},"end":{"line":54,"column":93}},"15":{"start":{"line":3,"column":0},"end":{"line":3,"column":13}}},"fnMap":{"0":{"name":"(anonymous_0)","decl":{"start":{"line":8,"column":2},"end":{"line":8,"column":8}},"loc":{"start":{"line":8,"column":48},"end":{"line":27,"column":3}}},"1":{"name":"(anonymous_1)","decl":{"start":{"line":33,"column":2},"end":{"line":33,"column":8}},"loc":{"start":{"line":37,"column":16},"end":{"line":57,"column":3}}},"2":{"name":"(anonymous_2)","decl":{"start":{"line":40,"column":5},"end":{"line":40,"column":10}},"loc":{"start":{"line":40,"column":16},"end":{"line":56,"column":5}}}},"branchMap":{"0":{"loc":{"start":{"line":16,"column":6},"end":{"line":20,"column":7}},"type":"if","locations":[{"start":{"line":16,"column":6},"end":{"line":20,"column":7}},{"start":{},"end":{}}]},"1":{"loc":{"start":{"line":16,"column":10},"end":{"line":16,"column":37}},"type":"binary-expr","locations":[{"start":{"line":16,"column":10},"end":{"line":16,"column":18}},{"start":{"line":16,"column":22},"end":{"line":16,"column":37}}]},"2":{"loc":{"start":{"line":43,"column":8},"end":{"line":43,"column":31}},"type":"if","locations":[{"start":{"line":43,"column":8},"end":{"line":43,"column":31}},{"start":{},"end":{}}]}},"s":{"0":0,"1":0,"2":0,"3":0,"4":0,"5":0,"6":0,"7":0,"8":0,"9":0,"10":0,"11":0,"12":0,"13":0,"14":0,"15":0},"f":{"0":0,"1":0,"2":0},"b":{"0":[0,0],"1":[0,0],"2":[0,0]}}
,"/home/kshitiz/Desktop/major/apps/socket-service/src/services/room.service.ts": {"path":"/home/kshitiz/Desktop/major/apps/socket-service/src/services/room.service.ts","statementMap":{"0":{"start":{"line":18,"column":0},"end":{"line":18,"column":7}},"1":{"start":{"line":23,"column":0},"end":{"line":23,"column":7}},"2":{"start":{"line":27,"column":0},"end":{"line":27,"column":7}},"3":{"start":{"line":33,"column":0},"end":{"line":33,"column":7}},"4":{"start":{"line":38,"column":0},"end":{"line":38,"column":7}},"5":{"start":{"line":42,"column":0},"end":{"line":42,"column":7}},"6":{"start":{"line":1,"column":0},"end":{"line":1,"column":40}},"7":{"start":{"line":4,"column":21},"end":{"line":4,"column":25}},"8":{"start":{"line":7,"column":2},"end":{"line":7,"column":32}},"9":{"start":{"line":11,"column":2},"end":{"line":11,"column":31}},"10":{"start":{"line":15,"column":2},"end":{"line":15,"column":31}},"11":{"start":{"line":19,"column":2},"end":{"line":19,"column":77}},"12":{"start":{"line":20,"column":2},"end":{"line":20,"column":56}},"13":{"start":{"line":24,"column":2},"end":{"line":24,"column":50}},"14":{"start":{"line":28,"column":14},"end":{"line":28,"column":54}},"15":{"start":{"line":29,"column":2},"end":{"line":29,"column":22}},"16":{"start":{"line":29,"column":12},"end":{"line":29,"column":22}},"17":{"start":{"line":30,"column":2},"end":{"line":30,"column":66}},"18":{"start":{"line":30,"column":39},"end":{"line":30,"column":64}},"19":{"start":{"line":34,"column":2},"end":{"line":34,"column":61}},"20":{"start":{"line":35,"column":2},"end":{"line":35,"column":65}},"21":{"start":{"line":39,"column":2},"end":{"line":39,"column":65}},"22":{"start":{"line":43,"column":27},"end":{"line":46,"column":4}},"23":{"start":{"line":47,"column":2},"end":{"line":47,"column":33}},"24":{"start":{"line":47,"column":21},"end":{"line":47,"column":33}},"25":{"start":{"line":48,"column":2},"end":{"line":48,"column":54}}},"fnMap":{"0":{"name":"presenceKey","decl":{"start":{"line":6,"column":9},"end":{"line":6,"column":20}},"loc":{"start":{"line":6,"column":35},"end":{"line":8,"column":1}}},"1":{"name":"codeKey","decl":{"start":{"line":10,"column":9},"end":{"line":10,"column":16}},"loc":{"start":{"line":10,"column":31},"end":{"line":12,"column":1}}},"2":{"name":"langKey","decl":{"start":{"line":14,"column":9},"end":{"line":14,"column":16}},"loc":{"start":{"line":14,"column":31},"end":{"line":16,"column":1}}},"3":{"name":"addUserToRoom","decl":{"start":{"line":18,"column":22},"end":{"line":18,"column":35}},"loc":{"start":{"line":18,"column":66},"end":{"line":21,"column":1}}},"4":{"name":"removeUserFromRoom","decl":{"start":{"line":23,"column":22},"end":{"line":23,"column":40}},"loc":{"start":{"line":23,"column":73},"end":{"line":25,"column":1}}},"5":{"name":"getRoomUsers","decl":{"start":{"line":27,"column":22},"end":{"line":27,"column":34}},"loc":{"start":{"line":27,"column":49},"end":{"line":31,"column":1}}},"6":{"name":"(anonymous_6)","decl":{"start":{"line":30,"column":32},"end":{"line":30,"column":33}},"loc":{"start":{"line":30,"column":39},"end":{"line":30,"column":64}}},"7":{"name":"setRoomCode","decl":{"start":{"line":33,"column":22},"end":{"line":33,"column":33}},"loc":{"start":{"line":33,"column":80},"end":{"line":36,"column":1}}},"8":{"name":"setRoomLanguage","decl":{"start":{"line":38,"column":22},"end":{"line":38,"column":37}},"loc":{"start":{"line":38,"column":70},"end":{"line":40,"column":1}}},"9":{"name":"getRoomCode","decl":{"start":{"line":42,"column":22},"end":{"line":42,"column":33}},"loc":{"start":{"line":42,"column":48},"end":{"line":49,"column":1}}}},"branchMap":{"0":{"loc":{"start":{"line":29,"column":2},"end":{"line":29,"column":22}},"type":"if","locations":[{"start":{"line":29,"column":2},"end":{"line":29,"column":22}},{"start":{},"end":{}}]},"1":{"loc":{"start":{"line":47,"column":2},"end":{"line":47,"column":33}},"type":"if","locations":[{"start":{"line":47,"column":2},"end":{"line":47,"column":33}},{"start":{},"end":{}}]},"2":{"loc":{"start":{"line":48,"column":27},"end":{"line":48,"column":51}},"type":"binary-expr","locations":[{"start":{"line":48,"column":27},"end":{"line":48,"column":35}},{"start":{"line":48,"column":39},"end":{"line":48,"column":51}}]}},"s":{"0":0,"1":0,"2":0,"3":0,"4":0,"5":0,"6":0,"7":0,"8":0,"9":0,"10":0,"11":0,"12":0,"13":0,"14":0,"15":0,"16":0,"17":0,"18":0,"19":0,"20":0,"21":0,"22":0,"23":0,"24":0,"25":0},"f":{"0":0,"1":0,"2":0,"3":0,"4":0,"5":0,"6":0,"7":0,"8":0,"9":0},"b":{"0":[0,0],"1":[0,0],"2":[0,0]}}
,"/home/kshitiz/Desktop/major/apps/socket-service/src/socket/index.ts": {"path":"/home/kshitiz/Desktop/major/apps/socket-service/src/socket/index.ts","statementMap":{"0":{"start":{"line":8,"column":0},"end":{"line":8,"column":16}},"1":{"start":{"line":2,"column":0},"end":{"line":2,"column":69}},"2":{"start":{"line":3,"column":0},"end":{"line":3,"column":64}},"3":{"start":{"line":4,"column":0},"end":{"line":4,"column":64}},"4":{"start":{"line":5,"column":0},"end":{"line":5,"column":68}},"5":{"start":{"line":6,"column":0},"end":{"line":6,"column":64}},"6":{"start":{"line":9,"column":2},"end":{"line":9,"column":31}},"7":{"start":{"line":11,"column":2},"end":{"line":11,"column":32}},"8":{"start":{"line":13,"column":2},"end":{"line":19,"column":5}},"9":{"start":{"line":14,"column":4},"end":{"line":14,"column":78}},"10":{"start":{"line":16,"column":4},"end":{"line":16,"column":37}},"11":{"start":{"line":17,"column":4},"end":{"line":17,"column":33}},"12":{"start":{"line":18,"column":4},"end":{"line":18,"column":35}}},"fnMap":{"0":{"name":"registerSocketHandlers","decl":{"start":{"line":8,"column":16},"end":{"line":8,"column":38}},"loc":{"start":{"line":8,"column":49},"end":{"line":20,"column":1}}},"1":{"name":"(anonymous_1)","decl":{"start":{"line":13,"column":22},"end":{"line":13,"column":23}},"loc":{"start":{"line":13,"column":41},"end":{"line":19,"column":3}}}},"branchMap":{},"s":{"0":0,"1":0,"2":0,"3":0,"4":0,"5":0,"6":0,"7":0,"8":0,"9":0,"10":0,"11":0,"12":0},"f":{"0":0,"1":0},"b":{}}
,"/home/kshitiz/Desktop/major/apps/socket-service/src/utils/debounce.ts": {"path":"/home/kshitiz/Desktop/major/apps/socket-service/src/utils/debounce.ts","statementMap":{"0":{"start":{"line":5,"column":0},"end":{"line":5,"column":16}},"1":{"start":{"line":14,"column":0},"end":{"line":14,"column":16}},"2":{"start":{"line":3,"column":15},"end":{"line":3,"column":63}},"3":{"start":{"line":6,"column":19},"end":{"line":6,"column":34}},"4":{"start":{"line":7,"column":2},"end":{"line":7,"column":39}},"5":{"start":{"line":7,"column":16},"end":{"line":7,"column":39}},"6":{"start":{"line":8,"column":2},"end":{"line":11,"column":15}},"7":{"start":{"line":9,"column":4},"end":{"line":9,"column":23}},"8":{"start":{"line":10,"column":4},"end":{"line":10,"column":9}},"9":{"start":{"line":15,"column":19},"end":{"line":15,"column":34}},"10":{"start":{"line":16,"column":2},"end":{"line":19,"column":3}},"11":{"start":{"line":17,"column":4},"end":{"line":17,"column":27}},"12":{"start":{"line":18,"column":4},"end":{"line":18,"column":23}}},"fnMap":{"0":{"name":"debounceByKey","decl":{"start":{"line":5,"column":16},"end":{"line":5,"column":29}},"loc":{"start":{"line":5,"column":75},"end":{"line":12,"column":1}}},"1":{"name":"(anonymous_1)","decl":{"start":{"line":8,"column":29},"end":{"line":8,"column":32}},"loc":{"start":{"line":8,"column":34},"end":{"line":11,"column":3}}},"2":{"name":"cancelDebounce","decl":{"start":{"line":14,"column":16},"end":{"line":14,"column":30}},"loc":{"start":{"line":14,"column":42},"end":{"line":20,"column":1}}}},"branchMap":{"0":{"loc":{"start":{"line":7,"column":2},"end":{"line":7,"column":39}},"type":"if","locations":[{"start":{"line":7,"column":2},"end":{"line":7,"column":39}},{"start":{},"end":{}}]},"1":{"loc":{"start":{"line":16,"column":2},"end":{"line":19,"column":3}},"type":"if","locations":[{"start":{"line":16,"column":2},"end":{"line":19,"column":3}},{"start":{},"end":{}}]}},"s":{"0":0,"1":0,"2":0,"3":0,"4":0,"5":0,"6":0,"7":0,"8":0,"9":0,"10":0,"11":0,"12":0},"f":{"0":0,"1":0,"2":0},"b":{"0":[0,0],"1":[0,0]}}
}
