TN:
SF:src/app.ts
FN:16,(anonymous_1)
FNF:1
FNH:0
FNDA:0,(anonymous_1)
DA:1,0
DA:2,0
DA:3,0
DA:4,0
DA:5,0
DA:6,0
DA:7,0
DA:9,0
DA:11,0
DA:13,0
DA:14,0
DA:16,0
DA:17,0
DA:20,0
DA:22,0
DA:30,0
DA:32,0
LF:17
LH:0
BRF:0
BRH:0
end_of_record
TN:
SF:src/index.ts
FN:8,(anonymous_1)
FN:12,(anonymous_2)
FN:13,(anonymous_3)
FNF:3
FNH:0
FNDA:0,(anonymous_1)
FNDA:0,(anonymous_2)
FNDA:0,(anonymous_3)
DA:1,0
DA:2,0
DA:4,0
DA:6,0
DA:8,0
DA:9,0
DA:12,0
DA:13,0
LF:8
LH:0
BRDA:6,0,0,0
BRDA:6,0,1,0
BRF:2
BRH:0
end_of_record
TN:
SF:src/config/env.ts
FN:1,get
FNF:1
FNH:0
FNDA:0,get
DA:2,0
DA:3,0
DA:4,0
DA:7,0
LF:4
LH:0
BRDA:3,0,0,0
BRDA:3,0,1,0
BRDA:3,1,0,0
BRDA:3,1,1,0
BRDA:4,2,0,0
BRDA:4,2,1,0
BRF:6
BRH:0
end_of_record
TN:
SF:src/config/redis.ts
FN:9,(anonymous_1)
FN:13,(anonymous_2)
FNF:2
FNH:0
FNDA:0,(anonymous_1)
FNDA:0,(anonymous_2)
DA:1,0
DA:2,0
DA:4,0
DA:9,0
DA:10,0
DA:13,0
DA:14,0
LF:7
LH:0
BRF:0
BRH:0
end_of_record
TN:
SF:src/handlers/code.handler.ts
FN:7,registerCodeHandlers
FN:8,(anonymous_1)
FN:18,(anonymous_2)
FNF:3
FNH:0
FNDA:0,registerCodeHandlers
FNDA:0,(anonymous_1)
FNDA:0,(anonymous_2)
DA:2,0
DA:3,0
DA:4,0
DA:5,0
DA:7,0
DA:8,0
DA:9,0
DA:11,0
DA:12,0
DA:13,0
DA:15,0
DA:18,0
DA:19,0
DA:21,0
DA:22,0
DA:24,0
LF:16
LH:0
BRF:0
BRH:0
end_of_record
TN:
SF:src/handlers/cursor.handler.ts
FN:4,registerCursorHandlers
FN:5,(anonymous_1)
FNF:2
FNH:0
FNDA:0,registerCursorHandlers
FNDA:0,(anonymous_1)
DA:2,0
DA:4,0
DA:5,0
DA:6,0
LF:4
LH:0
BRF:0
BRH:0
end_of_record
TN:
SF:src/handlers/room.handler.ts
FN:7,registerRoomHandlers
FN:10,(anonymous_1)
FN:39,(anonymous_2)
FN:52,(anonymous_3)
FN:54,(anonymous_4)
FNF:5
FNH:0
FNDA:0,registerRoomHandlers
FNDA:0,(anonymous_1)
FNDA:0,(anonymous_2)
FNDA:0,(anonymous_3)
FNDA:0,(anonymous_4)
DA:2,0
DA:3,0
DA:4,0
DA:5,0
DA:7,0
DA:8,0
DA:10,0
DA:11,0
DA:12,0
DA:18,0
DA:19,0
DA:20,0
DA:22,0
DA:23,0
DA:25,0
DA:27,0
DA:28,0
DA:31,0
DA:32,0
DA:34,0
DA:36,0
DA:39,0
DA:40,0
DA:41,0
DA:42,0
DA:43,0
DA:45,0
DA:46,0
DA:47,0
DA:49,0
DA:52,0
DA:53,0
DA:55,0
DA:56,0
DA:57,0
DA:58,0
DA:59,0
DA:61,0
DA:64,0
DA:65,0
LF:40
LH:0
BRDA:27,0,0,0
BRDA:27,0,1,0
BRF:2
BRH:0
end_of_record
TN:
SF:src/middleware/auth.middleware.ts
FN:12,socketAuthMiddleware
FNF:1
FNH:0
FNDA:0,socketAuthMiddleware
DA:2,0
DA:3,0
DA:12,0
DA:13,0
DA:15,0
DA:16,0
DA:19,0
DA:20,0
DA:21,0
DA:22,0
DA:23,0
DA:25,0
LF:12
LH:0
BRDA:15,0,0,0
BRDA:15,0,1,0
BRDA:22,1,0,0
BRDA:22,1,1,0
BRF:4
BRH:0
end_of_record
TN:
SF:src/prisma/client.ts
FNF:0
FNH:0
DA:1,0
DA:3,0
DA:5,0
DA:11,0
DA:12,0
LF:5
LH:0
BRDA:6,0,0,0
BRDA:6,0,1,0
BRDA:8,1,0,0
BRDA:8,1,1,0
BRDA:11,2,0,0
BRDA:11,2,1,0
BRF:6
BRH:0
end_of_record
TN:
SF:src/redis/subscriber.ts
FN:5,initializeRedisSubscriber
FN:8,(anonymous_2)
FN:16,(anonymous_3)
FN:32,(anonymous_4)
FNF:4
FNH:0
FNDA:0,initializeRedisSubscriber
FNDA:0,(anonymous_2)
FNDA:0,(anonymous_3)
FNDA:0,(anonymous_4)
DA:1,0
DA:3,0
DA:5,0
DA:6,0
DA:8,0
DA:9,0
DA:10,0
DA:12,0
DA:16,0
DA:17,0
DA:18,0
DA:19,0
DA:20,0
DA:21,0
DA:23,0
DA:24,0
DA:27,0
DA:32,0
DA:33,0
LF:19
LH:0
BRDA:9,0,0,0
BRDA:9,0,1,0
BRDA:17,1,0,0
BRDA:17,1,1,0
BRDA:20,2,0,0
BRDA:20,2,1,0
BRDA:20,3,0,0
BRDA:20,3,1,0
BRDA:24,4,0,0
BRDA:24,4,1,0
BRF:10
BRH:0
end_of_record
TN:
SF:src/services/autosave.service.ts
FN:7,scheduleAutosave
FN:8,(anonymous_2)
FN:11,persistSnapshot
FNF:3
FNH:0
FNDA:0,scheduleAutosave
FNDA:0,(anonymous_2)
FNDA:0,persistSnapshot
DA:1,0
DA:2,0
DA:3,0
DA:5,0
DA:7,0
DA:8,0
DA:12,0
DA:13,0
DA:18,0
DA:19,0
DA:20,0
DA:22,0
DA:25,0
LF:13
LH:0
BRDA:18,0,0,0
BRDA:18,0,1,0
BRF:2
BRH:0
end_of_record
TN:
SF:src/services/recording.service.ts
FN:8,(anonymous_0)
FN:33,(anonymous_1)
FN:40,(anonymous_2)
FNF:3
FNH:0
FNDA:0,(anonymous_0)
FNDA:0,(anonymous_1)
FNDA:0,(anonymous_2)
DA:1,0
DA:3,0
DA:9,0
DA:11,0
DA:16,0
DA:17,0
DA:22,0
DA:24,0
DA:25,0
DA:40,0
DA:41,0
DA:42,0
DA:43,0
DA:45,0
DA:54,0
LF:15
LH:0
BRDA:16,0,0,0
BRDA:16,0,1,0
BRDA:16,1,0,0
BRDA:16,1,1,0
BRDA:43,2,0,0
BRDA:43,2,1,0
BRF:6
BRH:0
end_of_record
TN:
SF:src/services/room.service.ts
FN:6,presenceKey
FN:10,codeKey
FN:14,langKey
FN:18,addUserToRoom
FN:23,removeUserFromRoom
FN:27,getRoomUsers
FN:30,(anonymous_6)
FN:33,setRoomCode
FN:38,setRoomLanguage
FN:42,getRoomCode
FNF:10
FNH:0
FNDA:0,presenceKey
FNDA:0,codeKey
FNDA:0,langKey
FNDA:0,addUserToRoom
FNDA:0,removeUserFromRoom
FNDA:0,getRoomUsers
FNDA:0,(anonymous_6)
FNDA:0,setRoomCode
FNDA:0,setRoomLanguage
FNDA:0,getRoomCode
DA:1,0
DA:4,0
DA:7,0
DA:11,0
DA:15,0
DA:18,0
DA:19,0
DA:20,0
DA:23,0
DA:24,0
DA:27,0
DA:28,0
DA:29,0
DA:30,0
DA:33,0
DA:34,0
DA:35,0
DA:38,0
DA:39,0
DA:42,0
DA:43,0
DA:47,0
DA:48,0
LF:23
LH:0
BRDA:29,0,0,0
BRDA:29,0,1,0
BRDA:47,1,0,0
BRDA:47,1,1,0
BRDA:48,2,0,0
BRDA:48,2,1,0
BRF:6
BRH:0
end_of_record
TN:
SF:src/socket/index.ts
FN:8,registerSocketHandlers
FN:13,(anonymous_1)
FNF:2
FNH:0
FNDA:0,registerSocketHandlers
FNDA:0,(anonymous_1)
DA:2,0
DA:3,0
DA:4,0
DA:5,0
DA:6,0
DA:8,0
DA:9,0
DA:11,0
DA:13,0
DA:14,0
DA:16,0
DA:17,0
DA:18,0
LF:13
LH:0
BRF:0
BRH:0
end_of_record
TN:
SF:src/utils/debounce.ts
FN:5,debounceByKey
FN:8,(anonymous_1)
FN:14,cancelDebounce
FNF:3
FNH:0
FNDA:0,debounceByKey
FNDA:0,(anonymous_1)
FNDA:0,cancelDebounce
DA:3,0
DA:5,0
DA:6,0
DA:7,0
DA:8,0
DA:9,0
DA:10,0
DA:14,0
DA:15,0
DA:16,0
DA:17,0
DA:18,0
LF:12
LH:0
BRDA:7,0,0,0
BRDA:7,0,1,0
BRDA:16,1,0,0
BRDA:16,1,1,0
BRF:4
BRH:0
end_of_record
