{"/home/kshitiz/Desktop/major/apps/api-service/src/app.ts": {"path":"/home/kshitiz/Desktop/major/apps/api-service/src/app.ts","statementMap":{"0":{"start":{"line":1,"column":0},"end":{"line":1,"column":47}},"1":{"start":{"line":2,"column":0},"end":{"line":2,"column":24}},"2":{"start":{"line":3,"column":0},"end":{"line":3,"column":28}},"3":{"start":{"line":4,"column":0},"end":{"line":4,"column":41}},"4":{"start":{"line":5,"column":0},"end":{"line":5,"column":43}},"5":{"start":{"line":6,"column":0},"end":{"line":6,"column":30}},"6":{"start":{"line":7,"column":0},"end":{"line":7,"column":64}},"7":{"start":{"line":9,"column":25},"end":{"line":9,"column":34}},"8":{"start":{"line":11,"column":0},"end":{"line":11,"column":18}},"9":{"start":{"line":12,"column":0},"end":{"line":25,"column":4}},"10":{"start":{"line":16,"column":4},"end":{"line":16,"column":45}},"11":{"start":{"line":16,"column":17},"end":{"line":16,"column":45}},"12":{"start":{"line":18,"column":4},"end":{"line":18,"column":80}},"13":{"start":{"line":18,"column":52},"end":{"line":18,"column":80}},"14":{"start":{"line":20,"column":20},"end":{"line":20,"column":71}},"15":{"start":{"line":21,"column":4},"end":{"line":21,"column":56}},"16":{"start":{"line":21,"column":28},"end":{"line":21,"column":56}},"17":{"start":{"line":22,"column":4},"end":{"line":22,"column":62}},"18":{"start":{"line":26,"column":0},"end":{"line":26,"column":24}},"19":{"start":{"line":27,"column":0},"end":{"line":27,"column":48}},"20":{"start":{"line":28,"column":0},"end":{"line":28,"column":24}},"21":{"start":{"line":31,"column":20},"end":{"line":37,"column":2}},"22":{"start":{"line":38,"column":0},"end":{"line":38,"column":36}},"23":{"start":{"line":39,"column":0},"end":{"line":39,"column":39}},"24":{"start":{"line":41,"column":0},"end":{"line":41,"column":24}},"25":{"start":{"line":43,"column":0},"end":{"line":43,"column":25}},"26":{"start":{"line":45,"column":0},"end":{"line":45,"column":19}}},"fnMap":{"0":{"name":"(anonymous_1)","decl":{"start":{"line":14,"column":10},"end":{"line":14,"column":11}},"loc":{"start":{"line":14,"column":31},"end":{"line":23,"column":3}}}},"branchMap":{"0":{"loc":{"start":{"line":16,"column":4},"end":{"line":16,"column":45}},"type":"if","locations":[{"start":{"line":16,"column":4},"end":{"line":16,"column":45}},{"start":{},"end":{}}]},"1":{"loc":{"start":{"line":18,"column":4},"end":{"line":18,"column":80}},"type":"if","locations":[{"start":{"line":18,"column":4},"end":{"line":18,"column":80}},{"start":{},"end":{}}]},"2":{"loc":{"start":{"line":20,"column":20},"end":{"line":20,"column":71}},"type":"binary-expr","locations":[{"start":{"line":20,"column":20},"end":{"line":20,"column":44}},{"start":{"line":20,"column":48},"end":{"line":20,"column":71}}]},"3":{"loc":{"start":{"line":21,"column":4},"end":{"line":21,"column":56}},"type":"if","locations":[{"start":{"line":21,"column":4},"end":{"line":21,"column":56}},{"start":{},"end":{}}]}},"s":{"0":0,"1":0,"2":0,"3":0,"4":0,"5":0,"6":0,"7":0,"8":0,"9":0,"10":0,"11":0,"12":0,"13":0,"14":0,"15":0,"16":0,"17":0,"18":0,"19":0,"20":0,"21":0,"22":0,"23":0,"24":0,"25":0,"26":0},"f":{"0":0},"b":{"0":[0,0],"1":[0,0],"2":[0,0],"3":[0,0]}}
,"/home/kshitiz/Desktop/major/apps/api-service/src/index.ts": {"path":"/home/kshitiz/Desktop/major/apps/api-service/src/index.ts","statementMap":{"0":{"start":{"line":2,"column":0},"end":{"line":2,"column":28}},"1":{"start":{"line":3,"column":0},"end":{"line":3,"column":16}},"2":{"start":{"line":5,"column":0},"end":{"line":5,"column":24}},"3":{"start":{"line":6,"column":0},"end":{"line":6,"column":24}},"4":{"start":{"line":7,"column":0},"end":{"line":7,"column":35}},"5":{"start":{"line":8,"column":0},"end":{"line":8,"column":41}},"6":{"start":{"line":10,"column":15},"end":{"line":10,"column":37}},"7":{"start":{"line":13,"column":2},"end":{"line":13,"column":26}},"8":{"start":{"line":15,"column":2},"end":{"line":15,"column":50}},"9":{"start":{"line":17,"column":2},"end":{"line":19,"column":5}},"10":{"start":{"line":18,"column":4},"end":{"line":18,"column":63}},"11":{"start":{"line":22,"column":0},"end":{"line":25,"column":3}},"12":{"start":{"line":23,"column":2},"end":{"line":23,"column":55}},"13":{"start":{"line":24,"column":2},"end":{"line":24,"column":18}},"14":{"start":{"line":27,"column":0},"end":{"line":33,"column":3}},"15":{"start":{"line":28,"column":2},"end":{"line":32,"column":5}},"16":{"start":{"line":29,"column":4},"end":{"line":29,"column":31}},"17":{"start":{"line":30,"column":4},"end":{"line":30,"column":43}},"18":{"start":{"line":31,"column":4},"end":{"line":31,"column":20}}},"fnMap":{"0":{"name":"start","decl":{"start":{"line":12,"column":15},"end":{"line":12,"column":20}},"loc":{"start":{"line":12,"column":20},"end":{"line":20,"column":1}}},"1":{"name":"(anonymous_2)","decl":{"start":{"line":17,"column":26},"end":{"line":17,"column":29}},"loc":{"start":{"line":17,"column":31},"end":{"line":19,"column":3}}},"2":{"name":"(anonymous_3)","decl":{"start":{"line":22,"column":14},"end":{"line":22,"column":15}},"loc":{"start":{"line":22,"column":22},"end":{"line":25,"column":1}}},"3":{"name":"(anonymous_4)","decl":{"start":{"line":27,"column":22},"end":{"line":27,"column":27}},"loc":{"start":{"line":27,"column":33},"end":{"line":33,"column":1}}},"4":{"name":"(anonymous_5)","decl":{"start":{"line":28,"column":15},"end":{"line":28,"column":20}},"loc":{"start":{"line":28,"column":26},"end":{"line":32,"column":3}}}},"branchMap":{},"s":{"0":0,"1":0,"2":0,"3":0,"4":0,"5":0,"6":0,"7":0,"8":0,"9":0,"10":0,"11":0,"12":0,"13":0,"14":0,"15":0,"16":0,"17":0,"18":0},"f":{"0":0,"1":0,"2":0,"3":0,"4":0},"b":{}}
,"/home/kshitiz/Desktop/major/apps/api-service/src/config/env.ts": {"path":"/home/kshitiz/Desktop/major/apps/api-service/src/config/env.ts","statementMap":{"0":{"start":{"line":2,"column":16},"end":{"line":2,"column":32}},"1":{"start":{"line":3,"column":2},"end":{"line":3,"column":79}},"2":{"start":{"line":3,"column":14},"end":{"line":3,"column":79}},"3":{"start":{"line":4,"column":2},"end":{"line":4,"column":15}},"4":{"start":{"line":7,"column":13},"end":{"line":22,"column":11}}},"fnMap":{"0":{"name":"requireEnv","decl":{"start":{"line":1,"column":9},"end":{"line":1,"column":19}},"loc":{"start":{"line":1,"column":31},"end":{"line":5,"column":1}}}},"branchMap":{"0":{"loc":{"start":{"line":3,"column":2},"end":{"line":3,"column":79}},"type":"if","locations":[{"start":{"line":3,"column":2},"end":{"line":3,"column":79}},{"start":{},"end":{}}]},"1":{"loc":{"start":{"line":8,"column":11},"end":{"line":8,"column":48}},"type":"binary-expr","locations":[{"start":{"line":8,"column":11},"end":{"line":8,"column":31}},{"start":{"line":8,"column":35},"end":{"line":8,"column":48}}]},"2":{"loc":{"start":{"line":9,"column":8},"end":{"line":9,"column":40}},"type":"binary-expr","locations":[{"start":{"line":9,"column":8},"end":{"line":9,"column":32}},{"start":{"line":9,"column":36},"end":{"line":9,"column":40}}]},"3":{"loc":{"start":{"line":11,"column":12},"end":{"line":11,"column":61}},"type":"binary-expr","locations":[{"start":{"line":11,"column":12},"end":{"line":11,"column":33}},{"start":{"line":11,"column":37},"end":{"line":11,"column":61}}]},"4":{"loc":{"start":{"line":12,"column":15},"end":{"line":12,"column":66}},"type":"binary-expr","locations":[{"start":{"line":12,"column":15},"end":{"line":12,"column":39}},{"start":{"line":12,"column":43},"end":{"line":12,"column":66}}]},"5":{"loc":{"start":{"line":19,"column":21},"end":{"line":19,"column":63}},"type":"binary-expr","locations":[{"start":{"line":19,"column":21},"end":{"line":19,"column":54}},{"start":{"line":19,"column":58},"end":{"line":19,"column":63}}]},"6":{"loc":{"start":{"line":20,"column":22},"end":{"line":20,"column":64}},"type":"binary-expr","locations":[{"start":{"line":20,"column":22},"end":{"line":20,"column":56}},{"start":{"line":20,"column":60},"end":{"line":20,"column":64}}]}},"s":{"0":0,"1":0,"2":0,"3":0,"4":0},"f":{"0":0},"b":{"0":[0,0],"1":[0,0],"2":[0,0],"3":[0,0],"4":[0,0],"5":[0,0],"6":[0,0]}}
,"/home/kshitiz/Desktop/major/apps/api-service/src/controllers/auth.controller.ts": {"path":"/home/kshitiz/Desktop/major/apps/api-service/src/controllers/auth.controller.ts","statementMap":{"0":{"start":{"line":12,"column":0},"end":{"line":12,"column":7}},"1":{"start":{"line":23,"column":0},"end":{"line":23,"column":7}},"2":{"start":{"line":34,"column":0},"end":{"line":34,"column":7}},"3":{"start":{"line":49,"column":0},"end":{"line":49,"column":7}},"4":{"start":{"line":60,"column":0},"end":{"line":60,"column":16}},"5":{"start":{"line":2,"column":0},"end":{"line":2,"column":75}},"6":{"start":{"line":3,"column":0},"end":{"line":3,"column":56}},"7":{"start":{"line":5,"column":23},"end":{"line":10,"column":2}},"8":{"start":{"line":13,"column":2},"end":{"line":20,"column":3}},"9":{"start":{"line":14,"column":18},"end":{"line":14,"column":48}},"10":{"start":{"line":15,"column":48},"end":{"line":15,"column":81}},"11":{"start":{"line":16,"column":4},"end":{"line":16,"column":61}},"12":{"start":{"line":17,"column":4},"end":{"line":17,"column":48}},"13":{"start":{"line":19,"column":4},"end":{"line":19,"column":14}},"14":{"start":{"line":24,"column":2},"end":{"line":31,"column":3}},"15":{"start":{"line":25,"column":18},"end":{"line":25,"column":45}},"16":{"start":{"line":26,"column":48},"end":{"line":26,"column":78}},"17":{"start":{"line":27,"column":4},"end":{"line":27,"column":61}},"18":{"start":{"line":28,"column":4},"end":{"line":28,"column":48}},"19":{"start":{"line":30,"column":4},"end":{"line":30,"column":14}},"20":{"start":{"line":35,"column":2},"end":{"line":46,"column":3}},"21":{"start":{"line":36,"column":18},"end":{"line":36,"column":65}},"22":{"start":{"line":37,"column":4},"end":{"line":40,"column":5}},"23":{"start":{"line":38,"column":6},"end":{"line":38,"column":63}},"24":{"start":{"line":39,"column":6},"end":{"line":39,"column":13}},"25":{"start":{"line":41,"column":42},"end":{"line":41,"column":74}},"26":{"start":{"line":42,"column":4},"end":{"line":42,"column":61}},"27":{"start":{"line":43,"column":4},"end":{"line":43,"column":42}},"28":{"start":{"line":45,"column":4},"end":{"line":45,"column":14}},"29":{"start":{"line":50,"column":2},"end":{"line":57,"column":3}},"30":{"start":{"line":51,"column":18},"end":{"line":51,"column":65}},"31":{"start":{"line":52,"column":4},"end":{"line":52,"column":47}},"32":{"start":{"line":52,"column":15},"end":{"line":52,"column":47}},"33":{"start":{"line":53,"column":4},"end":{"line":53,"column":52}},"34":{"start":{"line":54,"column":4},"end":{"line":54,"column":52}},"35":{"start":{"line":56,"column":4},"end":{"line":56,"column":14}},"36":{"start":{"line":61,"column":2},"end":{"line":61,"column":43}}},"fnMap":{"0":{"name":"register","decl":{"start":{"line":12,"column":22},"end":{"line":12,"column":30}},"loc":{"start":{"line":12,"column":78},"end":{"line":21,"column":1}}},"1":{"name":"login","decl":{"start":{"line":23,"column":22},"end":{"line":23,"column":27}},"loc":{"start":{"line":23,"column":75},"end":{"line":32,"column":1}}},"2":{"name":"refresh","decl":{"start":{"line":34,"column":22},"end":{"line":34,"column":29}},"loc":{"start":{"line":34,"column":77},"end":{"line":47,"column":1}}},"3":{"name":"logout","decl":{"start":{"line":49,"column":22},"end":{"line":49,"column":28}},"loc":{"start":{"line":49,"column":76},"end":{"line":58,"column":1}}},"4":{"name":"me","decl":{"start":{"line":60,"column":16},"end":{"line":60,"column":18}},"loc":{"start":{"line":60,"column":46},"end":{"line":62,"column":1}}}},"branchMap":{"0":{"loc":{"start":{"line":7,"column":10},"end":{"line":7,"column":56}},"type":"binary-expr","locations":[{"start":{"line":7,"column":10},"end":{"line":7,"column":15}},{"start":{"line":7,"column":19},"end":{"line":7,"column":56}}]},"1":{"loc":{"start":{"line":37,"column":4},"end":{"line":40,"column":5}},"type":"if","locations":[{"start":{"line":37,"column":4},"end":{"line":40,"column":5}},{"start":{},"end":{}}]},"2":{"loc":{"start":{"line":52,"column":4},"end":{"line":52,"column":47}},"type":"if","locations":[{"start":{"line":52,"column":4},"end":{"line":52,"column":47}},{"start":{},"end":{}}]}},"s":{"0":0,"1":0,"2":0,"3":0,"4":0,"5":0,"6":0,"7":0,"8":0,"9":0,"10":0,"11":0,"12":0,"13":0,"14":0,"15":0,"16":0,"17":0,"18":0,"19":0,"20":0,"21":0,"22":0,"23":0,"24":0,"25":0,"26":0,"27":0,"28":0,"29":0,"30":0,"31":0,"32":0,"33":0,"34":0,"35":0,"36":0},"f":{"0":0,"1":0,"2":0,"3":0,"4":0},"b":{"0":[0,0],"1":[0,0],"2":[0,0]}}
,"/home/kshitiz/Desktop/major/apps/api-service/src/controllers/contest.controller.ts": {"path":"/home/kshitiz/Desktop/major/apps/api-service/src/controllers/contest.controller.ts","statementMap":{"0":{"start":{"line":4,"column":0},"end":{"line":4,"column":7}},"1":{"start":{"line":13,"column":0},"end":{"line":13,"column":7}},"2":{"start":{"line":30,"column":0},"end":{"line":30,"column":7}},"3":{"start":{"line":39,"column":0},"end":{"line":39,"column":7}},"4":{"start":{"line":2,"column":0},"end":{"line":2,"column":62}},"5":{"start":{"line":5,"column":2},"end":{"line":10,"column":3}},"6":{"start":{"line":6,"column":21},"end":{"line":6,"column":56}},"7":{"start":{"line":7,"column":4},"end":{"line":7,"column":27}},"8":{"start":{"line":9,"column":4},"end":{"line":9,"column":14}},"9":{"start":{"line":14,"column":2},"end":{"line":27,"column":3}},"10":{"start":{"line":15,"column":20},"end":{"line":15,"column":66}},"11":{"start":{"line":16,"column":4},"end":{"line":19,"column":5}},"12":{"start":{"line":17,"column":6},"end":{"line":17,"column":59}},"13":{"start":{"line":18,"column":6},"end":{"line":18,"column":13}},"14":{"start":{"line":21,"column":16},"end":{"line":21,"column":26}},"15":{"start":{"line":22,"column":19},"end":{"line":22,"column":99}},"16":{"start":{"line":24,"column":4},"end":{"line":24,"column":50}},"17":{"start":{"line":26,"column":4},"end":{"line":26,"column":14}},"18":{"start":{"line":31,"column":2},"end":{"line":36,"column":3}},"19":{"start":{"line":32,"column":26},"end":{"line":32,"column":87}},"20":{"start":{"line":33,"column":4},"end":{"line":33,"column":32}},"21":{"start":{"line":35,"column":4},"end":{"line":35,"column":14}},"22":{"start":{"line":40,"column":2},"end":{"line":45,"column":3}},"23":{"start":{"line":41,"column":24},"end":{"line":41,"column":74}},"24":{"start":{"line":42,"column":4},"end":{"line":42,"column":30}},"25":{"start":{"line":44,"column":4},"end":{"line":44,"column":14}}},"fnMap":{"0":{"name":"listContests","decl":{"start":{"line":4,"column":22},"end":{"line":4,"column":34}},"loc":{"start":{"line":4,"column":82},"end":{"line":11,"column":1}}},"1":{"name":"getContest","decl":{"start":{"line":13,"column":22},"end":{"line":13,"column":32}},"loc":{"start":{"line":13,"column":80},"end":{"line":28,"column":1}}},"2":{"name":"joinContest","decl":{"start":{"line":30,"column":22},"end":{"line":30,"column":33}},"loc":{"start":{"line":30,"column":81},"end":{"line":37,"column":1}}},"3":{"name":"getLeaderboard","decl":{"start":{"line":39,"column":22},"end":{"line":39,"column":36}},"loc":{"start":{"line":39,"column":84},"end":{"line":46,"column":1}}}},"branchMap":{"0":{"loc":{"start":{"line":16,"column":4},"end":{"line":19,"column":5}},"type":"if","locations":[{"start":{"line":16,"column":4},"end":{"line":19,"column":5}},{"start":{},"end":{}}]},"1":{"loc":{"start":{"line":22,"column":19},"end":{"line":22,"column":99}},"type":"cond-expr","locations":[{"start":{"line":22,"column":43},"end":{"line":22,"column":49}},{"start":{"line":22,"column":52},"end":{"line":22,"column":99}}]},"2":{"loc":{"start":{"line":22,"column":52},"end":{"line":22,"column":99}},"type":"cond-expr","locations":[{"start":{"line":22,"column":78},"end":{"line":22,"column":88}},{"start":{"line":22,"column":91},"end":{"line":22,"column":99}}]}},"s":{"0":0,"1":0,"2":0,"3":0,"4":0,"5":0,"6":0,"7":0,"8":0,"9":0,"10":0,"11":0,"12":0,"13":0,"14":0,"15":0,"16":0,"17":0,"18":0,"19":0,"20":0,"21":0,"22":0,"23":0,"24":0,"25":0},"f":{"0":0,"1":0,"2":0,"3":0},"b":{"0":[0,0],"1":[0,0],"2":[0,0]}}
,"/home/kshitiz/Desktop/major/apps/api-service/src/controllers/problem.controller.ts": {"path":"/home/kshitiz/Desktop/major/apps/api-service/src/controllers/problem.controller.ts","statementMap":{"0":{"start":{"line":4,"column":0},"end":{"line":4,"column":7}},"1":{"start":{"line":13,"column":0},"end":{"line":13,"column":7}},"2":{"start":{"line":26,"column":0},"end":{"line":26,"column":7}},"3":{"start":{"line":47,"column":0},"end":{"line":47,"column":7}},"4":{"start":{"line":2,"column":0},"end":{"line":2,"column":62}},"5":{"start":{"line":5,"column":2},"end":{"line":10,"column":3}},"6":{"start":{"line":6,"column":21},"end":{"line":6,"column":56}},"7":{"start":{"line":7,"column":4},"end":{"line":7,"column":27}},"8":{"start":{"line":9,"column":4},"end":{"line":9,"column":14}},"9":{"start":{"line":14,"column":2},"end":{"line":23,"column":3}},"10":{"start":{"line":15,"column":20},"end":{"line":15,"column":74}},"11":{"start":{"line":16,"column":4},"end":{"line":19,"column":5}},"12":{"start":{"line":17,"column":6},"end":{"line":17,"column":59}},"13":{"start":{"line":18,"column":6},"end":{"line":18,"column":13}},"14":{"start":{"line":20,"column":4},"end":{"line":20,"column":26}},"15":{"start":{"line":22,"column":4},"end":{"line":22,"column":14}},"16":{"start":{"line":27,"column":2},"end":{"line":44,"column":3}},"17":{"start":{"line":28,"column":21},"end":{"line":28,"column":49}},"18":{"start":{"line":29,"column":20},"end":{"line":29,"column":74}},"19":{"start":{"line":30,"column":4},"end":{"line":33,"column":5}},"20":{"start":{"line":31,"column":6},"end":{"line":31,"column":59}},"21":{"start":{"line":32,"column":6},"end":{"line":32,"column":13}},"22":{"start":{"line":35,"column":4},"end":{"line":38,"column":5}},"23":{"start":{"line":36,"column":6},"end":{"line":36,"column":62}},"24":{"start":{"line":37,"column":6},"end":{"line":37,"column":13}},"25":{"start":{"line":40,"column":18},"end":{"line":40,"column":83}},"26":{"start":{"line":41,"column":4},"end":{"line":41,"column":24}},"27":{"start":{"line":43,"column":4},"end":{"line":43,"column":14}},"28":{"start":{"line":48,"column":2},"end":{"line":65,"column":3}},"29":{"start":{"line":49,"column":31},"end":{"line":49,"column":39}},"30":{"start":{"line":50,"column":20},"end":{"line":50,"column":74}},"31":{"start":{"line":51,"column":4},"end":{"line":54,"column":5}},"32":{"start":{"line":52,"column":6},"end":{"line":52,"column":59}},"33":{"start":{"line":53,"column":6},"end":{"line":53,"column":13}},"34":{"start":{"line":56,"column":4},"end":{"line":59,"column":5}},"35":{"start":{"line":57,"column":6},"end":{"line":57,"column":72}},"36":{"start":{"line":58,"column":6},"end":{"line":58,"column":13}},"37":{"start":{"line":61,"column":18},"end":{"line":61,"column":90}},"38":{"start":{"line":62,"column":4},"end":{"line":62,"column":24}},"39":{"start":{"line":64,"column":4},"end":{"line":64,"column":14}}},"fnMap":{"0":{"name":"listProblems","decl":{"start":{"line":4,"column":22},"end":{"line":4,"column":34}},"loc":{"start":{"line":4,"column":82},"end":{"line":11,"column":1}}},"1":{"name":"getProblem","decl":{"start":{"line":13,"column":22},"end":{"line":13,"column":32}},"loc":{"start":{"line":13,"column":80},"end":{"line":24,"column":1}}},"2":{"name":"getDraft","decl":{"start":{"line":26,"column":22},"end":{"line":26,"column":30}},"loc":{"start":{"line":26,"column":78},"end":{"line":45,"column":1}}},"3":{"name":"saveDraft","decl":{"start":{"line":47,"column":22},"end":{"line":47,"column":31}},"loc":{"start":{"line":47,"column":79},"end":{"line":66,"column":1}}}},"branchMap":{"0":{"loc":{"start":{"line":16,"column":4},"end":{"line":19,"column":5}},"type":"if","locations":[{"start":{"line":16,"column":4},"end":{"line":19,"column":5}},{"start":{},"end":{}}]},"1":{"loc":{"start":{"line":30,"column":4},"end":{"line":33,"column":5}},"type":"if","locations":[{"start":{"line":30,"column":4},"end":{"line":33,"column":5}},{"start":{},"end":{}}]},"2":{"loc":{"start":{"line":35,"column":4},"end":{"line":38,"column":5}},"type":"if","locations":[{"start":{"line":35,"column":4},"end":{"line":38,"column":5}},{"start":{},"end":{}}]},"3":{"loc":{"start":{"line":51,"column":4},"end":{"line":54,"column":5}},"type":"if","locations":[{"start":{"line":51,"column":4},"end":{"line":54,"column":5}},{"start":{},"end":{}}]},"4":{"loc":{"start":{"line":56,"column":4},"end":{"line":59,"column":5}},"type":"if","locations":[{"start":{"line":56,"column":4},"end":{"line":59,"column":5}},{"start":{},"end":{}}]},"5":{"loc":{"start":{"line":56,"column":8},"end":{"line":56,"column":26}},"type":"binary-expr","locations":[{"start":{"line":56,"column":8},"end":{"line":56,"column":17}},{"start":{"line":56,"column":21},"end":{"line":56,"column":26}}]}},"s":{"0":0,"1":0,"2":0,"3":0,"4":0,"5":0,"6":0,"7":0,"8":0,"9":0,"10":0,"11":0,"12":0,"13":0,"14":0,"15":0,"16":0,"17":0,"18":0,"19":0,"20":0,"21":0,"22":0,"23":0,"24":0,"25":0,"26":0,"27":0,"28":0,"29":0,"30":0,"31":0,"32":0,"33":0,"34":0,"35":0,"36":0,"37":0,"38":0,"39":0},"f":{"0":0,"1":0,"2":0,"3":0},"b":{"0":[0,0],"1":[0,0],"2":[0,0],"3":[0,0],"4":[0,0],"5":[0,0]}}
,"/home/kshitiz/Desktop/major/apps/api-service/src/controllers/replay.controller.ts": {"path":"/home/kshitiz/Desktop/major/apps/api-service/src/controllers/replay.controller.ts","statementMap":{"0":{"start":{"line":4,"column":0},"end":{"line":4,"column":7}},"1":{"start":{"line":24,"column":0},"end":{"line":24,"column":7}},"2":{"start":{"line":2,"column":0},"end":{"line":2,"column":42}},"3":{"start":{"line":5,"column":2},"end":{"line":21,"column":3}},"4":{"start":{"line":6,"column":23},"end":{"line":6,"column":33}},"5":{"start":{"line":8,"column":21},"end":{"line":16,"column":6}},"6":{"start":{"line":18,"column":4},"end":{"line":18,"column":27}},"7":{"start":{"line":20,"column":4},"end":{"line":20,"column":14}},"8":{"start":{"line":25,"column":2},"end":{"line":45,"column":3}},"9":{"start":{"line":26,"column":26},"end":{"line":26,"column":36}},"10":{"start":{"line":28,"column":20},"end":{"line":30,"column":6}},"11":{"start":{"line":32,"column":4},"end":{"line":35,"column":5}},"12":{"start":{"line":33,"column":6},"end":{"line":33,"column":59}},"13":{"start":{"line":34,"column":6},"end":{"line":34,"column":13}},"14":{"start":{"line":37,"column":19},"end":{"line":40,"column":6}},"15":{"start":{"line":42,"column":4},"end":{"line":42,"column":34}},"16":{"start":{"line":44,"column":4},"end":{"line":44,"column":14}}},"fnMap":{"0":{"name":"listSessions","decl":{"start":{"line":4,"column":22},"end":{"line":4,"column":34}},"loc":{"start":{"line":4,"column":82},"end":{"line":22,"column":1}}},"1":{"name":"getSessionTimeline","decl":{"start":{"line":24,"column":22},"end":{"line":24,"column":40}},"loc":{"start":{"line":24,"column":88},"end":{"line":46,"column":1}}}},"branchMap":{"0":{"loc":{"start":{"line":32,"column":4},"end":{"line":35,"column":5}},"type":"if","locations":[{"start":{"line":32,"column":4},"end":{"line":35,"column":5}},{"start":{},"end":{}}]}},"s":{"0":0,"1":0,"2":0,"3":0,"4":0,"5":0,"6":0,"7":0,"8":0,"9":0,"10":0,"11":0,"12":0,"13":0,"14":0,"15":0,"16":0},"f":{"0":0,"1":0},"b":{"0":[0,0]}}
,"/home/kshitiz/Desktop/major/apps/api-service/src/controllers/room.controller.ts": {"path":"/home/kshitiz/Desktop/major/apps/api-service/src/controllers/room.controller.ts","statementMap":{"0":{"start":{"line":5,"column":0},"end":{"line":5,"column":7}},"1":{"start":{"line":15,"column":0},"end":{"line":15,"column":7}},"2":{"start":{"line":28,"column":0},"end":{"line":28,"column":7}},"3":{"start":{"line":37,"column":0},"end":{"line":37,"column":7}},"4":{"start":{"line":52,"column":0},"end":{"line":52,"column":7}},"5":{"start":{"line":2,"column":0},"end":{"line":2,"column":80}},"6":{"start":{"line":3,"column":0},"end":{"line":3,"column":56}},"7":{"start":{"line":6,"column":2},"end":{"line":12,"column":3}},"8":{"start":{"line":7,"column":18},"end":{"line":7,"column":50}},"9":{"start":{"line":8,"column":17},"end":{"line":8,"column":66}},"10":{"start":{"line":9,"column":4},"end":{"line":9,"column":35}},"11":{"start":{"line":11,"column":4},"end":{"line":11,"column":14}},"12":{"start":{"line":16,"column":2},"end":{"line":25,"column":3}},"13":{"start":{"line":17,"column":17},"end":{"line":17,"column":61}},"14":{"start":{"line":18,"column":4},"end":{"line":21,"column":5}},"15":{"start":{"line":19,"column":6},"end":{"line":19,"column":56}},"16":{"start":{"line":20,"column":6},"end":{"line":20,"column":13}},"17":{"start":{"line":22,"column":4},"end":{"line":22,"column":23}},"18":{"start":{"line":24,"column":4},"end":{"line":24,"column":14}},"19":{"start":{"line":29,"column":2},"end":{"line":34,"column":3}},"20":{"start":{"line":30,"column":18},"end":{"line":30,"column":62}},"21":{"start":{"line":31,"column":4},"end":{"line":31,"column":24}},"22":{"start":{"line":33,"column":4},"end":{"line":33,"column":14}},"23":{"start":{"line":38,"column":2},"end":{"line":49,"column":3}},"24":{"start":{"line":39,"column":24},"end":{"line":39,"column":53}},"25":{"start":{"line":40,"column":4},"end":{"line":43,"column":5}},"26":{"start":{"line":41,"column":6},"end":{"line":41,"column":54}},"27":{"start":{"line":42,"column":6},"end":{"line":42,"column":13}},"28":{"start":{"line":44,"column":18},"end":{"line":44,"column":48}},"29":{"start":{"line":45,"column":21},"end":{"line":45,"column":73}},"30":{"start":{"line":46,"column":4},"end":{"line":46,"column":39}},"31":{"start":{"line":48,"column":4},"end":{"line":48,"column":14}},"32":{"start":{"line":53,"column":2},"end":{"line":62,"column":3}},"33":{"start":{"line":54,"column":21},"end":{"line":54,"column":71}},"34":{"start":{"line":55,"column":4},"end":{"line":58,"column":5}},"35":{"start":{"line":56,"column":6},"end":{"line":56,"column":59}},"36":{"start":{"line":57,"column":6},"end":{"line":57,"column":13}},"37":{"start":{"line":59,"column":4},"end":{"line":59,"column":27}},"38":{"start":{"line":61,"column":4},"end":{"line":61,"column":14}}},"fnMap":{"0":{"name":"createRoom","decl":{"start":{"line":5,"column":22},"end":{"line":5,"column":32}},"loc":{"start":{"line":5,"column":80},"end":{"line":13,"column":1}}},"1":{"name":"getRoom","decl":{"start":{"line":15,"column":22},"end":{"line":15,"column":29}},"loc":{"start":{"line":15,"column":77},"end":{"line":26,"column":1}}},"2":{"name":"listRooms","decl":{"start":{"line":28,"column":22},"end":{"line":28,"column":31}},"loc":{"start":{"line":28,"column":79},"end":{"line":35,"column":1}}},"3":{"name":"saveSnapshot","decl":{"start":{"line":37,"column":22},"end":{"line":37,"column":34}},"loc":{"start":{"line":37,"column":82},"end":{"line":50,"column":1}}},"4":{"name":"getSnapshot","decl":{"start":{"line":52,"column":22},"end":{"line":52,"column":33}},"loc":{"start":{"line":52,"column":81},"end":{"line":63,"column":1}}}},"branchMap":{"0":{"loc":{"start":{"line":18,"column":4},"end":{"line":21,"column":5}},"type":"if","locations":[{"start":{"line":18,"column":4},"end":{"line":21,"column":5}},{"start":{},"end":{}}]},"1":{"loc":{"start":{"line":40,"column":4},"end":{"line":43,"column":5}},"type":"if","locations":[{"start":{"line":40,"column":4},"end":{"line":43,"column":5}},{"start":{},"end":{}}]},"2":{"loc":{"start":{"line":55,"column":4},"end":{"line":58,"column":5}},"type":"if","locations":[{"start":{"line":55,"column":4},"end":{"line":58,"column":5}},{"start":{},"end":{}}]}},"s":{"0":0,"1":0,"2":0,"3":0,"4":0,"5":0,"6":0,"7":0,"8":0,"9":0,"10":0,"11":0,"12":0,"13":0,"14":0,"15":0,"16":0,"17":0,"18":0,"19":0,"20":0,"21":0,"22":0,"23":0,"24":0,"25":0,"26":0,"27":0,"28":0,"29":0,"30":0,"31":0,"32":0,"33":0,"34":0,"35":0,"36":0,"37":0,"38":0},"f":{"0":0,"1":0,"2":0,"3":0,"4":0},"b":{"0":[0,0],"1":[0,0],"2":[0,0]}}
,"/home/kshitiz/Desktop/major/apps/api-service/src/controllers/submission.controller.ts": {"path":"/home/kshitiz/Desktop/major/apps/api-service/src/controllers/submission.controller.ts","statementMap":{"0":{"start":{"line":9,"column":0},"end":{"line":9,"column":7}},"1":{"start":{"line":48,"column":0},"end":{"line":48,"column":7}},"2":{"start":{"line":61,"column":0},"end":{"line":61,"column":7}},"3":{"start":{"line":70,"column":0},"end":{"line":70,"column":7}},"4":{"start":{"line":80,"column":0},"end":{"line":80,"column":7}},"5":{"start":{"line":95,"column":0},"end":{"line":95,"column":7}},"6":{"start":{"line":104,"column":0},"end":{"line":104,"column":7}},"7":{"start":{"line":2,"column":0},"end":{"line":2,"column":96}},"8":{"start":{"line":3,"column":0},"end":{"line":3,"column":68}},"9":{"start":{"line":4,"column":0},"end":{"line":4,"column":52}},"10":{"start":{"line":5,"column":0},"end":{"line":5,"column":54}},"11":{"start":{"line":7,"column":0},"end":{"line":7,"column":42}},"12":{"start":{"line":10,"column":2},"end":{"line":45,"column":3}},"13":{"start":{"line":11,"column":18},"end":{"line":11,"column":56}},"14":{"start":{"line":12,"column":23},"end":{"line":12,"column":84}},"15":{"start":{"line":17,"column":4},"end":{"line":30,"column":5}},"16":{"start":{"line":18,"column":22},"end":{"line":21,"column":8}},"17":{"start":{"line":22,"column":6},"end":{"line":29,"column":7}},"18":{"start":{"line":23,"column":8},"end":{"line":23,"column":35}},"19":{"start":{"line":24,"column":8},"end":{"line":28,"column":12}},"20":{"start":{"line":24,"column":49},"end":{"line":28,"column":10}},"21":{"start":{"line":32,"column":4},"end":{"line":40,"column":7}},"22":{"start":{"line":42,"column":4},"end":{"line":42,"column":41}},"23":{"start":{"line":44,"column":4},"end":{"line":44,"column":14}},"24":{"start":{"line":49,"column":2},"end":{"line":58,"column":3}},"25":{"start":{"line":50,"column":23},"end":{"line":50,"column":79}},"26":{"start":{"line":51,"column":4},"end":{"line":54,"column":5}},"27":{"start":{"line":52,"column":6},"end":{"line":52,"column":62}},"28":{"start":{"line":53,"column":6},"end":{"line":53,"column":13}},"29":{"start":{"line":55,"column":4},"end":{"line":55,"column":29}},"30":{"start":{"line":57,"column":4},"end":{"line":57,"column":14}},"31":{"start":{"line":62,"column":2},"end":{"line":67,"column":3}},"32":{"start":{"line":63,"column":24},"end":{"line":63,"column":80}},"33":{"start":{"line":64,"column":4},"end":{"line":64,"column":30}},"34":{"start":{"line":66,"column":4},"end":{"line":66,"column":14}},"35":{"start":{"line":71,"column":2},"end":{"line":77,"column":3}},"36":{"start":{"line":73,"column":24},"end":{"line":73,"column":85}},"37":{"start":{"line":74,"column":4},"end":{"line":74,"column":30}},"38":{"start":{"line":76,"column":4},"end":{"line":76,"column":14}},"39":{"start":{"line":81,"column":2},"end":{"line":92,"column":3}},"40":{"start":{"line":82,"column":24},"end":{"line":82,"column":53}},"41":{"start":{"line":83,"column":4},"end":{"line":86,"column":5}},"42":{"start":{"line":84,"column":6},"end":{"line":84,"column":54}},"43":{"start":{"line":85,"column":6},"end":{"line":85,"column":13}},"44":{"start":{"line":87,"column":18},"end":{"line":87,"column":52}},"45":{"start":{"line":88,"column":23},"end":{"line":88,"column":91}},"46":{"start":{"line":89,"column":4},"end":{"line":89,"column":29}},"47":{"start":{"line":91,"column":4},"end":{"line":91,"column":14}},"48":{"start":{"line":96,"column":2},"end":{"line":101,"column":3}},"49":{"start":{"line":97,"column":21},"end":{"line":97,"column":68}},"50":{"start":{"line":98,"column":4},"end":{"line":98,"column":27}},"51":{"start":{"line":100,"column":4},"end":{"line":100,"column":14}},"52":{"start":{"line":105,"column":2},"end":{"line":111,"column":3}},"53":{"start":{"line":106,"column":21},"end":{"line":106,"column":73}},"54":{"start":{"line":107,"column":4},"end":{"line":107,"column":27}},"55":{"start":{"line":109,"column":4},"end":{"line":109,"column":53}},"56":{"start":{"line":110,"column":4},"end":{"line":110,"column":67}}},"fnMap":{"0":{"name":"createSubmission","decl":{"start":{"line":9,"column":22},"end":{"line":9,"column":38}},"loc":{"start":{"line":9,"column":86},"end":{"line":46,"column":1}}},"1":{"name":"(anonymous_10)","decl":{"start":{"line":24,"column":42},"end":{"line":24,"column":44}},"loc":{"start":{"line":24,"column":49},"end":{"line":28,"column":10}}},"2":{"name":"getSubmission","decl":{"start":{"line":48,"column":22},"end":{"line":48,"column":35}},"loc":{"start":{"line":48,"column":83},"end":{"line":59,"column":1}}},"3":{"name":"listSubmissions","decl":{"start":{"line":61,"column":22},"end":{"line":61,"column":37}},"loc":{"start":{"line":61,"column":85},"end":{"line":68,"column":1}}},"4":{"name":"getRoomSubmissions","decl":{"start":{"line":70,"column":22},"end":{"line":70,"column":40}},"loc":{"start":{"line":70,"column":88},"end":{"line":78,"column":1}}},"5":{"name":"updateStatus","decl":{"start":{"line":80,"column":22},"end":{"line":80,"column":34}},"loc":{"start":{"line":80,"column":82},"end":{"line":93,"column":1}}},"6":{"name":"getFeedback","decl":{"start":{"line":95,"column":22},"end":{"line":95,"column":33}},"loc":{"start":{"line":95,"column":81},"end":{"line":102,"column":1}}},"7":{"name":"getErrorFeedback","decl":{"start":{"line":104,"column":22},"end":{"line":104,"column":38}},"loc":{"start":{"line":104,"column":86},"end":{"line":112,"column":1}}}},"branchMap":{"0":{"loc":{"start":{"line":17,"column":4},"end":{"line":30,"column":5}},"type":"if","locations":[{"start":{"line":17,"column":4},"end":{"line":30,"column":5}},{"start":{},"end":{}}]},"1":{"loc":{"start":{"line":22,"column":6},"end":{"line":29,"column":7}},"type":"if","locations":[{"start":{"line":22,"column":6},"end":{"line":29,"column":7}},{"start":{},"end":{}}]},"2":{"loc":{"start":{"line":35,"column":14},"end":{"line":35,"column":44}},"type":"binary-expr","locations":[{"start":{"line":35,"column":14},"end":{"line":35,"column":31}},{"start":{"line":35,"column":35},"end":{"line":35,"column":44}}]},"3":{"loc":{"start":{"line":51,"column":4},"end":{"line":54,"column":5}},"type":"if","locations":[{"start":{"line":51,"column":4},"end":{"line":54,"column":5}},{"start":{},"end":{}}]},"4":{"loc":{"start":{"line":83,"column":4},"end":{"line":86,"column":5}},"type":"if","locations":[{"start":{"line":83,"column":4},"end":{"line":86,"column":5}},{"start":{},"end":{}}]}},"s":{"0":0,"1":0,"2":0,"3":0,"4":0,"5":0,"6":0,"7":0,"8":0,"9":0,"10":0,"11":0,"12":0,"13":0,"14":0,"15":0,"16":0,"17":0,"18":0,"19":0,"20":0,"21":0,"22":0,"23":0,"24":0,"25":0,"26":0,"27":0,"28":0,"29":0,"30":0,"31":0,"32":0,"33":0,"34":0,"35":0,"36":0,"37":0,"38":0,"39":0,"40":0,"41":0,"42":0,"43":0,"44":0,"45":0,"46":0,"47":0,"48":0,"49":0,"50":0,"51":0,"52":0,"53":0,"54":0,"55":0,"56":0},"f":{"0":0,"1":0,"2":0,"3":0,"4":0,"5":0,"6":0,"7":0},"b":{"0":[0,0],"1":[0,0],"2":[0,0],"3":[0,0],"4":[0,0]}}
,"/home/kshitiz/Desktop/major/apps/api-service/src/middleware/authenticate.ts": {"path":"/home/kshitiz/Desktop/major/apps/api-service/src/middleware/authenticate.ts","statementMap":{"0":{"start":{"line":5,"column":0},"end":{"line":5,"column":7}},"1":{"start":{"line":2,"column":0},"end":{"line":2,"column":49}},"2":{"start":{"line":3,"column":0},"end":{"line":3,"column":42}},"3":{"start":{"line":6,"column":21},"end":{"line":6,"column":46}},"4":{"start":{"line":8,"column":2},"end":{"line":11,"column":3}},"5":{"start":{"line":9,"column":4},"end":{"line":9,"column":81}},"6":{"start":{"line":10,"column":4},"end":{"line":10,"column":11}},"7":{"start":{"line":13,"column":16},"end":{"line":13,"column":40}},"8":{"start":{"line":15,"column":2},"end":{"line":29,"column":3}},"9":{"start":{"line":16,"column":20},"end":{"line":16,"column":44}},"10":{"start":{"line":19,"column":17},"end":{"line":19,"column":77}},"11":{"start":{"line":20,"column":4},"end":{"line":23,"column":5}},"12":{"start":{"line":21,"column":6},"end":{"line":21,"column":85}},"13":{"start":{"line":22,"column":6},"end":{"line":22,"column":13}},"14":{"start":{"line":25,"column":4},"end":{"line":25,"column":67}},"15":{"start":{"line":26,"column":4},"end":{"line":26,"column":11}},"16":{"start":{"line":28,"column":4},"end":{"line":28,"column":71}}},"fnMap":{"0":{"name":"authenticate","decl":{"start":{"line":5,"column":22},"end":{"line":5,"column":34}},"loc":{"start":{"line":5,"column":82},"end":{"line":30,"column":1}}}},"branchMap":{"0":{"loc":{"start":{"line":8,"column":2},"end":{"line":11,"column":3}},"type":"if","locations":[{"start":{"line":8,"column":2},"end":{"line":11,"column":3}},{"start":{},"end":{}}]},"1":{"loc":{"start":{"line":20,"column":4},"end":{"line":23,"column":5}},"type":"if","locations":[{"start":{"line":20,"column":4},"end":{"line":23,"column":5}},{"start":{},"end":{}}]}},"s":{"0":0,"1":0,"2":0,"3":0,"4":0,"5":0,"6":0,"7":0,"8":0,"9":0,"10":0,"11":0,"12":0,"13":0,"14":0,"15":0,"16":0},"f":{"0":0},"b":{"0":[0,0],"1":[0,0]}}
,"/home/kshitiz/Desktop/major/apps/api-service/src/middleware/authorize.ts": {"path":"/home/kshitiz/Desktop/major/apps/api-service/src/middleware/authorize.ts","statementMap":{"0":{"start":{"line":4,"column":0},"end":{"line":4,"column":16}},"1":{"start":{"line":5,"column":2},"end":{"line":15,"column":4}},"2":{"start":{"line":6,"column":4},"end":{"line":9,"column":5}},"3":{"start":{"line":7,"column":6},"end":{"line":7,"column":57}},"4":{"start":{"line":8,"column":6},"end":{"line":8,"column":13}},"5":{"start":{"line":10,"column":4},"end":{"line":13,"column":5}},"6":{"start":{"line":11,"column":6},"end":{"line":11,"column":66}},"7":{"start":{"line":12,"column":6},"end":{"line":12,"column":13}},"8":{"start":{"line":14,"column":4},"end":{"line":14,"column":11}}},"fnMap":{"0":{"name":"authorize","decl":{"start":{"line":4,"column":16},"end":{"line":4,"column":25}},"loc":{"start":{"line":4,"column":42},"end":{"line":16,"column":1}}},"1":{"name":"(anonymous_1)","decl":{"start":{"line":5,"column":9},"end":{"line":5,"column":10}},"loc":{"start":{"line":5,"column":67},"end":{"line":15,"column":3}}}},"branchMap":{"0":{"loc":{"start":{"line":6,"column":4},"end":{"line":9,"column":5}},"type":"if","locations":[{"start":{"line":6,"column":4},"end":{"line":9,"column":5}},{"start":{},"end":{}}]},"1":{"loc":{"start":{"line":10,"column":4},"end":{"line":13,"column":5}},"type":"if","locations":[{"start":{"line":10,"column":4},"end":{"line":13,"column":5}},{"start":{},"end":{}}]}},"s":{"0":0,"1":0,"2":0,"3":0,"4":0,"5":0,"6":0,"7":0,"8":0},"f":{"0":0,"1":0},"b":{"0":[0,0],"1":[0,0]}}
,"/home/kshitiz/Desktop/major/apps/api-service/src/middleware/error.middleware.ts": {"path":"/home/kshitiz/Desktop/major/apps/api-service/src/middleware/error.middleware.ts","statementMap":{"0":{"start":{"line":8,"column":0},"end":{"line":8,"column":16}},"1":{"start":{"line":2,"column":0},"end":{"line":2,"column":31}},"2":{"start":{"line":14,"column":2},"end":{"line":20,"column":3}},"3":{"start":{"line":15,"column":4},"end":{"line":18,"column":7}},"4":{"start":{"line":17,"column":42},"end":{"line":17,"column":97}},"5":{"start":{"line":19,"column":4},"end":{"line":19,"column":11}},"6":{"start":{"line":22,"column":21},"end":{"line":22,"column":42}},"7":{"start":{"line":23,"column":18},"end":{"line":23,"column":74}},"8":{"start":{"line":25,"column":2},"end":{"line":30,"column":3}},"9":{"start":{"line":26,"column":4},"end":{"line":26,"column":34}},"10":{"start":{"line":27,"column":4},"end":{"line":29,"column":17}},"11":{"start":{"line":28,"column":6},"end":{"line":28,"column":137}},"12":{"start":{"line":32,"column":2},"end":{"line":32,"column":50}}},"fnMap":{"0":{"name":"errorMiddleware","decl":{"start":{"line":8,"column":16},"end":{"line":8,"column":31}},"loc":{"start":{"line":12,"column":21},"end":{"line":33,"column":1}}},"1":{"name":"(anonymous_1)","decl":{"start":{"line":17,"column":30},"end":{"line":17,"column":31}},"loc":{"start":{"line":17,"column":42},"end":{"line":17,"column":97}}}},"branchMap":{"0":{"loc":{"start":{"line":14,"column":2},"end":{"line":20,"column":3}},"type":"if","locations":[{"start":{"line":14,"column":2},"end":{"line":20,"column":3}},{"start":{},"end":{}}]},"1":{"loc":{"start":{"line":22,"column":21},"end":{"line":22,"column":42}},"type":"binary-expr","locations":[{"start":{"line":22,"column":21},"end":{"line":22,"column":35}},{"start":{"line":22,"column":39},"end":{"line":22,"column":42}}]},"2":{"loc":{"start":{"line":23,"column":18},"end":{"line":23,"column":74}},"type":"cond-expr","locations":[{"start":{"line":23,"column":37},"end":{"line":23,"column":48}},{"start":{"line":23,"column":51},"end":{"line":23,"column":74}}]},"3":{"loc":{"start":{"line":25,"column":2},"end":{"line":30,"column":3}},"type":"if","locations":[{"start":{"line":25,"column":2},"end":{"line":30,"column":3}},{"start":{},"end":{}}]},"4":{"loc":{"start":{"line":28,"column":99},"end":{"line":28,"column":123}},"type":"binary-expr","locations":[{"start":{"line":28,"column":99},"end":{"line":28,"column":108}},{"start":{"line":28,"column":112},"end":{"line":28,"column":123}}]}},"s":{"0":0,"1":0,"2":0,"3":0,"4":0,"5":0,"6":0,"7":0,"8":0,"9":0,"10":0,"11":0,"12":0},"f":{"0":0,"1":0},"b":{"0":[0,0],"1":[0,0],"2":[0,0],"3":[0,0],"4":[0,0]}}
,"/home/kshitiz/Desktop/major/apps/api-service/src/prisma/client.ts": {"path":"/home/kshitiz/Desktop/major/apps/api-service/src/prisma/client.ts","statementMap":{"0":{"start":{"line":1,"column":0},"end":{"line":1,"column":46}},"1":{"start":{"line":3,"column":24},"end":{"line":3,"column":69}},"2":{"start":{"line":5,"column":13},"end":{"line":9,"column":5}},"3":{"start":{"line":11,"column":0},"end":{"line":13,"column":1}},"4":{"start":{"line":12,"column":2},"end":{"line":12,"column":34}}},"fnMap":{},"branchMap":{"0":{"loc":{"start":{"line":6,"column":2},"end":{"line":9,"column":4}},"type":"binary-expr","locations":[{"start":{"line":6,"column":2},"end":{"line":6,"column":24}},{"start":{"line":7,"column":2},"end":{"line":9,"column":4}}]},"1":{"loc":{"start":{"line":8,"column":9},"end":{"line":8,"column":88}},"type":"cond-expr","locations":[{"start":{"line":8,"column":50},"end":{"line":8,"column":76}},{"start":{"line":8,"column":79},"end":{"line":8,"column":88}}]},"2":{"loc":{"start":{"line":11,"column":0},"end":{"line":13,"column":1}},"type":"if","locations":[{"start":{"line":11,"column":0},"end":{"line":13,"column":1}},{"start":{},"end":{}}]}},"s":{"0":0,"1":0,"2":0,"3":0,"4":0},"f":{},"b":{"0":[0,0],"1":[0,0],"2":[0,0]}}
,"/home/kshitiz/Desktop/major/apps/api-service/src/queue/producer.ts": {"path":"/home/kshitiz/Desktop/major/apps/api-service/src/queue/producer.ts","statementMap":{"0":{"start":{"line":22,"column":0},"end":{"line":22,"column":7}},"1":{"start":{"line":1,"column":0},"end":{"line":1,"column":31}},"2":{"start":{"line":2,"column":0},"end":{"line":2,"column":30}},"3":{"start":{"line":3,"column":0},"end":{"line":3,"column":36}},"4":{"start":{"line":6,"column":13},"end":{"line":6,"column":43}},"5":{"start":{"line":8,"column":19},"end":{"line":10,"column":2}},"6":{"start":{"line":12,"column":14},"end":{"line":20,"column":2}},"7":{"start":{"line":23,"column":14},"end":{"line":25,"column":4}},"8":{"start":{"line":26,"column":2},"end":{"line":26,"column":40}}},"fnMap":{"0":{"name":"enqueueSubmission","decl":{"start":{"line":22,"column":22},"end":{"line":22,"column":39}},"loc":{"start":{"line":22,"column":64},"end":{"line":27,"column":1}}}},"branchMap":{"0":{"loc":{"start":{"line":26,"column":9},"end":{"line":26,"column":39}},"type":"binary-expr","locations":[{"start":{"line":26,"column":9},"end":{"line":26,"column":15}},{"start":{"line":26,"column":19},"end":{"line":26,"column":39}}]}},"s":{"0":0,"1":0,"2":0,"3":0,"4":0,"5":0,"6":0,"7":0,"8":0},"f":{"0":0},"b":{"0":[0,0]}}
,"/home/kshitiz/Desktop/major/apps/api-service/src/redis/pubsub.ts": {"path":"/home/kshitiz/Desktop/major/apps/api-service/src/redis/pubsub.ts","statementMap":{"0":{"start":{"line":1,"column":0},"end":{"line":1,"column":28}},"1":{"start":{"line":2,"column":0},"end":{"line":2,"column":36}},"2":{"start":{"line":4,"column":13},"end":{"line":4,"column":54}},"3":{"start":{"line":6,"column":0},"end":{"line":8,"column":3}},"4":{"start":{"line":7,"column":2},"end":{"line":7,"column":49}}},"fnMap":{"0":{"name":"(anonymous_1)","decl":{"start":{"line":6,"column":27},"end":{"line":6,"column":28}},"loc":{"start":{"line":6,"column":35},"end":{"line":8,"column":1}}}},"branchMap":{},"s":{"0":0,"1":0,"2":0,"3":0,"4":0},"f":{"0":0},"b":{}}
,"/home/kshitiz/Desktop/major/apps/api-service/src/routes/auth.routes.ts": {"path":"/home/kshitiz/Desktop/major/apps/api-service/src/routes/auth.routes.ts","statementMap":{"0":{"start":{"line":1,"column":0},"end":{"line":1,"column":33}},"1":{"start":{"line":2,"column":0},"end":{"line":2,"column":65}},"2":{"start":{"line":3,"column":0},"end":{"line":3,"column":58}},"3":{"start":{"line":5,"column":15},"end":{"line":5,"column":23}},"4":{"start":{"line":7,"column":0},"end":{"line":7,"column":50}},"5":{"start":{"line":8,"column":0},"end":{"line":8,"column":44}},"6":{"start":{"line":9,"column":0},"end":{"line":9,"column":48}},"7":{"start":{"line":10,"column":0},"end":{"line":10,"column":46}},"8":{"start":{"line":13,"column":0},"end":{"line":13,"column":51}},"9":{"start":{"line":15,"column":0},"end":{"line":15,"column":22}}},"fnMap":{},"branchMap":{},"s":{"0":0,"1":0,"2":0,"3":0,"4":0,"5":0,"6":0,"7":0,"8":0,"9":0},"f":{},"b":{}}
,"/home/kshitiz/Desktop/major/apps/api-service/src/routes/contest.routes.ts": {"path":"/home/kshitiz/Desktop/major/apps/api-service/src/routes/contest.routes.ts","statementMap":{"0":{"start":{"line":1,"column":0},"end":{"line":1,"column":33}},"1":{"start":{"line":2,"column":0},"end":{"line":2,"column":58}},"2":{"start":{"line":3,"column":0},"end":{"line":3,"column":106}},"3":{"start":{"line":5,"column":15},"end":{"line":5,"column":23}},"4":{"start":{"line":7,"column":0},"end":{"line":7,"column":44}},"5":{"start":{"line":8,"column":0},"end":{"line":8,"column":45}},"6":{"start":{"line":9,"column":0},"end":{"line":9,"column":52}},"7":{"start":{"line":10,"column":0},"end":{"line":10,"column":61}},"8":{"start":{"line":12,"column":0},"end":{"line":12,"column":22}}},"fnMap":{},"branchMap":{},"s":{"0":0,"1":0,"2":0,"3":0,"4":0,"5":0,"6":0,"7":0,"8":0},"f":{},"b":{}}
,"/home/kshitiz/Desktop/major/apps/api-service/src/routes/health.ts": {"path":"/home/kshitiz/Desktop/major/apps/api-service/src/routes/health.ts","statementMap":{"0":{"start":{"line":1,"column":0},"end":{"line":1,"column":52}},"1":{"start":{"line":3,"column":15},"end":{"line":3,"column":23}},"2":{"start":{"line":5,"column":0},"end":{"line":11,"column":3}},"3":{"start":{"line":6,"column":2},"end":{"line":10,"column":5}},"4":{"start":{"line":13,"column":0},"end":{"line":13,"column":22}}},"fnMap":{"0":{"name":"(anonymous_0)","decl":{"start":{"line":5,"column":16},"end":{"line":5,"column":17}},"loc":{"start":{"line":5,"column":48},"end":{"line":11,"column":1}}}},"branchMap":{},"s":{"0":0,"1":0,"2":0,"3":0,"4":0},"f":{"0":0},"b":{}}
,"/home/kshitiz/Desktop/major/apps/api-service/src/routes/index.ts": {"path":"/home/kshitiz/Desktop/major/apps/api-service/src/routes/index.ts","statementMap":{"0":{"start":{"line":1,"column":0},"end":{"line":1,"column":33}},"1":{"start":{"line":2,"column":0},"end":{"line":2,"column":39}},"2":{"start":{"line":3,"column":0},"end":{"line":3,"column":36}},"3":{"start":{"line":4,"column":0},"end":{"line":4,"column":39}},"4":{"start":{"line":5,"column":0},"end":{"line":5,"column":51}},"5":{"start":{"line":6,"column":0},"end":{"line":6,"column":45}},"6":{"start":{"line":7,"column":0},"end":{"line":7,"column":45}},"7":{"start":{"line":8,"column":0},"end":{"line":8,"column":43}},"8":{"start":{"line":10,"column":15},"end":{"line":10,"column":23}},"9":{"start":{"line":12,"column":0},"end":{"line":12,"column":36}},"10":{"start":{"line":13,"column":0},"end":{"line":13,"column":32}},"11":{"start":{"line":14,"column":0},"end":{"line":14,"column":33}},"12":{"start":{"line":15,"column":0},"end":{"line":15,"column":45}},"13":{"start":{"line":16,"column":0},"end":{"line":16,"column":39}},"14":{"start":{"line":17,"column":0},"end":{"line":17,"column":39}},"15":{"start":{"line":18,"column":0},"end":{"line":18,"column":37}},"16":{"start":{"line":20,"column":0},"end":{"line":20,"column":22}}},"fnMap":{},"branchMap":{},"s":{"0":0,"1":0,"2":0,"3":0,"4":0,"5":0,"6":0,"7":0,"8":0,"9":0,"10":0,"11":0,"12":0,"13":0,"14":0,"15":0,"16":0},"f":{},"b":{}}
,"/home/kshitiz/Desktop/major/apps/api-service/src/routes/problem.routes.ts": {"path":"/home/kshitiz/Desktop/major/apps/api-service/src/routes/problem.routes.ts","statementMap":{"0":{"start":{"line":1,"column":0},"end":{"line":1,"column":33}},"1":{"start":{"line":2,"column":0},"end":{"line":2,"column":58}},"2":{"start":{"line":3,"column":0},"end":{"line":3,"column":98}},"3":{"start":{"line":5,"column":15},"end":{"line":5,"column":23}},"4":{"start":{"line":7,"column":0},"end":{"line":7,"column":44}},"5":{"start":{"line":8,"column":0},"end":{"line":8,"column":47}},"6":{"start":{"line":9,"column":0},"end":{"line":9,"column":51}},"7":{"start":{"line":10,"column":0},"end":{"line":10,"column":52}},"8":{"start":{"line":12,"column":0},"end":{"line":12,"column":22}}},"fnMap":{},"branchMap":{},"s":{"0":0,"1":0,"2":0,"3":0,"4":0,"5":0,"6":0,"7":0,"8":0},"f":{},"b":{}}
,"/home/kshitiz/Desktop/major/apps/api-service/src/routes/replay.routes.ts": {"path":"/home/kshitiz/Desktop/major/apps/api-service/src/routes/replay.routes.ts","statementMap":{"0":{"start":{"line":1,"column":0},"end":{"line":1,"column":33}},"1":{"start":{"line":2,"column":0},"end":{"line":2,"column":69}},"2":{"start":{"line":3,"column":0},"end":{"line":3,"column":58}},"3":{"start":{"line":5,"column":15},"end":{"line":5,"column":23}},"4":{"start":{"line":9,"column":0},"end":{"line":9,"column":25}},"5":{"start":{"line":11,"column":0},"end":{"line":11,"column":54}},"6":{"start":{"line":12,"column":0},"end":{"line":12,"column":71}},"7":{"start":{"line":14,"column":0},"end":{"line":14,"column":22}}},"fnMap":{},"branchMap":{},"s":{"0":0,"1":0,"2":0,"3":0,"4":0,"5":0,"6":0,"7":0},"f":{},"b":{}}
,"/home/kshitiz/Desktop/major/apps/api-service/src/routes/room.routes.ts": {"path":"/home/kshitiz/Desktop/major/apps/api-service/src/routes/room.routes.ts","statementMap":{"0":{"start":{"line":1,"column":0},"end":{"line":1,"column":33}},"1":{"start":{"line":2,"column":0},"end":{"line":2,"column":58}},"2":{"start":{"line":3,"column":0},"end":{"line":3,"column":107}},"3":{"start":{"line":4,"column":0},"end":{"line":4,"column":74}},"4":{"start":{"line":6,"column":15},"end":{"line":6,"column":23}},"5":{"start":{"line":8,"column":0},"end":{"line":8,"column":43}},"6":{"start":{"line":9,"column":0},"end":{"line":9,"column":41}},"7":{"start":{"line":10,"column":0},"end":{"line":10,"column":42}},"8":{"start":{"line":11,"column":0},"end":{"line":11,"column":43}},"9":{"start":{"line":12,"column":0},"end":{"line":12,"column":55}},"10":{"start":{"line":13,"column":0},"end":{"line":13,"column":69}},"11":{"start":{"line":15,"column":0},"end":{"line":15,"column":22}}},"fnMap":{},"branchMap":{},"s":{"0":0,"1":0,"2":0,"3":0,"4":0,"5":0,"6":0,"7":0,"8":0,"9":0,"10":0,"11":0},"f":{},"b":{}}
,"/home/kshitiz/Desktop/major/apps/api-service/src/routes/submission.routes.ts": {"path":"/home/kshitiz/Desktop/major/apps/api-service/src/routes/submission.routes.ts","statementMap":{"0":{"start":{"line":1,"column":0},"end":{"line":1,"column":33}},"1":{"start":{"line":2,"column":0},"end":{"line":2,"column":58}},"2":{"start":{"line":3,"column":0},"end":{"line":3,"column":null}},"3":{"start":{"line":12,"column":15},"end":{"line":12,"column":23}},"4":{"start":{"line":14,"column":0},"end":{"line":14,"column":49}},"5":{"start":{"line":15,"column":0},"end":{"line":15,"column":47}},"6":{"start":{"line":16,"column":0},"end":{"line":16,"column":48}},"7":{"start":{"line":17,"column":0},"end":{"line":17,"column":55}},"8":{"start":{"line":18,"column":0},"end":{"line":18,"column":66}},"9":{"start":{"line":19,"column":0},"end":{"line":19,"column":42}},"10":{"start":{"line":21,"column":0},"end":{"line":21,"column":22}}},"fnMap":{},"branchMap":{},"s":{"0":0,"1":0,"2":0,"3":0,"4":0,"5":0,"6":0,"7":0,"8":0,"9":0,"10":0},"f":{},"b":{}}
,"/home/kshitiz/Desktop/major/apps/api-service/src/services/ai.service.ts": {"path":"/home/kshitiz/Desktop/major/apps/api-service/src/services/ai.service.ts","statementMap":{"0":{"start":{"line":28,"column":0},"end":{"line":28,"column":7}},"1":{"start":{"line":152,"column":0},"end":{"line":152,"column":7}},"2":{"start":{"line":1,"column":0},"end":{"line":1,"column":59}},"3":{"start":{"line":2,"column":0},"end":{"line":2,"column":24}},"4":{"start":{"line":3,"column":0},"end":{"line":3,"column":42}},"5":{"start":{"line":4,"column":0},"end":{"line":4,"column":36}},"6":{"start":{"line":7,"column":0},"end":{"line":7,"column":110}},"7":{"start":{"line":8,"column":0},"end":{"line":8,"column":110}},"8":{"start":{"line":9,"column":0},"end":{"line":9,"column":102}},"9":{"start":{"line":10,"column":0},"end":{"line":10,"column":122}},"10":{"start":{"line":11,"column":0},"end":{"line":11,"column":106}},"11":{"start":{"line":12,"column":0},"end":{"line":12,"column":98}},"12":{"start":{"line":14,"column":14},"end":{"line":14,"column":80}},"13":{"start":{"line":17,"column":23},"end":{"line":24,"column":2}},"14":{"start":{"line":30,"column":19},"end":{"line":32,"column":4}},"15":{"start":{"line":33,"column":2},"end":{"line":33,"column":32}},"16":{"start":{"line":33,"column":16},"end":{"line":33,"column":32}},"17":{"start":{"line":36,"column":21},"end":{"line":39,"column":4}},"18":{"start":{"line":41,"column":2},"end":{"line":43,"column":3}},"19":{"start":{"line":42,"column":4},"end":{"line":42,"column":55}},"20":{"start":{"line":46,"column":2},"end":{"line":56,"column":3}},"21":{"start":{"line":47,"column":4},"end":{"line":47,"column":69}},"22":{"start":{"line":48,"column":4},"end":{"line":55,"column":7}},"23":{"start":{"line":59,"column":23},"end":{"line":69,"column":3}},"24":{"start":{"line":71,"column":21},"end":{"line":78,"column":2}},"25":{"start":{"line":81,"column":16},"end":{"line":88,"column":4}},"26":{"start":{"line":91,"column":2},"end":{"line":99,"column":3}},"27":{"start":{"line":92,"column":4},"end":{"line":92,"column":55}},"28":{"start":{"line":94,"column":4},"end":{"line":94,"column":69}},"29":{"start":{"line":95,"column":4},"end":{"line":97,"column":5}},"30":{"start":{"line":96,"column":6},"end":{"line":96,"column":100}},"31":{"start":{"line":98,"column":4},"end":{"line":98,"column":75}},"32":{"start":{"line":101,"column":16},"end":{"line":101,"column":40}},"33":{"start":{"line":102,"column":2},"end":{"line":102,"column":62}},"34":{"start":{"line":102,"column":16},"end":{"line":102,"column":62}},"35":{"start":{"line":105,"column":2},"end":{"line":105,"column":85}},"36":{"start":{"line":108,"column":2},"end":{"line":115,"column":3}},"37":{"start":{"line":109,"column":19},"end":{"line":109,"column":38}},"38":{"start":{"line":110,"column":22},"end":{"line":110,"column":50}},"39":{"start":{"line":111,"column":4},"end":{"line":111,"column":49}},"40":{"start":{"line":113,"column":4},"end":{"line":113,"column":67}},"41":{"start":{"line":114,"column":4},"end":{"line":114,"column":62}},"42":{"start":{"line":119,"column":2},"end":{"line":129,"column":5}},"43":{"start":{"line":143,"column":33},"end":{"line":150,"column":2}},"44":{"start":{"line":155,"column":19},"end":{"line":157,"column":4}},"45":{"start":{"line":158,"column":2},"end":{"line":158,"column":32}},"46":{"start":{"line":158,"column":16},"end":{"line":158,"column":32}},"47":{"start":{"line":161,"column":21},"end":{"line":163,"column":4}},"48":{"start":{"line":165,"column":2},"end":{"line":167,"column":3}},"49":{"start":{"line":166,"column":4},"end":{"line":166,"column":44}},"50":{"start":{"line":169,"column":18},"end":{"line":169,"column":42}},"51":{"start":{"line":171,"column":2},"end":{"line":176,"column":3}},"52":{"start":{"line":172,"column":4},"end":{"line":175,"column":6}},"53":{"start":{"line":178,"column":20},"end":{"line":178,"column":46}},"54":{"start":{"line":181,"column":2},"end":{"line":185,"column":3}},"55":{"start":{"line":182,"column":4},"end":{"line":182,"column":97}},"56":{"start":{"line":183,"column":25},"end":{"line":183,"column":74}},"57":{"start":{"line":184,"column":4},"end":{"line":184,"column":68}},"58":{"start":{"line":188,"column":26},"end":{"line":188,"column":null}},"59":{"start":{"line":193,"column":27},"end":{"line":200,"column":4}},"60":{"start":{"line":203,"column":16},"end":{"line":210,"column":4}},"61":{"start":{"line":213,"column":2},"end":{"line":221,"column":3}},"62":{"start":{"line":214,"column":4},"end":{"line":214,"column":49}},"63":{"start":{"line":216,"column":4},"end":{"line":216,"column":68}},"64":{"start":{"line":217,"column":4},"end":{"line":219,"column":5}},"65":{"start":{"line":218,"column":6},"end":{"line":218,"column":100}},"66":{"start":{"line":220,"column":4},"end":{"line":220,"column":75}},"67":{"start":{"line":223,"column":2},"end":{"line":223,"column":81}},"68":{"start":{"line":224,"column":16},"end":{"line":224,"column":40}},"69":{"start":{"line":225,"column":2},"end":{"line":225,"column":62}},"70":{"start":{"line":225,"column":16},"end":{"line":225,"column":62}},"71":{"start":{"line":228,"column":2},"end":{"line":228,"column":85}},"72":{"start":{"line":229,"column":2},"end":{"line":229,"column":43}},"73":{"start":{"line":232,"column":2},"end":{"line":239,"column":3}},"74":{"start":{"line":233,"column":19},"end":{"line":233,"column":38}},"75":{"start":{"line":234,"column":22},"end":{"line":234,"column":62}},"76":{"start":{"line":235,"column":4},"end":{"line":235,"column":65}},"77":{"start":{"line":237,"column":4},"end":{"line":237,"column":87}},"78":{"start":{"line":238,"column":4},"end":{"line":238,"column":68}},"79":{"start":{"line":253,"column":2},"end":{"line":266,"column":3}},"80":{"start":{"line":255,"column":6},"end":{"line":255,"column":44}},"81":{"start":{"line":257,"column":6},"end":{"line":257,"column":44}},"82":{"start":{"line":259,"column":6},"end":{"line":259,"column":42}},"83":{"start":{"line":261,"column":6},"end":{"line":261,"column":47}},"84":{"start":{"line":263,"column":6},"end":{"line":263,"column":43}},"85":{"start":{"line":265,"column":6},"end":{"line":265,"column":41}},"86":{"start":{"line":270,"column":2},"end":{"line":283,"column":3}},"87":{"start":{"line":272,"column":6},"end":{"line":272,"column":46}},"88":{"start":{"line":274,"column":6},"end":{"line":274,"column":46}},"89":{"start":{"line":276,"column":6},"end":{"line":276,"column":44}},"90":{"start":{"line":278,"column":6},"end":{"line":278,"column":49}},"91":{"start":{"line":280,"column":6},"end":{"line":280,"column":45}},"92":{"start":{"line":282,"column":6},"end":{"line":282,"column":43}},"93":{"start":{"line":287,"column":2},"end":{"line":300,"column":3}},"94":{"start":{"line":289,"column":6},"end":{"line":289,"column":46}},"95":{"start":{"line":291,"column":6},"end":{"line":291,"column":46}},"96":{"start":{"line":293,"column":6},"end":{"line":293,"column":44}},"97":{"start":{"line":295,"column":6},"end":{"line":295,"column":49}},"98":{"start":{"line":297,"column":6},"end":{"line":297,"column":45}},"99":{"start":{"line":299,"column":6},"end":{"line":299,"column":43}},"100":{"start":{"line":305,"column":2},"end":{"line":311,"column":5}}},"fnMap":{"0":{"name":"generateFeedback","decl":{"start":{"line":28,"column":22},"end":{"line":28,"column":38}},"loc":{"start":{"line":28,"column":59},"end":{"line":116,"column":1}}},"1":{"name":"saveFeedback","decl":{"start":{"line":118,"column":15},"end":{"line":118,"column":27}},"loc":{"start":{"line":118,"column":66},"end":{"line":130,"column":1}}},"2":{"name":"generateErrorFeedback","decl":{"start":{"line":152,"column":22},"end":{"line":152,"column":43}},"loc":{"start":{"line":152,"column":64},"end":{"line":240,"column":1}}},"3":{"name":"buildAgentPrompt","decl":{"start":{"line":242,"column":9},"end":{"line":242,"column":25}},"loc":{"start":{"line":251,"column":3},"end":{"line":267,"column":1}}},"4":{"name":"validateAgentResponse","decl":{"start":{"line":269,"column":9},"end":{"line":269,"column":30}},"loc":{"start":{"line":269,"column":74},"end":{"line":284,"column":1}}},"5":{"name":"buildMockResponse","decl":{"start":{"line":286,"column":9},"end":{"line":286,"column":26}},"loc":{"start":{"line":286,"column":71},"end":{"line":301,"column":1}}},"6":{"name":"saveErrorFeedback","decl":{"start":{"line":303,"column":15},"end":{"line":303,"column":32}},"loc":{"start":{"line":303,"column":96},"end":{"line":312,"column":1}}}},"branchMap":{"0":{"loc":{"start":{"line":14,"column":14},"end":{"line":14,"column":80}},"type":"cond-expr","locations":[{"start":{"line":14,"column":33},"end":{"line":14,"column":73}},{"start":{"line":14,"column":76},"end":{"line":14,"column":80}}]},"1":{"loc":{"start":{"line":33,"column":2},"end":{"line":33,"column":32}},"type":"if","locations":[{"start":{"line":33,"column":2},"end":{"line":33,"column":32}},{"start":{},"end":{}}]},"2":{"loc":{"start":{"line":41,"column":2},"end":{"line":43,"column":3}},"type":"if","locations":[{"start":{"line":41,"column":2},"end":{"line":43,"column":3}},{"start":{},"end":{}}]},"3":{"loc":{"start":{"line":41,"column":6},"end":{"line":41,"column":40}},"type":"binary-expr","locations":[{"start":{"line":41,"column":6},"end":{"line":41,"column":17}},{"start":{"line":41,"column":21},"end":{"line":41,"column":40}}]},"4":{"loc":{"start":{"line":46,"column":2},"end":{"line":56,"column":3}},"type":"if","locations":[{"start":{"line":46,"column":2},"end":{"line":56,"column":3}},{"start":{},"end":{}}]},"5":{"loc":{"start":{"line":95,"column":4},"end":{"line":97,"column":5}},"type":"if","locations":[{"start":{"line":95,"column":4},"end":{"line":97,"column":5}},{"start":{},"end":{}}]},"6":{"loc":{"start":{"line":95,"column":8},"end":{"line":95,"column":92}},"type":"binary-expr","locations":[{"start":{"line":95,"column":8},"end":{"line":95,"column":26}},{"start":{"line":95,"column":30},"end":{"line":95,"column":58}},{"start":{"line":95,"column":62},"end":{"line":95,"column":92}}]},"7":{"loc":{"start":{"line":102,"column":2},"end":{"line":102,"column":62}},"type":"if","locations":[{"start":{"line":102,"column":2},"end":{"line":102,"column":62}},{"start":{},"end":{}}]},"8":{"loc":{"start":{"line":158,"column":2},"end":{"line":158,"column":32}},"type":"if","locations":[{"start":{"line":158,"column":2},"end":{"line":158,"column":32}},{"start":{},"end":{}}]},"9":{"loc":{"start":{"line":165,"column":2},"end":{"line":167,"column":3}},"type":"if","locations":[{"start":{"line":165,"column":2},"end":{"line":167,"column":3}},{"start":{},"end":{}}]},"10":{"loc":{"start":{"line":169,"column":18},"end":{"line":169,"column":42}},"type":"binary-expr","locations":[{"start":{"line":169,"column":18},"end":{"line":169,"column":36}},{"start":{"line":169,"column":40},"end":{"line":169,"column":42}}]},"11":{"loc":{"start":{"line":171,"column":2},"end":{"line":176,"column":3}},"type":"if","locations":[{"start":{"line":171,"column":2},"end":{"line":176,"column":3}},{"start":{},"end":{}}]},"12":{"loc":{"start":{"line":181,"column":2},"end":{"line":185,"column":3}},"type":"if","locations":[{"start":{"line":181,"column":2},"end":{"line":185,"column":3}},{"start":{},"end":{}}]},"13":{"loc":{"start":{"line":217,"column":4},"end":{"line":219,"column":5}},"type":"if","locations":[{"start":{"line":217,"column":4},"end":{"line":219,"column":5}},{"start":{},"end":{}}]},"14":{"loc":{"start":{"line":217,"column":8},"end":{"line":217,"column":92}},"type":"binary-expr","locations":[{"start":{"line":217,"column":8},"end":{"line":217,"column":26}},{"start":{"line":217,"column":30},"end":{"line":217,"column":58}},{"start":{"line":217,"column":62},"end":{"line":217,"column":92}}]},"15":{"loc":{"start":{"line":225,"column":2},"end":{"line":225,"column":62}},"type":"if","locations":[{"start":{"line":225,"column":2},"end":{"line":225,"column":62}},{"start":{},"end":{}}]},"16":{"loc":{"start":{"line":253,"column":2},"end":{"line":266,"column":3}},"type":"switch","locations":[{"start":{"line":254,"column":4},"end":{"line":255,"column":44}},{"start":{"line":256,"column":4},"end":{"line":257,"column":44}},{"start":{"line":258,"column":4},"end":{"line":259,"column":42}},{"start":{"line":260,"column":4},"end":{"line":261,"column":47}},{"start":{"line":262,"column":4},"end":{"line":263,"column":43}},{"start":{"line":264,"column":4},"end":{"line":265,"column":41}}]},"17":{"loc":{"start":{"line":270,"column":2},"end":{"line":283,"column":3}},"type":"switch","locations":[{"start":{"line":271,"column":4},"end":{"line":272,"column":46}},{"start":{"line":273,"column":4},"end":{"line":274,"column":46}},{"start":{"line":275,"column":4},"end":{"line":276,"column":44}},{"start":{"line":277,"column":4},"end":{"line":278,"column":49}},{"start":{"line":279,"column":4},"end":{"line":280,"column":45}},{"start":{"line":281,"column":4},"end":{"line":282,"column":43}}]},"18":{"loc":{"start":{"line":287,"column":2},"end":{"line":300,"column":3}},"type":"switch","locations":[{"start":{"line":288,"column":4},"end":{"line":289,"column":46}},{"start":{"line":290,"column":4},"end":{"line":291,"column":46}},{"start":{"line":292,"column":4},"end":{"line":293,"column":44}},{"start":{"line":294,"column":4},"end":{"line":295,"column":49}},{"start":{"line":296,"column":4},"end":{"line":297,"column":45}},{"start":{"line":298,"column":4},"end":{"line":299,"column":43}}]}},"s":{"0":0,"1":0,"2":0,"3":0,"4":0,"5":0,"6":0,"7":0,"8":0,"9":0,"10":0,"11":0,"12":0,"13":0,"14":0,"15":0,"16":0,"17":0,"18":0,"19":0,"20":0,"21":0,"22":0,"23":0,"24":0,"25":0,"26":0,"27":0,"28":0,"29":0,"30":0,"31":0,"32":0,"33":0,"34":0,"35":0,"36":0,"37":0,"38":0,"39":0,"40":0,"41":0,"42":0,"43":0,"44":0,"45":0,"46":0,"47":0,"48":0,"49":0,"50":0,"51":0,"52":0,"53":0,"54":0,"55":0,"56":0,"57":0,"58":0,"59":0,"60":0,"61":0,"62":0,"63":0,"64":0,"65":0,"66":0,"67":0,"68":0,"69":0,"70":0,"71":0,"72":0,"73":0,"74":0,"75":0,"76":0,"77":0,"78":0,"79":0,"80":0,"81":0,"82":0,"83":0,"84":0,"85":0,"86":0,"87":0,"88":0,"89":0,"90":0,"91":0,"92":0,"93":0,"94":0,"95":0,"96":0,"97":0,"98":0,"99":0,"100":0},"f":{"0":0,"1":0,"2":0,"3":0,"4":0,"5":0,"6":0},"b":{"0":[0,0],"1":[0,0],"2":[0,0],"3":[0,0],"4":[0,0],"5":[0,0],"6":[0,0,0],"7":[0,0],"8":[0,0],"9":[0,0],"10":[0,0],"11":[0,0],"12":[0,0],"13":[0,0],"14":[0,0,0],"15":[0,0],"16":[0,0,0,0,0,0],"17":[0,0,0,0,0,0],"18":[0,0,0,0,0,0]}}
,"/home/kshitiz/Desktop/major/apps/api-service/src/services/auth.service.ts": {"path":"/home/kshitiz/Desktop/major/apps/api-service/src/services/auth.service.ts","statementMap":{"0":{"start":{"line":37,"column":0},"end":{"line":37,"column":7}},"1":{"start":{"line":59,"column":0},"end":{"line":59,"column":7}},"2":{"start":{"line":70,"column":0},"end":{"line":70,"column":7}},"3":{"start":{"line":87,"column":0},"end":{"line":87,"column":7}},"4":{"start":{"line":2,"column":0},"end":{"line":2,"column":42}},"5":{"start":{"line":3,"column":0},"end":{"line":3,"column":72}},"6":{"start":{"line":4,"column":0},"end":{"line":4,"column":97}},"7":{"start":{"line":8,"column":29},"end":{"line":8,"column":52}},"8":{"start":{"line":13,"column":43},"end":{"line":13,"column":47}},"9":{"start":{"line":14,"column":2},"end":{"line":14,"column":14}},"10":{"start":{"line":18,"column":2},"end":{"line":18,"column":62}},"11":{"start":{"line":22,"column":18},"end":{"line":22,"column":36}},"12":{"start":{"line":23,"column":22},"end":{"line":23,"column":46}},"13":{"start":{"line":24,"column":23},"end":{"line":24,"column":48}},"14":{"start":{"line":26,"column":2},"end":{"line":32,"column":5}},"15":{"start":{"line":34,"column":2},"end":{"line":34,"column":39}},"16":{"start":{"line":38,"column":19},"end":{"line":40,"column":4}},"17":{"start":{"line":42,"column":2},"end":{"line":45,"column":3}},"18":{"start":{"line":43,"column":18},"end":{"line":43,"column":71}},"19":{"start":{"line":44,"column":4},"end":{"line":44,"column":85}},"20":{"start":{"line":47,"column":15},"end":{"line":53,"column":4}},"21":{"start":{"line":55,"column":17},"end":{"line":55,"column":40}},"22":{"start":{"line":56,"column":2},"end":{"line":56,"column":47}},"23":{"start":{"line":60,"column":15},"end":{"line":60,"column":78}},"24":{"start":{"line":62,"column":2},"end":{"line":64,"column":3}},"25":{"start":{"line":63,"column":4},"end":{"line":63,"column":85}},"26":{"start":{"line":66,"column":17},"end":{"line":66,"column":40}},"27":{"start":{"line":67,"column":2},"end":{"line":67,"column":47}},"28":{"start":{"line":71,"column":18},"end":{"line":71,"column":46}},"29":{"start":{"line":72,"column":20},"end":{"line":72,"column":39}},"30":{"start":{"line":74,"column":17},"end":{"line":74,"column":79}},"31":{"start":{"line":76,"column":2},"end":{"line":78,"column":3}},"32":{"start":{"line":77,"column":4},"end":{"line":77,"column":92}},"33":{"start":{"line":81,"column":2},"end":{"line":81,"column":61}},"34":{"start":{"line":83,"column":15},"end":{"line":83,"column":82}},"35":{"start":{"line":84,"column":2},"end":{"line":84,"column":27}},"36":{"start":{"line":88,"column":20},"end":{"line":88,"column":39}},"37":{"start":{"line":89,"column":2},"end":{"line":89,"column":65}}},"fnMap":{"0":{"name":"toSafeUser","decl":{"start":{"line":12,"column":9},"end":{"line":12,"column":19}},"loc":{"start":{"line":12,"column":30},"end":{"line":15,"column":1}}},"1":{"name":"buildPayload","decl":{"start":{"line":17,"column":9},"end":{"line":17,"column":21}},"loc":{"start":{"line":17,"column":32},"end":{"line":19,"column":1}}},"2":{"name":"issueTokens","decl":{"start":{"line":21,"column":15},"end":{"line":21,"column":26}},"loc":{"start":{"line":21,"column":37},"end":{"line":35,"column":1}}},"3":{"name":"register","decl":{"start":{"line":37,"column":22},"end":{"line":37,"column":30}},"loc":{"start":{"line":37,"column":51},"end":{"line":57,"column":1}}},"4":{"name":"login","decl":{"start":{"line":59,"column":22},"end":{"line":59,"column":27}},"loc":{"start":{"line":59,"column":45},"end":{"line":68,"column":1}}},"5":{"name":"refresh","decl":{"start":{"line":70,"column":22},"end":{"line":70,"column":29}},"loc":{"start":{"line":70,"column":46},"end":{"line":85,"column":1}}},"6":{"name":"logout","decl":{"start":{"line":87,"column":22},"end":{"line":87,"column":28}},"loc":{"start":{"line":87,"column":45},"end":{"line":90,"column":1}}}},"branchMap":{"0":{"loc":{"start":{"line":42,"column":2},"end":{"line":45,"column":3}},"type":"if","locations":[{"start":{"line":42,"column":2},"end":{"line":45,"column":3}},{"start":{},"end":{}}]},"1":{"loc":{"start":{"line":43,"column":18},"end":{"line":43,"column":71}},"type":"cond-expr","locations":[{"start":{"line":43,"column":51},"end":{"line":43,"column":58}},{"start":{"line":43,"column":61},"end":{"line":43,"column":71}}]},"2":{"loc":{"start":{"line":62,"column":2},"end":{"line":64,"column":3}},"type":"if","locations":[{"start":{"line":62,"column":2},"end":{"line":64,"column":3}},{"start":{},"end":{}}]},"3":{"loc":{"start":{"line":62,"column":6},"end":{"line":62,"column":73}},"type":"binary-expr","locations":[{"start":{"line":62,"column":6},"end":{"line":62,"column":11}},{"start":{"line":62,"column":15},"end":{"line":62,"column":73}}]},"4":{"loc":{"start":{"line":76,"column":2},"end":{"line":78,"column":3}},"type":"if","locations":[{"start":{"line":76,"column":2},"end":{"line":78,"column":3}},{"start":{},"end":{}}]},"5":{"loc":{"start":{"line":76,"column":6},"end":{"line":76,"column":46}},"type":"binary-expr","locations":[{"start":{"line":76,"column":6},"end":{"line":76,"column":13}},{"start":{"line":76,"column":17},"end":{"line":76,"column":46}}]}},"s":{"0":0,"1":0,"2":0,"3":0,"4":0,"5":0,"6":0,"7":0,"8":0,"9":0,"10":0,"11":0,"12":0,"13":0,"14":0,"15":0,"16":0,"17":0,"18":0,"19":0,"20":0,"21":0,"22":0,"23":0,"24":0,"25":0,"26":0,"27":0,"28":0,"29":0,"30":0,"31":0,"32":0,"33":0,"34":0,"35":0,"36":0,"37":0},"f":{"0":0,"1":0,"2":0,"3":0,"4":0,"5":0,"6":0},"b":{"0":[0,0],"1":[0,0],"2":[0,0],"3":[0,0],"4":[0,0],"5":[0,0]}}
,"/home/kshitiz/Desktop/major/apps/api-service/src/services/contest.service.ts": {"path":"/home/kshitiz/Desktop/major/apps/api-service/src/services/contest.service.ts","statementMap":{"0":{"start":{"line":3,"column":0},"end":{"line":3,"column":7}},"1":{"start":{"line":18,"column":0},"end":{"line":18,"column":7}},"2":{"start":{"line":34,"column":0},"end":{"line":34,"column":7}},"3":{"start":{"line":45,"column":0},"end":{"line":45,"column":7}},"4":{"start":{"line":1,"column":0},"end":{"line":1,"column":42}},"5":{"start":{"line":4,"column":14},"end":{"line":4,"column":24}},"6":{"start":{"line":5,"column":19},"end":{"line":10,"column":4}},"7":{"start":{"line":12,"column":2},"end":{"line":15,"column":6}},"8":{"start":{"line":12,"column":28},"end":{"line":15,"column":4}},"9":{"start":{"line":19,"column":2},"end":{"line":31,"column":5}},"10":{"start":{"line":35,"column":18},"end":{"line":35,"column":79}},"11":{"start":{"line":36,"column":2},"end":{"line":36,"column":53}},"12":{"start":{"line":36,"column":16},"end":{"line":36,"column":53}},"13":{"start":{"line":38,"column":2},"end":{"line":42,"column":5}},"14":{"start":{"line":46,"column":2},"end":{"line":57,"column":5}}},"fnMap":{"0":{"name":"listContests","decl":{"start":{"line":3,"column":22},"end":{"line":3,"column":34}},"loc":{"start":{"line":3,"column":34},"end":{"line":16,"column":1}}},"1":{"name":"(anonymous_1)","decl":{"start":{"line":12,"column":22},"end":{"line":12,"column":23}},"loc":{"start":{"line":12,"column":28},"end":{"line":15,"column":4}}},"2":{"name":"getContest","decl":{"start":{"line":18,"column":22},"end":{"line":18,"column":32}},"loc":{"start":{"line":18,"column":43},"end":{"line":32,"column":1}}},"3":{"name":"joinContest","decl":{"start":{"line":34,"column":22},"end":{"line":34,"column":33}},"loc":{"start":{"line":34,"column":67},"end":{"line":43,"column":1}}},"4":{"name":"getLeaderboard","decl":{"start":{"line":45,"column":22},"end":{"line":45,"column":36}},"loc":{"start":{"line":45,"column":54},"end":{"line":58,"column":1}}}},"branchMap":{"0":{"loc":{"start":{"line":14,"column":12},"end":{"line":14,"column":80}},"type":"cond-expr","locations":[{"start":{"line":14,"column":30},"end":{"line":14,"column":36}},{"start":{"line":14,"column":39},"end":{"line":14,"column":80}}]},"1":{"loc":{"start":{"line":14,"column":39},"end":{"line":14,"column":80}},"type":"cond-expr","locations":[{"start":{"line":14,"column":59},"end":{"line":14,"column":69}},{"start":{"line":14,"column":72},"end":{"line":14,"column":80}}]},"2":{"loc":{"start":{"line":36,"column":2},"end":{"line":36,"column":53}},"type":"if","locations":[{"start":{"line":36,"column":2},"end":{"line":36,"column":53}},{"start":{},"end":{}}]}},"s":{"0":0,"1":0,"2":0,"3":0,"4":0,"5":0,"6":0,"7":0,"8":0,"9":0,"10":0,"11":0,"12":0,"13":0,"14":0},"f":{"0":0,"1":0,"2":0,"3":0,"4":0},"b":{"0":[0,0],"1":[0,0],"2":[0,0]}}
,"/home/kshitiz/Desktop/major/apps/api-service/src/services/problem.service.ts": {"path":"/home/kshitiz/Desktop/major/apps/api-service/src/services/problem.service.ts","statementMap":{"0":{"start":{"line":3,"column":0},"end":{"line":3,"column":7}},"1":{"start":{"line":16,"column":0},"end":{"line":16,"column":7}},"2":{"start":{"line":25,"column":0},"end":{"line":25,"column":7}},"3":{"start":{"line":37,"column":0},"end":{"line":37,"column":7}},"4":{"start":{"line":1,"column":0},"end":{"line":1,"column":42}},"5":{"start":{"line":4,"column":2},"end":{"line":13,"column":5}},"6":{"start":{"line":17,"column":2},"end":{"line":22,"column":5}},"7":{"start":{"line":26,"column":2},"end":{"line":34,"column":5}},"8":{"start":{"line":38,"column":2},"end":{"line":48,"column":5}}},"fnMap":{"0":{"name":"listProblems","decl":{"start":{"line":3,"column":22},"end":{"line":3,"column":34}},"loc":{"start":{"line":3,"column":34},"end":{"line":14,"column":1}}},"1":{"name":"getProblemBySlug","decl":{"start":{"line":16,"column":22},"end":{"line":16,"column":38}},"loc":{"start":{"line":16,"column":51},"end":{"line":23,"column":1}}},"2":{"name":"getDraft","decl":{"start":{"line":25,"column":22},"end":{"line":25,"column":30}},"loc":{"start":{"line":25,"column":82},"end":{"line":35,"column":1}}},"3":{"name":"saveDraft","decl":{"start":{"line":37,"column":22},"end":{"line":37,"column":31}},"loc":{"start":{"line":37,"column":97},"end":{"line":49,"column":1}}}},"branchMap":{},"s":{"0":0,"1":0,"2":0,"3":0,"4":0,"5":0,"6":0,"7":0,"8":0},"f":{"0":0,"1":0,"2":0,"3":0},"b":{}}
,"/home/kshitiz/Desktop/major/apps/api-service/src/services/room.service.ts": {"path":"/home/kshitiz/Desktop/major/apps/api-service/src/services/room.service.ts","statementMap":{"0":{"start":{"line":4,"column":0},"end":{"line":4,"column":7}},"1":{"start":{"line":14,"column":0},"end":{"line":14,"column":7}},"2":{"start":{"line":26,"column":0},"end":{"line":26,"column":7}},"3":{"start":{"line":34,"column":0},"end":{"line":34,"column":7}},"4":{"start":{"line":44,"column":0},"end":{"line":44,"column":7}},"5":{"start":{"line":1,"column":0},"end":{"line":1,"column":42}},"6":{"start":{"line":5,"column":2},"end":{"line":11,"column":5}},"7":{"start":{"line":15,"column":2},"end":{"line":23,"column":5}},"8":{"start":{"line":27,"column":2},"end":{"line":31,"column":5}},"9":{"start":{"line":35,"column":2},"end":{"line":41,"column":5}},"10":{"start":{"line":45,"column":2},"end":{"line":48,"column":5}}},"fnMap":{"0":{"name":"createRoom","decl":{"start":{"line":4,"column":22},"end":{"line":4,"column":32}},"loc":{"start":{"line":4,"column":71},"end":{"line":12,"column":1}}},"1":{"name":"getRoomById","decl":{"start":{"line":14,"column":22},"end":{"line":14,"column":33}},"loc":{"start":{"line":14,"column":48},"end":{"line":24,"column":1}}},"2":{"name":"getUserRooms","decl":{"start":{"line":26,"column":22},"end":{"line":26,"column":34}},"loc":{"start":{"line":26,"column":49},"end":{"line":32,"column":1}}},"3":{"name":"saveSnapshot","decl":{"start":{"line":34,"column":22},"end":{"line":34,"column":34}},"loc":{"start":{"line":34,"column":71},"end":{"line":42,"column":1}}},"4":{"name":"getLatestSnapshot","decl":{"start":{"line":44,"column":22},"end":{"line":44,"column":39}},"loc":{"start":{"line":44,"column":54},"end":{"line":49,"column":1}}}},"branchMap":{},"s":{"0":0,"1":0,"2":0,"3":0,"4":0,"5":0,"6":0,"7":0,"8":0,"9":0,"10":0},"f":{"0":0,"1":0,"2":0,"3":0,"4":0},"b":{}}
[...]
0},"end":{"line":112,"column":27}},"40":{"start":{"line":114,"column":23},"end":{"line":116,"column":4}},"41":{"start":{"line":118,"column":2},"end":{"line":118,"column":27}},"42":{"start":{"line":118,"column":20},"end":{"line":118,"column":27}},"43":{"start":{"line":120,"column":22},"end":{"line":120,"column":23}},"44":{"start":{"line":121,"column":20},"end":{"line":121,"column":21}},"45":{"start":{"line":123,"column":2},"end":{"line":143,"column":3}},"46":{"start":{"line":124,"column":4},"end":{"line":124,"column":42}},"47":{"start":{"line":125,"column":27},"end":{"line":125,"column":109}},"48":{"start":{"line":127,"column":29},"end":{"line":132,"column":6}},"49":{"start":{"line":134,"column":4},"end":{"line":134,"column":59}},"50":{"start":{"line":136,"column":4},"end":{"line":142,"column":7}},"51":{"start":{"line":145,"column":2},"end":{"line":149,"column":5}},"52":{"start":{"line":152,"column":29},"end":{"line":155,"column":4}},"53":{"start":{"line":157,"column":2},"end":{"line":161,"column":6}}},"fnMap":{"0":{"name":"createSubmission","decl":{"start":{"line":7,"column":22},"end":{"line":7,"column":38}},"loc":{"start":{"line":7,"column":83},"end":{"line":29,"column":1}}},"1":{"name":"getSubmissionById","decl":{"start":{"line":31,"column":22},"end":{"line":31,"column":39}},"loc":{"start":{"line":31,"column":50},"end":{"line":38,"column":1}}},"2":{"name":"getUserSubmissions","decl":{"start":{"line":40,"column":22},"end":{"line":40,"column":40}},"loc":{"start":{"line":40,"column":55},"end":{"line":46,"column":1}}},"3":{"name":"getRoomSubmissions","decl":{"start":{"line":48,"column":22},"end":{"line":48,"column":40}},"loc":{"start":{"line":48,"column":55},"end":{"line":57,"column":1}}},"4":{"name":"updateSubmissionStatus","decl":{"start":{"line":59,"column":22},"end":{"line":59,"column":44}},"loc":{"start":{"line":59,"column":81},"end":{"line":93,"column":1}}},"5":{"name":"handleContestSubmission","decl":{"start":{"line":95,"column":15},"end":{"line":95,"column":38}},"loc":{"start":{"line":95,"column":54},"end":{"line":162,"column":1}}},"6":{"name":"(anonymous_6)","decl":{"start":{"line":106,"column":47},"end":{"line":106,"column":48}},"loc":{"start":{"line":106,"column":52},"end":{"line":106,"column":77}}}},"branchMap":{"0":{"loc":{"start":{"line":13,"column":17},"end":{"line":13,"column":40}},"type":"binary-expr","locations":[{"start":{"line":13,"column":17},"end":{"line":13,"column":32}},{"start":{"line":13,"column":36},"end":{"line":13,"column":40}}]},"1":{"loc":{"start":{"line":14,"column":14},"end":{"line":14,"column":34}},"type":"binary-expr","locations":[{"start":{"line":14,"column":14},"end":{"line":14,"column":26}},{"start":{"line":14,"column":30},"end":{"line":14,"column":34}}]},"2":{"loc":{"start":{"line":15,"column":17},"end":{"line":15,"column":40}},"type":"binary-expr","locations":[{"start":{"line":15,"column":17},"end":{"line":15,"column":32}},{"start":{"line":15,"column":36},"end":{"line":15,"column":40}}]},"3":{"loc":{"start":{"line":20,"column":2},"end":{"line":26,"column":3}},"type":"if","locations":[{"start":{"line":20,"column":2},"end":{"line":26,"column":3}},{"start":{},"end":{}}]},"4":{"loc":{"start":{"line":71,"column":22},"end":{"line":71,"column":77}},"type":"cond-expr","locations":[{"start":{"line":71,"column":45},"end":{"line":71,"column":65}},{"start":{"line":71,"column":68},"end":{"line":71,"column":77}}]},"5":{"loc":{"start":{"line":72,"column":27},"end":{"line":72,"column":92}},"type":"cond-expr","locations":[{"start":{"line":72,"column":55},"end":{"line":72,"column":80}},{"start":{"line":72,"column":83},"end":{"line":72,"column":92}}]},"6":{"loc":{"start":{"line":76,"column":2},"end":{"line":86,"column":3}},"type":"if","locations":[{"start":{"line":76,"column":2},"end":{"line":86,"column":3}},{"start":{},"end":{}}]},"7":{"loc":{"start":{"line":78,"column":4},"end":{"line":78,"column":88}},"type":"if","locations":[{"start":{"line":78,"column":4},"end":{"line":78,"column":88}},{"start":{},"end":{}}]},"8":{"loc":{"start":{"line":79,"column":4},"end":{"line":79,"column":82}},"type":"if","locations":[{"start":{"line":79,"column":4},"end":{"line":79,"column":82}},{"start":{},"end":{}}]},"9":{"loc":{"start":{"line":88,"column":2},"end":{"line":90,"column":3}},"type":"if","locations":[{"start":{"line":88,"column":2},"end":{"line":90,"column":3}},{"start":{},"end":{}}]},"10":{"loc":{"start":{"line":88,"column":6},"end":{"line":88,"column":123}},"type":"binary-expr","locations":[{"start":{"line":88,"column":6},"end":{"line":88,"column":26}},{"start":{"line":88,"column":30},"end":{"line":88,"column":50}},{"start":{"line":88,"column":55},"end":{"line":88,"column":88}},{"start":{"line":88,"column":92},"end":{"line":88,"column":122}}]},"11":{"loc":{"start":{"line":104,"column":2},"end":{"line":104,"column":23}},"type":"if","locations":[{"start":{"line":104,"column":2},"end":{"line":104,"column":23}},{"start":{},"end":{}}]},"12":{"loc":{"start":{"line":107,"column":2},"end":{"line":107,"column":30}},"type":"if","locations":[{"start":{"line":107,"column":2},"end":{"line":107,"column":30}},{"start":{},"end":{}}]},"13":{"loc":{"start":{"line":112,"column":2},"end":{"line":112,"column":27}},"type":"if","locations":[{"start":{"line":112,"column":2},"end":{"line":112,"column":27}},{"start":{},"end":{}}]},"14":{"loc":{"start":{"line":118,"column":2},"end":{"line":118,"column":27}},"type":"if","locations":[{"start":{"line":118,"column":2},"end":{"line":118,"column":27}},{"start":{},"end":{}}]},"15":{"loc":{"start":{"line":123,"column":2},"end":{"line":143,"column":3}},"type":"if","locations":[{"start":{"line":123,"column":2},"end":{"line":143,"column":3}},{"start":{},"end":{}}]}},"s":{"0":0,"1":0,"2":0,"3":0,"4":0,"5":0,"6":0,"7":0,"8":0,"9":0,"10":0,"11":0,"12":0,"13":0,"14":0,"15":0,"16":0,"17":0,"18":0,"19":0,"20":0,"21":0,"22":0,"23":0,"24":0,"25":0,"26":0,"27":0,"28":0,"29":0,"30":0,"31":0,"32":0,"33":0,"34":0,"35":0,"36":0,"37":0,"38":0,"39":0,"40":0,"41":0,"42":0,"43":0,"44":0,"45":0,"46":0,"47":0,"48":0,"49":0,"50":0,"51":0,"52":0,"53":0},"f":{"0":0,"1":0,"2":0,"3":0,"4":0,"5":0,"6":0},"b":{"0":[0,0],"1":[0,0],"2":[0,0],"3":[0,0],"4":[0,0],"5":[0,0],"6":[0,0],"7":[0,0],"8":[0,0],"9":[0,0],"10":[0,0,0,0],"11":[0,0],"12":[0,0],"13":[0,0],"14":[0,0],"15":[0,0]}}
,"/home/kshitiz/Desktop/major/apps/api-service/src/services/error-agents/compile.agent.ts": {"path":"/home/kshitiz/Desktop/major/apps/api-service/src/services/error-agents/compile.agent.ts","statementMap":{"0":{"start":{"line":16,"column":0},"end":{"line":16,"column":16}},"1":{"start":{"line":88,"column":0},"end":{"line":88,"column":16}},"2":{"start":{"line":1,"column":0},"end":{"line":1,"column":24}},"3":{"start":{"line":3,"column":13},"end":{"line":12,"column":3}},"4":{"start":{"line":21,"column":17},"end":{"line":75,"column":27}},"5":{"start":{"line":77,"column":15},"end":{"line":83,"column":48}},"6":{"start":{"line":85,"column":2},"end":{"line":85,"column":26}},"7":{"start":{"line":89,"column":2},"end":{"line":99,"column":4}}},"fnMap":{"0":{"name":"buildCompilePrompt","decl":{"start":{"line":16,"column":16},"end":{"line":16,"column":34}},"loc":{"start":{"line":20,"column":1},"end":{"line":86,"column":1}}},"1":{"name":"getMockCompileFeedback","decl":{"start":{"line":88,"column":16},"end":{"line":88,"column":38}},"loc":{"start":{"line":88,"column":55},"end":{"line":100,"column":1}}}},"branchMap":{"0":{"loc":{"start":{"line":83,"column":3},"end":{"line":83,"column":26}},"type":"binary-expr","locations":[{"start":{"line":83,"column":3},"end":{"line":83,"column":20}},{"start":{"line":83,"column":24},"end":{"line":83,"column":26}}]}},"s":{"0":0,"1":0,"2":0,"3":0,"4":0,"5":0,"6":0,"7":0},"f":{"0":0,"1":0},"b":{"0":[0,0]}}
,"/home/kshitiz/Desktop/major/apps/api-service/src/services/error-agents/complexity.agent.ts": {"path":"/home/kshitiz/Desktop/major/apps/api-service/src/services/error-agents/complexity.agent.ts","statementMap":{"0":{"start":{"line":18,"column":0},"end":{"line":18,"column":16}},"1":{"start":{"line":79,"column":0},"end":{"line":79,"column":16}},"2":{"start":{"line":1,"column":0},"end":{"line":1,"column":24}},"3":{"start":{"line":3,"column":13},"end":{"line":14,"column":3}},"4":{"start":{"line":23,"column":17},"end":{"line":66,"column":63}},"5":{"start":{"line":68,"column":19},"end":{"line":68,"column":119}},"6":{"start":{"line":70,"column":15},"end":{"line":74,"column":44}},"7":{"start":{"line":76,"column":2},"end":{"line":76,"column":26}},"8":{"start":{"line":80,"column":2},"end":{"line":94,"column":4}}},"fnMap":{"0":{"name":"buildComplexityPrompt","decl":{"start":{"line":18,"column":16},"end":{"line":18,"column":37}},"loc":{"start":{"line":22,"column":1},"end":{"line":77,"column":1}}},"1":{"name":"getMockComplexityFeedback","decl":{"start":{"line":79,"column":16},"end":{"line":79,"column":41}},"loc":{"start":{"line":79,"column":58},"end":{"line":95,"column":1}}}},"branchMap":{"0":{"loc":{"start":{"line":68,"column":19},"end":{"line":68,"column":119}},"type":"cond-expr","locations":[{"start":{"line":68,"column":48},"end":{"line":68,"column":114}},{"start":{"line":68,"column":117},"end":{"line":68,"column":119}}]}},"s":{"0":0,"1":0,"2":0,"3":0,"4":0,"5":0,"6":0,"7":0,"8":0},"f":{"0":0,"1":0},"b":{"0":[0,0]}}
,"/home/kshitiz/Desktop/major/apps/api-service/src/services/error-agents/logic.agent.ts": {"path":"/home/kshitiz/Desktop/major/apps/api-service/src/services/error-agents/logic.agent.ts","statementMap":{"0":{"start":{"line":17,"column":0},"end":{"line":17,"column":16}},"1":{"start":{"line":81,"column":0},"end":{"line":81,"column":16}},"2":{"start":{"line":1,"column":0},"end":{"line":1,"column":24}},"3":{"start":{"line":3,"column":13},"end":{"line":13,"column":3}},"4":{"start":{"line":22,"column":17},"end":{"line":64,"column":63}},"5":{"start":{"line":66,"column":19},"end":{"line":68,"column":40}},"6":{"start":{"line":70,"column":15},"end":{"line":76,"column":12}},"7":{"start":{"line":78,"column":2},"end":{"line":78,"column":26}},"8":{"start":{"line":82,"column":2},"end":{"line":95,"column":4}}},"fnMap":{"0":{"name":"buildLogicPrompt","decl":{"start":{"line":17,"column":16},"end":{"line":17,"column":32}},"loc":{"start":{"line":21,"column":1},"end":{"line":79,"column":1}}},"1":{"name":"getMockLogicFeedback","decl":{"start":{"line":81,"column":16},"end":{"line":81,"column":36}},"loc":{"start":{"line":81,"column":53},"end":{"line":96,"column":1}}}},"branchMap":{"0":{"loc":{"start":{"line":66,"column":19},"end":{"line":68,"column":40}},"type":"cond-expr","locations":[{"start":{"line":67,"column":6},"end":{"line":67,"column":157}},{"start":{"line":68,"column":6},"end":{"line":68,"column":40}}]}},"s":{"0":0,"1":0,"2":0,"3":0,"4":0,"5":0,"6":0,"7":0,"8":0},"f":{"0":0,"1":0},"b":{"0":[0,0]}}
,"/home/kshitiz/Desktop/major/apps/api-service/src/services/error-agents/loop.agent.ts": {"path":"/home/kshitiz/Desktop/major/apps/api-service/src/services/error-agents/loop.agent.ts","statementMap":{"0":{"start":{"line":17,"column":0},"end":{"line":17,"column":16}},"1":{"start":{"line":76,"column":0},"end":{"line":76,"column":16}},"2":{"start":{"line":1,"column":0},"end":{"line":1,"column":24}},"3":{"start":{"line":3,"column":13},"end":{"line":13,"column":3}},"4":{"start":{"line":22,"column":17},"end":{"line":63,"column":63}},"5":{"start":{"line":65,"column":19},"end":{"line":65,"column":113}},"6":{"start":{"line":67,"column":15},"end":{"line":71,"column":12}},"7":{"start":{"line":73,"column":2},"end":{"line":73,"column":26}},"8":{"start":{"line":77,"column":2},"end":{"line":89,"column":4}}},"fnMap":{"0":{"name":"buildLoopPrompt","decl":{"start":{"line":17,"column":16},"end":{"line":17,"column":31}},"loc":{"start":{"line":21,"column":1},"end":{"line":74,"column":1}}},"1":{"name":"getMockLoopFeedback","decl":{"start":{"line":76,"column":16},"end":{"line":76,"column":35}},"loc":{"start":{"line":76,"column":52},"end":{"line":90,"column":1}}}},"branchMap":{"0":{"loc":{"start":{"line":65,"column":19},"end":{"line":65,"column":113}},"type":"cond-expr","locations":[{"start":{"line":65,"column":47},"end":{"line":65,"column":108}},{"start":{"line":65,"column":111},"end":{"line":65,"column":113}}]}},"s":{"0":0,"1":0,"2":0,"3":0,"4":0,"5":0,"6":0,"7":0,"8":0},"f":{"0":0,"1":0},"b":{"0":[0,0]}}
,"/home/kshitiz/Desktop/major/apps/api-service/src/services/error-agents/memory.agent.ts": {"path":"/home/kshitiz/Desktop/major/apps/api-service/src/services/error-agents/memory.agent.ts","statementMap":{"0":{"start":{"line":18,"column":0},"end":{"line":18,"column":16}},"1":{"start":{"line":74,"column":0},"end":{"line":74,"column":16}},"2":{"start":{"line":1,"column":0},"end":{"line":1,"column":24}},"3":{"start":{"line":3,"column":13},"end":{"line":14,"column":3}},"4":{"start":{"line":22,"column":17},"end":{"line":64,"column":63}},"5":{"start":{"line":66,"column":15},"end":{"line":69,"column":44}},"6":{"start":{"line":71,"column":2},"end":{"line":71,"column":26}},"7":{"start":{"line":75,"column":2},"end":{"line":89,"column":4}}},"fnMap":{"0":{"name":"buildMemoryPrompt","decl":{"start":{"line":18,"column":16},"end":{"line":18,"column":33}},"loc":{"start":{"line":21,"column":1},"end":{"line":72,"column":1}}},"1":{"name":"getMockMemoryFeedback","decl":{"start":{"line":74,"column":16},"end":{"line":74,"column":37}},"loc":{"start":{"line":74,"column":54},"end":{"line":90,"column":1}}}},"branchMap":{},"s":{"0":0,"1":0,"2":0,"3":0,"4":0,"5":0,"6":0,"7":0},"f":{"0":0,"1":0},"b":{}}
,"/home/kshitiz/Desktop/major/apps/api-service/src/services/error-agents/runtime.agent.ts": {"path":"/home/kshitiz/Desktop/major/apps/api-service/src/services/error-agents/runtime.agent.ts","statementMap":{"0":{"start":{"line":16,"column":0},"end":{"line":16,"column":16}},"1":{"start":{"line":75,"column":0},"end":{"line":75,"column":16}},"2":{"start":{"line":1,"column":0},"end":{"line":1,"column":24}},"3":{"start":{"line":3,"column":13},"end":{"line":12,"column":3}},"4":{"start":{"line":23,"column":17},"end":{"line":51,"column":64}},"5":{"start":{"line":53,"column":23},"end":{"line":55,"column":8}},"6":{"start":{"line":57,"column":26},"end":{"line":59,"column":48}},"7":{"start":{"line":61,"column":15},"end":{"line":70,"column":63}},"8":{"start":{"line":72,"column":2},"end":{"line":72,"column":26}},"9":{"start":{"line":76,"column":2},"end":{"line":85,"column":4}}},"fnMap":{"0":{"name":"buildRuntimePrompt","decl":{"start":{"line":16,"column":16},"end":{"line":16,"column":34}},"loc":{"start":{"line":22,"column":1},"end":{"line":73,"column":1}}},"1":{"name":"getMockRuntimeFeedback","decl":{"start":{"line":75,"column":16},"end":{"line":75,"column":38}},"loc":{"start":{"line":75,"column":55},"end":{"line":86,"column":1}}}},"branchMap":{"0":{"loc":{"start":{"line":53,"column":23},"end":{"line":55,"column":8}},"type":"cond-expr","locations":[{"start":{"line":54,"column":6},"end":{"line":54,"column":111}},{"start":{"line":55,"column":6},"end":{"line":55,"column":8}}]},"1":{"loc":{"start":{"line":57,"column":26},"end":{"line":59,"column":48}},"type":"cond-expr","locations":[{"start":{"line":58,"column":6},"end":{"line":58,"column":61}},{"start":{"line":59,"column":6},"end":{"line":59,"column":48}}]},"2":{"loc":{"start":{"line":70,"column":3},"end":{"line":70,"column":26}},"type":"binary-expr","locations":[{"start":{"line":70,"column":3},"end":{"line":70,"column":20}},{"start":{"line":70,"column":24},"end":{"line":70,"column":26}}]}},"s":{"0":0,"1":0,"2":0,"3":0,"4":0,"5":0,"6":0,"7":0,"8":0,"9":0},"f":{"0":0,"1":0},"b":{"0":[0,0],"1":[0,0],"2":[0,0]}}
,"/home/kshitiz/Desktop/major/apps/api-service/src/utils/hash.ts": {"path":"/home/kshitiz/Desktop/major/apps/api-service/src/utils/hash.ts","statementMap":{"0":{"start":{"line":6,"column":0},"end":{"line":6,"column":7}},"1":{"start":{"line":10,"column":0},"end":{"line":10,"column":7}},"2":{"start":{"line":14,"column":0},"end":{"line":14,"column":16}},"3":{"start":{"line":1,"column":0},"end":{"line":1,"column":28}},"4":{"start":{"line":2,"column":0},"end":{"line":2,"column":28}},"5":{"start":{"line":4,"column":22},"end":{"line":4,"column":24}},"6":{"start":{"line":7,"column":2},"end":{"line":7,"column":43}},"7":{"start":{"line":11,"column":2},"end":{"line":11,"column":37}},"8":{"start":{"line":15,"column":2},"end":{"line":15,"column":65}}},"fnMap":{"0":{"name":"hashPassword","decl":{"start":{"line":6,"column":22},"end":{"line":6,"column":34}},"loc":{"start":{"line":6,"column":48},"end":{"line":8,"column":1}}},"1":{"name":"verifyPassword","decl":{"start":{"line":10,"column":22},"end":{"line":10,"column":36}},"loc":{"start":{"line":10,"column":64},"end":{"line":12,"column":1}}},"2":{"name":"hashToken","decl":{"start":{"line":14,"column":16},"end":{"line":14,"column":25}},"loc":{"start":{"line":14,"column":39},"end":{"line":16,"column":1}}}},"branchMap":{},"s":{"0":0,"1":0,"2":0,"3":0,"4":0,"5":0,"6":0,"7":0,"8":0},"f":{"0":0,"1":0,"2":0},"b":{}}
,"/home/kshitiz/Desktop/major/apps/api-service/src/utils/jwt.ts": {"path":"/home/kshitiz/Desktop/major/apps/api-service/src/utils/jwt.ts","statementMap":{"0":{"start":{"line":10,"column":0},"end":{"line":10,"column":16}},"1":{"start":{"line":16,"column":0},"end":{"line":16,"column":16}},"2":{"start":{"line":22,"column":0},"end":{"line":22,"column":16}},"3":{"start":{"line":26,"column":0},"end":{"line":26,"column":16}},"4":{"start":{"line":1,"column":0},"end":{"line":1,"column":48}},"5":{"start":{"line":2,"column":0},"end":{"line":2,"column":36}},"6":{"start":{"line":11,"column":2},"end":{"line":13,"column":20}},"7":{"start":{"line":17,"column":2},"end":{"line":19,"column":20}},"8":{"start":{"line":23,"column":2},"end":{"line":23,"column":63}},"9":{"start":{"line":27,"column":2},"end":{"line":27,"column":64}}},"fnMap":{"0":{"name":"signAccessToken","decl":{"start":{"line":10,"column":16},"end":{"line":10,"column":31}},"loc":{"start":{"line":10,"column":51},"end":{"line":14,"column":1}}},"1":{"name":"signRefreshToken","decl":{"start":{"line":16,"column":16},"end":{"line":16,"column":32}},"loc":{"start":{"line":16,"column":52},"end":{"line":20,"column":1}}},"2":{"name":"verifyAccessToken","decl":{"start":{"line":22,"column":16},"end":{"line":22,"column":33}},"loc":{"start":{"line":22,"column":47},"end":{"line":24,"column":1}}},"3":{"name":"verifyRefreshToken","decl":{"start":{"line":26,"column":16},"end":{"line":26,"column":34}},"loc":{"start":{"line":26,"column":48},"end":{"line":28,"column":1}}}},"branchMap":{},"s":{"0":0,"1":0,"2":0,"3":0,"4":0,"5":0,"6":0,"7":0,"8":0,"9":0},"f":{"0":0,"1":0,"2":0,"3":0},"b":{}}
,"/home/kshitiz/Desktop/major/apps/api-service/src/validators/auth.validator.ts": {"path":"/home/kshitiz/Desktop/major/apps/api-service/src/validators/auth.validator.ts","statementMap":{"0":{"start":{"line":1,"column":0},"end":{"line":1,"column":24}},"1":{"start":{"line":3,"column":13},"end":{"line":15,"column":3}},"2":{"start":{"line":17,"column":13},"end":{"line":20,"column":3}}},"fnMap":{},"branchMap":{},"s":{"0":0,"1":0,"2":0},"f":{},"b":{}}
,"/home/kshitiz/Desktop/major/apps/api-service/src/validators/room.validator.ts": {"path":"/home/kshitiz/Desktop/major/apps/api-service/src/validators/room.validator.ts","statementMap":{"0":{"start":{"line":1,"column":0},"end":{"line":1,"column":24}},"1":{"start":{"line":3,"column":13},"end":{"line":5,"column":3}},"2":{"start":{"line":7,"column":13},"end":{"line":10,"column":3}}},"fnMap":{},"branchMap":{},"s":{"0":0,"1":0,"2":0},"f":{},"b":{}}
,"/home/kshitiz/Desktop/major/apps/api-service/src/validators/submission.validator.ts": {"path":"/home/kshitiz/Desktop/major/apps/api-service/src/validators/submission.validator.ts","statementMap":{"0":{"start":{"line":1,"column":0},"end":{"line":1,"column":24}},"1":{"start":{"line":3,"column":28},"end":{"line":3,"column":90}},"2":{"start":{"line":5,"column":13},"end":{"line":11,"column":3}},"3":{"start":{"line":13,"column":13},"end":{"line":24,"column":3}}},"fnMap":{},"branchMap":{},"s":{"0":0,"1":0,"2":0,"3":0},"f":{},"b":{}}
}
