TN:
SF:src/app.ts
FN:14,(anonymous_1)
FNF:1
FNH:0
FNDA:0,(anonymous_1)
DA:1,0
DA:2,0
DA:3,0
DA:4,0
DA:5,0
DA:6,0
DA:7,0
DA:9,0
DA:11,0
DA:12,0
DA:16,0
DA:18,0
DA:20,0
DA:21,0
DA:22,0
DA:26,0
DA:27,0
DA:28,0
DA:31,0
DA:38,0
DA:39,0
DA:41,0
DA:43,0
DA:45,0
LF:24
LH:0
BRDA:16,0,0,0
BRDA:16,0,1,0
BRDA:18,1,0,0
BRDA:18,1,1,0
BRDA:20,2,0,0
BRDA:20,2,1,0
BRDA:21,3,0,0
BRDA:21,3,1,0
BRF:8
BRH:0
end_of_record
TN:
SF:src/index.ts
FN:12,start
FN:17,(anonymous_2)
FN:22,(anonymous_3)
FN:27,(anonymous_4)
FN:28,(anonymous_5)
FNF:5
FNH:0
FNDA:0,start
FNDA:0,(anonymous_2)
FNDA:0,(anonymous_3)
FNDA:0,(anonymous_4)
FNDA:0,(anonymous_5)
DA:2,0
DA:3,0
DA:5,0
DA:6,0
DA:7,0
DA:8,0
DA:10,0
DA:13,0
DA:15,0
DA:17,0
DA:18,0
DA:22,0
DA:23,0
DA:24,0
DA:27,0
DA:28,0
DA:29,0
DA:30,0
DA:31,0
LF:19
LH:0
BRF:0
BRH:0
end_of_record
TN:
SF:src/config/env.ts
FN:1,requireEnv
FNF:1
FNH:0
FNDA:0,requireEnv
DA:2,0
DA:3,0
DA:4,0
DA:7,0
LF:4
LH:0
BRDA:3,0,0,0
BRDA:3,0,1,0
BRDA:8,1,0,0
BRDA:8,1,1,0
BRDA:9,2,0,0
BRDA:9,2,1,0
BRDA:11,3,0,0
BRDA:11,3,1,0
BRDA:12,4,0,0
BRDA:12,4,1,0
BRDA:19,5,0,0
BRDA:19,5,1,0
BRDA:20,6,0,0
BRDA:20,6,1,0
BRF:14
BRH:0
end_of_record
TN:
SF:src/controllers/auth.controller.ts
FN:12,register
FN:23,login
FN:34,refresh
FN:49,logout
FN:60,me
FNF:5
FNH:0
FNDA:0,register
FNDA:0,login
FNDA:0,refresh
FNDA:0,logout
FNDA:0,me
DA:2,0
DA:3,0
DA:5,0
DA:12,0
DA:13,0
DA:14,0
DA:15,0
DA:16,0
DA:17,0
DA:19,0
DA:23,0
DA:24,0
DA:25,0
DA:26,0
DA:27,0
DA:28,0
DA:30,0
DA:34,0
DA:35,0
DA:36,0
DA:37,0
DA:38,0
DA:39,0
DA:41,0
DA:42,0
DA:43,0
DA:45,0
DA:49,0
DA:50,0
DA:51,0
DA:52,0
DA:53,0
DA:54,0
DA:56,0
DA:60,0
DA:61,0
LF:36
LH:0
BRDA:7,0,0,0
BRDA:7,0,1,0
BRDA:37,1,0,0
BRDA:37,1,1,0
BRDA:52,2,0,0
BRDA:52,2,1,0
BRF:6
BRH:0
end_of_record
TN:
SF:src/controllers/contest.controller.ts
FN:4,listContests
FN:13,getContest
FN:30,joinContest
FN:39,getLeaderboard
FNF:4
FNH:0
FNDA:0,listContests
FNDA:0,getContest
FNDA:0,joinContest
FNDA:0,getLeaderboard
DA:2,0
DA:4,0
DA:5,0
DA:6,0
DA:7,0
DA:9,0
DA:13,0
DA:14,0
DA:15,0
DA:16,0
DA:17,0
DA:18,0
DA:21,0
DA:22,0
DA:24,0
DA:26,0
DA:30,0
DA:31,0
DA:32,0
DA:33,0
DA:35,0
DA:39,0
DA:40,0
DA:41,0
DA:42,0
DA:44,0
LF:26
LH:0
BRDA:16,0,0,0
BRDA:16,0,1,0
BRDA:22,1,0,0
BRDA:22,1,1,0
BRDA:22,2,0,0
BRDA:22,2,1,0
BRF:6
BRH:0
end_of_record
TN:
SF:src/controllers/problem.controller.ts
FN:4,listProblems
FN:13,getProblem
FN:26,getDraft
FN:47,saveDraft
FNF:4
FNH:0
FNDA:0,listProblems
FNDA:0,getProblem
FNDA:0,getDraft
FNDA:0,saveDraft
DA:2,0
DA:4,0
DA:5,0
DA:6,0
DA:7,0
DA:9,0
DA:13,0
DA:14,0
DA:15,0
DA:16,0
DA:17,0
DA:18,0
DA:20,0
DA:22,0
DA:26,0
DA:27,0
DA:28,0
DA:29,0
DA:30,0
DA:31,0
DA:32,0
DA:35,0
DA:36,0
DA:37,0
DA:40,0
DA:41,0
DA:43,0
DA:47,0
DA:48,0
DA:49,0
DA:50,0
DA:51,0
DA:52,0
DA:53,0
DA:56,0
DA:57,0
DA:58,0
DA:61,0
DA:62,0
DA:64,0
LF:40
LH:0
BRDA:16,0,0,0
BRDA:16,0,1,0
BRDA:30,1,0,0
BRDA:30,1,1,0
BRDA:35,2,0,0
BRDA:35,2,1,0
BRDA:51,3,0,0
BRDA:51,3,1,0
BRDA:56,4,0,0
BRDA:56,4,1,0
BRDA:56,5,0,0
BRDA:56,5,1,0
BRF:12
BRH:0
end_of_record
TN:
SF:src/controllers/replay.controller.ts
FN:4,listSessions
FN:24,getSessionTimeline
FNF:2
FNH:0
FNDA:0,listSessions
FNDA:0,getSessionTimeline
DA:2,0
DA:4,0
DA:5,0
DA:6,0
DA:8,0
DA:18,0
DA:20,0
DA:24,0
DA:25,0
DA:26,0
DA:28,0
DA:32,0
DA:33,0
DA:34,0
DA:37,0
DA:42,0
DA:44,0
LF:17
LH:0
BRDA:32,0,0,0
BRDA:32,0,1,0
BRF:2
BRH:0
end_of_record
TN:
SF:src/controllers/room.controller.ts
FN:5,createRoom
FN:15,getRoom
FN:28,listRooms
FN:37,saveSnapshot
FN:52,getSnapshot
FNF:5
FNH:0
FNDA:0,createRoom
FNDA:0,getRoom
FNDA:0,listRooms
FNDA:0,saveSnapshot
FNDA:0,getSnapshot
DA:2,0
DA:3,0
DA:5,0
DA:6,0
DA:7,0
DA:8,0
DA:9,0
DA:11,0
DA:15,0
DA:16,0
DA:17,0
DA:18,0
DA:19,0
DA:20,0
DA:22,0
DA:24,0
DA:28,0
DA:29,0
DA:30,0
DA:31,0
DA:33,0
DA:37,0
DA:38,0
DA:39,0
DA:40,0
DA:41,0
DA:42,0
DA:44,0
DA:45,0
DA:46,0
DA:48,0
DA:52,0
DA:53,0
DA:54,0
DA:55,0
DA:56,0
DA:57,0
DA:59,0
DA:61,0
LF:39
LH:0
BRDA:18,0,0,0
BRDA:18,0,1,0
BRDA:40,1,0,0
BRDA:40,1,1,0
BRDA:55,2,0,0
BRDA:55,2,1,0
BRF:6
BRH:0
end_of_record
TN:
SF:src/controllers/submission.controller.ts
FN:9,createSubmission
FN:24,(anonymous_10)
FN:48,getSubmission
FN:61,listSubmissions
FN:70,getRoomSubmissions
FN:80,updateStatus
FN:95,getFeedback
FN:104,getErrorFeedback
FNF:8
FNH:0
FNDA:0,createSubmission
FNDA:0,(anonymous_10)
FNDA:0,getSubmission
FNDA:0,listSubmissions
FNDA:0,getRoomSubmissions
FNDA:0,updateStatus
FNDA:0,getFeedback
FNDA:0,getErrorFeedback
DA:2,0
DA:3,0
DA:4,0
DA:5,0
DA:7,0
DA:9,0
DA:10,0
DA:11,0
DA:12,0
DA:17,0
DA:18,0
DA:22,0
DA:23,0
DA:24,0
DA:32,0
DA:42,0
DA:44,0
DA:48,0
DA:49,0
DA:50,0
DA:51,0
DA:52,0
DA:53,0
DA:55,0
DA:57,0
DA:61,0
DA:62,0
DA:63,0
DA:64,0
DA:66,0
DA:70,0
DA:71,0
DA:73,0
DA:74,0
DA:76,0
DA:80,0
DA:81,0
DA:82,0
DA:83,0
DA:84,0
DA:85,0
DA:87,0
DA:88,0
DA:89,0
DA:91,0
DA:95,0
DA:96,0
DA:97,0
DA:98,0
DA:100,0
DA:104,0
DA:105,0
DA:106,0
DA:107,0
DA:109,0
DA:110,0
LF:56
LH:0
BRDA:17,0,0,0
BRDA:17,0,1,0
BRDA:22,1,0,0
BRDA:22,1,1,0
BRDA:35,2,0,0
BRDA:35,2,1,0
BRDA:51,3,0,0
BRDA:51,3,1,0
BRDA:83,4,0,0
BRDA:83,4,1,0
BRF:10
BRH:0
end_of_record
TN:
SF:src/middleware/authenticate.ts
FN:5,authenticate
FNF:1
FNH:0
FNDA:0,authenticate
DA:2,0
DA:3,0
DA:5,0
DA:6,0
DA:8,0
DA:9,0
DA:10,0
DA:13,0
DA:15,0
DA:16,0
DA:19,0
DA:20,0
DA:21,0
DA:22,0
DA:25,0
DA:26,0
DA:28,0
LF:17
LH:0
BRDA:8,0,0,0
BRDA:8,0,1,0
BRDA:20,1,0,0
BRDA:20,1,1,0
BRF:4
BRH:0
end_of_record
TN:
SF:src/middleware/authorize.ts
FN:4,authorize
FN:5,(anonymous_1)
FNF:2
FNH:0
FNDA:0,authorize
FNDA:0,(anonymous_1)
DA:4,0
DA:5,0
DA:6,0
DA:7,0
DA:8,0
DA:10,0
DA:11,0
DA:12,0
DA:14,0
LF:9
LH:0
BRDA:6,0,0,0
BRDA:6,0,1,0
BRDA:10,1,0,0
BRDA:10,1,1,0
BRF:4
BRH:0
end_of_record
TN:
SF:src/middleware/error.middleware.ts
FN:8,errorMiddleware
FN:17,(anonymous_1)
FNF:2
FNH:0
FNDA:0,errorMiddleware
FNDA:0,(anonymous_1)
DA:2,0
DA:8,0
DA:14,0
DA:15,0
DA:17,0
DA:19,0
DA:22,0
DA:23,0
DA:25,0
DA:26,0
DA:27,0
DA:28,0
DA:32,0
LF:13
LH:0
BRDA:14,0,0,0
BRDA:14,0,1,0
BRDA:22,1,0,0
BRDA:22,1,1,0
BRDA:23,2,0,0
BRDA:23,2,1,0
BRDA:25,3,0,0
BRDA:25,3,1,0
BRDA:28,4,0,0
BRDA:28,4,1,0
BRF:10
BRH:0
end_of_record
TN:
SF:src/prisma/client.ts
FNF:0
FNH:0
DA:1,0
DA:3,0
DA:5,0
DA:11,0
DA:12,0
LF:5
LH:0
BRDA:6,0,0,0
BRDA:6,0,1,0
BRDA:8,1,0,0
BRDA:8,1,1,0
BRDA:11,2,0,0
BRDA:11,2,1,0
BRF:6
BRH:0
end_of_record
TN:
SF:src/queue/producer.ts
FN:22,enqueueSubmission
FNF:1
FNH:0
FNDA:0,enqueueSubmission
DA:1,0
DA:2,0
DA:3,0
DA:6,0
DA:8,0
DA:12,0
DA:22,0
DA:23,0
DA:26,0
LF:9
LH:0
BRDA:26,0,0,0
BRDA:26,0,1,0
BRF:2
BRH:0
end_of_record
TN:
SF:src/redis/pubsub.ts
FN:6,(anonymous_1)
FNF:1
FNH:0
FNDA:0,(anonymous_1)
DA:1,0
DA:2,0
DA:4,0
DA:6,0
DA:7,0
LF:5
LH:0
BRF:0
BRH:0
end_of_record
TN:
SF:src/routes/auth.routes.ts
FNF:0
FNH:0
DA:1,0
DA:2,0
DA:3,0
DA:5,0
DA:7,0
DA:8,0
DA:9,0
DA:10,0
DA:13,0
DA:15,0
LF:10
LH:0
BRF:0
BRH:0
end_of_record
TN:
SF:src/routes/contest.routes.ts
FNF:0
FNH:0
DA:1,0
DA:2,0
DA:3,0
DA:5,0
DA:7,0
DA:8,0
DA:9,0
DA:10,0
DA:12,0
LF:9
LH:0
BRF:0
BRH:0
end_of_record
TN:
SF:src/routes/health.ts
FN:5,(anonymous_0)
FNF:1
FNH:0
FNDA:0,(anonymous_0)
DA:1,0
DA:3,0
DA:5,0
DA:6,0
DA:13,0
LF:5
LH:0
BRF:0
BRH:0
end_of_record
TN:
SF:src/routes/index.ts
FNF:0
FNH:0
DA:1,0
DA:2,0
DA:3,0
DA:4,0
DA:5,0
DA:6,0
DA:7,0
DA:8,0
DA:10,0
DA:12,0
DA:13,0
DA:14,0
DA:15,0
DA:16,0
DA:17,0
DA:18,0
DA:20,0
LF:17
LH:0
BRF:0
BRH:0
end_of_record
TN:
SF:src/routes/problem.routes.ts
FNF:0
FNH:0
DA:1,0
DA:2,0
DA:3,0
DA:5,0
DA:7,0
DA:8,0
DA:9,0
DA:10,0
DA:12,0
LF:9
LH:0
BRF:0
BRH:0
end_of_record
TN:
SF:src/routes/replay.routes.ts
FNF:0
FNH:0
DA:1,0
DA:2,0
DA:3,0
DA:5,0
DA:9,0
DA:11,0
DA:12,0
DA:14,0
LF:8
LH:0
BRF:0
BRH:0
end_of_record
TN:
SF:src/routes/room.routes.ts
FNF:0
FNH:0
DA:1,0
DA:2,0
DA:3,0
DA:4,0
DA:6,0
DA:8,0
DA:9,0
DA:10,0
DA:11,0
DA:12,0
DA:13,0
DA:15,0
LF:12
LH:0
BRF:0
BRH:0
end_of_record
TN:
SF:src/routes/submission.routes.ts
FNF:0
FNH:0
DA:1,0
DA:2,0
DA:3,0
DA:12,0
DA:14,0
DA:15,0
DA:16,0
DA:17,0
DA:18,0
DA:19,0
DA:21,0
LF:11
LH:0
BRF:0
BRH:0
end_of_record
TN:
SF:src/services/ai.service.ts
FN:28,generateFeedback
FN:118,saveFeedback
FN:152,generateErrorFeedback
FN:242,buildAgentPrompt
FN:269,validateAgentResponse
FN:286,buildMockResponse
FN:303,saveErrorFeedback
FNF:7
FNH:0
FNDA:0,generateFeedback
FNDA:0,saveFeedback
FNDA:0,generateErrorFeedback
FNDA:0,buildAgentPrompt
FNDA:0,validateAgentResponse
FNDA:0,buildMockResponse
FNDA:0,saveErrorFeedback
DA:1,0
DA:2,0
DA:3,0
DA:4,0
DA:7,0
DA:8,0
DA:9,0
DA:10,0
DA:11,0
DA:12,0
DA:14,0
DA:17,0
DA:28,0
DA:30,0
DA:33,0
DA:36,0
DA:41,0
DA:42,0
DA:46,0
DA:47,0
DA:48,0
DA:59,0
DA:71,0
DA:81,0
DA:91,0
DA:92,0
DA:94,0
DA:95,0
DA:96,0
DA:98,0
DA:101,0
DA:102,0
DA:105,0
DA:108,0
DA:109,0
DA:110,0
DA:111,0
DA:113,0
DA:114,0
DA:119,0
DA:143,0
DA:152,0
DA:155,0
DA:158,0
DA:161,0
DA:165,0
DA:166,0
DA:169,0
DA:171,0
DA:172,0
DA:178,0
DA:181,0
DA:182,0
DA:183,0
DA:184,0
DA:188,0
DA:193,0
DA:203,0
DA:213,0
DA:214,0
DA:216,0
DA:217,0
DA:218,0
DA:220,0
DA:223,0
DA:224,0
DA:225,0
DA:228,0
DA:229,0
DA:232,0
DA:233,0
DA:234,0
DA:235,0
DA:237,0
DA:238,0
DA:253,0
DA:255,0
DA:257,0
DA:259,0
DA:261,0
DA:263,0
DA:265,0
DA:270,0
DA:272,0
DA:274,0
DA:276,0
DA:278,0
DA:280,0
DA:282,0
DA:287,0
DA:289,0
DA:291,0
DA:293,0
DA:295,0
DA:297,0
DA:299,0
DA:305,0
LF:97
LH:0
BRDA:14,0,0,0
BRDA:14,0,1,0
BRDA:33,1,0,0
BRDA:33,1,1,0
BRDA:41,2,0,0
BRDA:41,2,1,0
BRDA:41,3,0,0
BRDA:41,3,1,0
BRDA:46,4,0,0
BRDA:46,4,1,0
BRDA:95,5,0,0
BRDA:95,5,1,0
BRDA:95,6,0,0
BRDA:95,6,1,0
BRDA:95,6,2,0
BRDA:102,7,0,0
BRDA:102,7,1,0
BRDA:158,8,0,0
BRDA:158,8,1,0
BRDA:165,9,0,0
BRDA:165,9,1,0
BRDA:169,10,0,0
BRDA:169,10,1,0
BRDA:171,11,0,0
BRDA:171,11,1,0
BRDA:181,12,0,0
BRDA:181,12,1,0
BRDA:217,13,0,0
BRDA:217,13,1,0
BRDA:217,14,0,0
BRDA:217,14,1,0
BRDA:217,14,2,0
BRDA:225,15,0,0
BRDA:225,15,1,0
BRDA:253,16,0,0
BRDA:253,16,1,0
BRDA:253,16,2,0
BRDA:253,16,3,0
BRDA:253,16,4,0
BRDA:253,16,5,0
BRDA:270,17,0,0
BRDA:270,17,1,0
BRDA:270,17,2,0
BRDA:270,17,3,0
BRDA:270,17,4,0
BRDA:270,17,5,0
BRDA:287,18,0,0
BRDA:287,18,1,0
BRDA:287,18,2,0
BRDA:287,18,3,0
BRDA:287,18,4,0
BRDA:287,18,5,0
BRF:52
BRH:0
end_of_record
TN:
SF:src/services/auth.service.ts
FN:12,toSafeUser
FN:17,buildPayload
FN:21,issueTokens
FN:37,register
FN:59,login
FN:70,refresh
FN:87,logout
FNF:7
FNH:0
FNDA:0,toSafeUser
FNDA:0,buildPayload
FNDA:0,issueTokens
FNDA:0,register
FNDA:0,login
FNDA:0,refresh
FNDA:0,logout
DA:2,0
DA:3,0
DA:4,0
DA:8,0
DA:13,0
DA:14,0
DA:18,0
DA:22,0
DA:23,0
DA:24,0
DA:26,0
DA:34,0
DA:37,0
DA:38,0
DA:42,0
DA:43,0
DA:44,0
DA:47,0
DA:55,0
DA:56,0
DA:59,0
DA:60,0
DA:62,0
DA:63,0
DA:66,0
DA:67,0
DA:70,0
DA:71,0
DA:72,0
DA:74,0
DA:76,0
DA:77,0
DA:81,0
DA:83,0
DA:84,0
DA:87,0
DA:88,0
DA:89,0
LF:38
LH:0
BRDA:42,0,0,0
BRDA:42,0,1,0
BRDA:43,1,0,0
BRDA:43,1,1,0
BRDA:62,2,0,0
BRDA:62,2,1,0
BRDA:62,3,0,0
BRDA:62,3,1,0
BRDA:76,4,0,0
BRDA:76,4,1,0
BRDA:76,5,0,0
BRDA:76,5,1,0
BRF:12
BRH:0
end_of_record
TN:
SF:src/services/contest.service.ts
FN:3,listContests
FN:12,(anonymous_1)
FN:18,getContest
FN:34,joinContest
FN:45,getLeaderboard
FNF:5
FNH:0
FNDA:0,listContests
FNDA:0,(anonymous_1)
FNDA:0,getContest
FNDA:0,joinContest
FNDA:0,getLeaderboard
DA:1,0
DA:3,0
DA:4,0
DA:5,0
DA:12,0
DA:18,0
DA:19,0
DA:34,0
DA:35,0
DA:36,0
DA:38,0
DA:45,0
DA:46,0
LF:13
LH:0
BRDA:14,0,0,0
BRDA:14,0,1,0
BRDA:14,1,0,0
BRDA:14,1,1,0
BRDA:36,2,0,0
BRDA:36,2,1,0
BRF:6
BRH:0
end_of_record
TN:
SF:src/services/problem.service.ts
FN:3,listProblems
FN:16,getProblemBySlug
FN:25,getDraft
FN:37,saveDraft
FNF:4
FNH:0
FNDA:0,listProblems
FNDA:0,getProblemBySlug
FNDA:0,getDraft
FNDA:0,saveDraft
DA:1,0
DA:3,0
DA:4,0
DA:16,0
DA:17,0
DA:25,0
DA:26,0
DA:37,0
DA:38,0
LF:9
LH:0
BRF:0
BRH:0
end_of_record
TN:
SF:src/services/room.service.ts
FN:4,createRoom
FN:14,getRoomById
FN:26,getUserRooms
FN:34,saveSnapshot
FN:44,getLatestSnapshot
FNF:5
FNH:0
FNDA:0,createRoom
FNDA:0,getRoomById
FNDA:0,getUserRooms
FNDA:0,saveSnapshot
FNDA:0,getLatestSnapshot
DA:1,0
DA:4,0
DA:5,0
DA:14,0
DA:15,0
DA:26,0
DA:27,0
DA:34,0
DA:35,0
DA:44,0
DA:45,0
LF:11
LH:0
BRF:0
BRH:0
end_of_record
TN:
SF:src/services/submission.service.ts
FN:7,createSubmission
FN:31,getSubmissionById
FN:40,getUserSubmissions
FN:48,getRoomSubmissions
FN:59,updateSubmissionStatus
FN:95,handleContestSubmission
FN:106,(anonymous_6)
FNF:7
FNH:0
FNDA:0,createSubmission
FNDA:0,getSubmissionById
FNDA:0,getUserSubmissions
FNDA:0,getRoomSubmissions
FNDA:0,updateSubmissionStatus
FNDA:0,handleContestSubmission
FNDA:0,(anonymous_6)
DA:1,0
DA:3,0
DA:4,0
DA:5,0
DA:7,0
DA:8,0
DA:20,0
DA:21,0
DA:28,0
DA:31,0
DA:32,0
DA:40,0
DA:41,0
DA:48,0
DA:49,0
DA:59,0
DA:60,0
DA:76,0
DA:77,0
DA:78,0
DA:79,0
DA:81,0
DA:88,0
DA:89,0
DA:92,0
DA:96,0
DA:97,0
DA:98,0
DA:100,0
DA:104,0
DA:106,0
DA:107,0
DA:109,0
DA:112,0
DA:114,0
DA:118,0
DA:120,0
DA:121,0
DA:123,0
DA:124,0
DA:125,0
DA:127,0
DA:134,0
DA:136,0
DA:145,0
DA:152,0
DA:157,0
LF:47
LH:0
BRDA:13,0,0,0
BRDA:13,0,1,0
BRDA:14,1,0,0
BRDA:14,1,1,0
BRDA:15,2,0,0
BRDA:15,2,1,0
BRDA:20,3,0,0
BRDA:20,3,1,0
BRDA:71,4,0,0
BRDA:71,4,1,0
BRDA:72,5,0,0
BRDA:72,5,1,0
BRDA:76,6,0,0
BRDA:76,6,1,0
BRDA:78,7,0,0
BRDA:78,7,1,0
BRDA:79,8,0,0
BRDA:79,8,1,0
BRDA:88,9,0,0
BRDA:88,9,1,0
BRDA:88,10,0,0
BRDA:88,10,1,0
BRDA:88,10,2,0
BRDA:88,10,3,0
BRDA:104,11,0,0
BRDA:104,11,1,0
BRDA:107,12,0,0
BRDA:107,12,1,0
BRDA:112,13,0,0
BRDA:112,13,1,0
BRDA:118,14,0,0
BRDA:118,14,1,0
BRDA:123,15,0,0
BRDA:123,15,1,0
BRF:34
BRH:0
end_of_record
TN:
SF:src/services/error-agents/compile.agent.ts
FN:16,buildCompilePrompt
FN:88,getMockCompileFeedback
FNF:2
FNH:0
FNDA:0,buildCompilePrompt
FNDA:0,getMockCompileFeedback
DA:1,0
DA:3,0
DA:16,0
DA:21,0
DA:77,0
DA:85,0
DA:88,0
DA:89,0
LF:8
LH:0
BRDA:83,0,0,0
BRDA:83,0,1,0
BRF:2
BRH:0
end_of_record
TN:
SF:src/services/error-agents/complexity.agent.ts
FN:18,buildComplexityPrompt
FN:79,getMockComplexityFeedback
FNF:2
FNH:0
FNDA:0,buildComplexityPrompt
FNDA:0,getMockComplexityFeedback
DA:1,0
DA:3,0
DA:18,0
DA:23,0
DA:68,0
DA:70,0
DA:76,0
DA:79,0
DA:80,0
LF:9
LH:0
BRDA:68,0,0,0
BRDA:68,0,1,0
BRF:2
BRH:0
end_of_record
TN:
SF:src/services/error-agents/logic.agent.ts
FN:17,buildLogicPrompt
FN:81,getMockLogicFeedback
FNF:2
FNH:0
FNDA:0,buildLogicPrompt
FNDA:0,getMockLogicFeedback
DA:1,0
DA:3,0
DA:17,0
DA:22,0
DA:66,0
DA:70,0
DA:78,0
DA:81,0
DA:82,0
LF:9
LH:0
BRDA:66,0,0,0
BRDA:66,0,1,0
BRF:2
BRH:0
end_of_record
TN:
SF:src/services/error-agents/loop.agent.ts
FN:17,buildLoopPrompt
FN:76,getMockLoopFeedback
FNF:2
FNH:0
FNDA:0,buildLoopPrompt
FNDA:0,getMockLoopFeedback
DA:1,0
DA:3,0
DA:17,0
DA:22,0
DA:65,0
DA:67,0
DA:73,0
DA:76,0
DA:77,0
LF:9
LH:0
BRDA:65,0,0,0
BRDA:65,0,1,0
BRF:2
BRH:0
end_of_record
TN:
SF:src/services/error-agents/memory.agent.ts
FN:18,buildMemoryPrompt
FN:74,getMockMemoryFeedback
FNF:2
FNH:0
FNDA:0,buildMemoryPrompt
FNDA:0,getMockMemoryFeedback
DA:1,0
DA:3,0
DA:18,0
DA:22,0
DA:66,0
DA:71,0
DA:74,0
DA:75,0
LF:8
LH:0
BRF:0
BRH:0
end_of_record
TN:
SF:src/services/error-agents/runtime.agent.ts
FN:16,buildRuntimePrompt
FN:75,getMockRuntimeFeedback
FNF:2
FNH:0
FNDA:0,buildRuntimePrompt
FNDA:0,getMockRuntimeFeedback
DA:1,0
DA:3,0
DA:16,0
DA:23,0
DA:53,0
DA:57,0
DA:61,0
DA:72,0
DA:75,0
DA:76,0
LF:10
LH:0
BRDA:53,0,0,0
BRDA:53,0,1,0
BRDA:57,1,0,0
BRDA:57,1,1,0
BRDA:70,2,0,0
BRDA:70,2,1,0
BRF:6
BRH:0
end_of_record
TN:
SF:src/utils/hash.ts
FN:6,hashPassword
FN:10,verifyPassword
FN:14,hashToken
FNF:3
FNH:0
FNDA:0,hashPassword
FNDA:0,verifyPassword
FNDA:0,hashToken
DA:1,0
DA:2,0
DA:4,0
DA:6,0
DA:7,0
DA:10,0
DA:11,0
DA:14,0
DA:15,0
LF:9
LH:0
BRF:0
BRH:0
end_of_record
TN:
SF:src/utils/jwt.ts
FN:10,signAccessToken
FN:16,signRefreshToken
FN:22,verifyAccessToken
FN:26,verifyRefreshToken
FNF:4
FNH:0
FNDA:0,signAccessToken
FNDA:0,signRefreshToken
FNDA:0,verifyAccessToken
FNDA:0,verifyRefreshToken
DA:1,0
DA:2,0
DA:10,0
DA:11,0
DA:16,0
DA:17,0
DA:22,0
DA:23,0
DA:26,0
DA:27,0
LF:10
LH:0
BRF:0
BRH:0
end_of_record
TN:
SF:src/validators/auth.validator.ts
FNF:0
FNH:0
DA:1,0
DA:3,0
DA:17,0
LF:3
LH:0
BRF:0
BRH:0
end_of_record
TN:
SF:src/validators/room.validator.ts
FNF:0
FNH:0
DA:1,0
DA:3,0
DA:7,0
LF:3
LH:0
BRF:0
BRH:0
end_of_record
TN:
SF:src/validators/submission.validator.ts
FNF:0
FNH:0
DA:1,0
DA:3,0
DA:5,0
DA:13,0
LF:4
LH:0
BRF:0
BRH:0
end_of_record
