{"/home/kshitiz/Desktop/major/apps/execution-service/src/index.ts": {"path":"/home/kshitiz/Desktop/major/apps/execution-service/src/index.ts","statementMap":{"0":{"start":{"line":1,"column":0},"end":{"line":1,"column":28}},"1":{"start":{"line":2,"column":0},"end":{"line":2,"column":16}},"2":{"start":{"line":4,"column":0},"end":{"line":4,"column":69}},"3":{"start":{"line":5,"column":0},"end":{"line":5,"column":35}},"4":{"start":{"line":7,"column":0},"end":{"line":7,"column":47}},"5":{"start":{"line":8,"column":0},"end":{"line":8,"column":73}},"6":{"start":{"line":9,"column":0},"end":{"line":9,"column":73}},"7":{"start":{"line":11,"column":15},"end":{"line":11,"column":39}},"8":{"start":{"line":13,"column":0},"end":{"line":13,"column":77}},"9":{"start":{"line":15,"column":0},"end":{"line":17,"column":3}},"10":{"start":{"line":16,"column":2},"end":{"line":16,"column":68}}},"fnMap":{"0":{"name":"(anonymous_1)","decl":{"start":{"line":15,"column":33},"end":{"line":15,"column":34}},"loc":{"start":{"line":15,"column":44},"end":{"line":17,"column":1}}}},"branchMap":{},"s":{"0":0,"1":0,"2":0,"3":0,"4":0,"5":0,"6":0,"7":0,"8":0,"9":0,"10":0},"f":{"0":0},"b":{}}
,"/home/kshitiz/Desktop/major/apps/execution-service/src/config/env.ts": {"path":"/home/kshitiz/Desktop/major/apps/execution-service/src/config/env.ts","statementMap":{"0":{"start":{"line":2,"column":14},"end":{"line":2,"column":30}},"1":{"start":{"line":3,"column":2},"end":{"line":3,"column":81}},"2":{"start":{"line":3,"column":38},"end":{"line":3,"column":81}},"3":{"start":{"line":4,"column":2},"end":{"line":4,"column":37}},"4":{"start":{"line":7,"column":13},"end":{"line":11,"column":11}}},"fnMap":{"0":{"name":"get","decl":{"start":{"line":1,"column":9},"end":{"line":1,"column":12}},"loc":{"start":{"line":1,"column":43},"end":{"line":5,"column":1}}}},"branchMap":{"0":{"loc":{"start":{"line":3,"column":2},"end":{"line":3,"column":81}},"type":"if","locations":[{"start":{"line":3,"column":2},"end":{"line":3,"column":81}},{"start":{},"end":{}}]},"1":{"loc":{"start":{"line":3,"column":6},"end":{"line":3,"column":36}},"type":"binary-expr","locations":[{"start":{"line":3,"column":6},"end":{"line":3,"column":10}},{"start":{"line":3,"column":14},"end":{"line":3,"column":36}}]},"2":{"loc":{"start":{"line":4,"column":9},"end":{"line":4,"column":36}},"type":"binary-expr","locations":[{"start":{"line":4,"column":9},"end":{"line":4,"column":12}},{"start":{"line":4,"column":17},"end":{"line":4,"column":36}}]}},"s":{"0":0,"1":0,"2":0,"3":0,"4":0},"f":{"0":0},"b":{"0":[0,0],"1":[0,0],"2":[0,0]}}
,"/home/kshitiz/Desktop/major/apps/execution-service/src/config/redis.ts": {"path":"/home/kshitiz/Desktop/major/apps/execution-service/src/config/redis.ts","statementMap":{"0":{"start":{"line":4,"column":0},"end":{"line":4,"column":16}},"1":{"start":{"line":1,"column":0},"end":{"line":1,"column":30}},"2":{"start":{"line":2,"column":0},"end":{"line":2,"column":28}},"3":{"start":{"line":5,"column":2},"end":{"line":8,"column":5}}},"fnMap":{"0":{"name":"createRedisConnection","decl":{"start":{"line":4,"column":16},"end":{"line":4,"column":37}},"loc":{"start":{"line":4,"column":37},"end":{"line":9,"column":1}}}},"branchMap":{},"s":{"0":0,"1":0,"2":0,"3":0},"f":{"0":0},"b":{}}
,"/home/kshitiz/Desktop/major/apps/execution-service/src/config/sandbox.config.ts": {"path":"/home/kshitiz/Desktop/major/apps/execution-service/src/config/sandbox.config.ts","statementMap":{"0":{"start":{"line":1,"column":13},"end":{"line":12,"column":11}}},"fnMap":{},"branchMap":{},"s":{"0":0},"f":{},"b":{}}
,"/home/kshitiz/Desktop/major/apps/execution-service/src/docker/docker.util.ts": {"path":"/home/kshitiz/Desktop/major/apps/execution-service/src/docker/docker.util.ts","statementMap":{"0":{"start":{"line":21,"column":0},"end":{"line":21,"column":7}},"1":{"start":{"line":41,"column":0},"end":{"line":41,"column":7}},"2":{"start":{"line":1,"column":0},"end":{"line":1,"column":37}},"3":{"start":{"line":2,"column":0},"end":{"line":2,"column":33}},"4":{"start":{"line":4,"column":18},"end":{"line":4,"column":33}},"5":{"start":{"line":22,"column":90},"end":{"line":22,"column":97}},"6":{"start":{"line":24,"column":21},"end":{"line":24,"column":58}},"7":{"start":{"line":24,"column":38},"end":{"line":24,"column":47}},"8":{"start":{"line":25,"column":14},"end":{"line":25,"column":144}},"9":{"start":{"line":27,"column":2},"end":{"line":38,"column":3}},"10":{"start":{"line":28,"column":31},"end":{"line":28,"column":51}},"11":{"start":{"line":29,"column":4},"end":{"line":29,"column":30}},"12":{"start":{"line":32,"column":4},"end":{"line":37,"column":6}},"13":{"start":{"line":42,"column":2},"end":{"line":47,"column":3}},"14":{"start":{"line":43,"column":4},"end":{"line":43,"column":52}}},"fnMap":{"0":{"name":"runDockerContainer","decl":{"start":{"line":21,"column":22},"end":{"line":21,"column":40}},"loc":{"start":{"line":21,"column":66},"end":{"line":39,"column":1}}},"1":{"name":"(anonymous_1)","decl":{"start":{"line":24,"column":33},"end":{"line":24,"column":34}},"loc":{"start":{"line":24,"column":38},"end":{"line":24,"column":47}}},"2":{"name":"killDockerContainer","decl":{"start":{"line":41,"column":22},"end":{"line":41,"column":41}},"loc":{"start":{"line":41,"column":63},"end":{"line":48,"column":1}}}},"branchMap":{"0":{"loc":{"start":{"line":22,"column":46},"end":{"line":22,"column":62}},"type":"default-arg","locations":[{"start":{"line":22,"column":56},"end":{"line":22,"column":62}}]},"1":{"loc":{"start":{"line":22,"column":64},"end":{"line":22,"column":76}},"type":"default-arg","locations":[{"start":{"line":22,"column":74},"end":{"line":22,"column":76}}]},"2":{"loc":{"start":{"line":34,"column":14},"end":{"line":34,"column":30}},"type":"binary-expr","locations":[{"start":{"line":34,"column":14},"end":{"line":34,"column":24}},{"start":{"line":34,"column":28},"end":{"line":34,"column":30}}]},"3":{"loc":{"start":{"line":35,"column":14},"end":{"line":35,"column":39}},"type":"binary-expr","locations":[{"start":{"line":35,"column":14},"end":{"line":35,"column":24}},{"start":{"line":35,"column":28},"end":{"line":35,"column":39}}]}},"s":{"0":0,"1":0,"2":0,"3":0,"4":0,"5":0,"6":0,"7":0,"8":0,"9":0,"10":0,"11":0,"12":0,"13":0,"14":0},"f":{"0":0,"1":0,"2":0},"b":{"0":[0],"1":[0],"2":[0,0],"3":[0,0]}}
,"/home/kshitiz/Desktop/major/apps/execution-service/src/instrumentation/collector.ts": {"path":"/home/kshitiz/Desktop/major/apps/execution-service/src/instrumentation/collector.ts","statementMap":{"0":{"start":{"line":2,"column":0},"end":{"line":2,"column":45}},"1":{"start":{"line":9,"column":20},"end":{"line":9,"column":41}},"2":{"start":{"line":10,"column":42},"end":{"line":10,"column":44}},"3":{"start":{"line":12,"column":4},"end":{"line":14,"column":5}},"4":{"start":{"line":13,"column":6},"end":{"line":13,"column":30}},"5":{"start":{"line":16,"column":21},"end":{"line":16,"column":42}},"6":{"start":{"line":19,"column":4},"end":{"line":28,"column":5}},"7":{"start":{"line":20,"column":6},"end":{"line":27,"column":7}},"8":{"start":{"line":21,"column":8},"end":{"line":26,"column":11}},"9":{"start":{"line":31,"column":4},"end":{"line":40,"column":5}},"10":{"start":{"line":32,"column":6},"end":{"line":39,"column":7}},"11":{"start":{"line":33,"column":8},"end":{"line":38,"column":11}},"12":{"start":{"line":43,"column":4},"end":{"line":52,"column":5}},"13":{"start":{"line":44,"column":6},"end":{"line":51,"column":7}},"14":{"start":{"line":45,"column":8},"end":{"line":50,"column":11}},"15":{"start":{"line":54,"column":4},"end":{"line":57,"column":6}},"16":{"start":{"line":4,"column":0},"end":{"line":4,"column":13}}},"fnMap":{"0":{"name":"(anonymous_0)","decl":{"start":{"line":8,"column":2},"end":{"line":8,"column":8}},"loc":{"start":{"line":8,"column":47},"end":{"line":58,"column":3}}}},"branchMap":{"0":{"loc":{"start":{"line":20,"column":6},"end":{"line":27,"column":7}},"type":"if","locations":[{"start":{"line":20,"column":6},"end":{"line":27,"column":7}},{"start":{},"end":{}}]},"1":{"loc":{"start":{"line":32,"column":6},"end":{"line":39,"column":7}},"type":"if","locations":[{"start":{"line":32,"column":6},"end":{"line":39,"column":7}},{"start":{},"end":{}}]},"2":{"loc":{"start":{"line":44,"column":6},"end":{"line":51,"column":7}},"type":"if","locations":[{"start":{"line":44,"column":6},"end":{"line":51,"column":7}},{"start":{},"end":{}}]},"3":{"loc":{"start":{"line":44,"column":10},"end":{"line":44,"column":44}},"type":"binary-expr","locations":[{"start":{"line":44,"column":10},"end":{"line":44,"column":33}},{"start":{"line":44,"column":37},"end":{"line":44,"column":44}}]}},"s":{"0":0,"1":0,"2":0,"3":0,"4":0,"5":0,"6":0,"7":0,"8":0,"9":0,"10":0,"11":0,"12":0,"13":0,"14":0,"15":0,"16":0},"f":{"0":0},"b":{"0":[0,0],"1":[0,0],"2":[0,0],"3":[0,0]}}
,"/home/kshitiz/Desktop/major/apps/execution-service/src/instrumentation/engine.ts": {"path":"/home/kshitiz/Desktop/major/apps/execution-service/src/instrumentation/engine.ts","statementMap":{"0":{"start":{"line":7,"column":4},"end":{"line":7,"column":66}},"1":{"start":{"line":7,"column":56},"end":{"line":7,"column":66}},"2":{"start":{"line":8,"column":4},"end":{"line":8,"column":60}},"3":{"start":{"line":8,"column":50},"end":{"line":8,"column":60}},"4":{"start":{"line":9,"column":4},"end":{"line":9,"column":13}},"5":{"start":{"line":17,"column":4},"end":{"line":19,"column":5}},"6":{"start":{"line":18,"column":6},"end":{"line":18,"column":45}},"7":{"start":{"line":20,"column":4},"end":{"line":22,"column":5}},"8":{"start":{"line":21,"column":6},"end":{"line":21,"column":38}},"9":{"start":{"line":24,"column":4},"end":{"line":24,"column":16}},"10":{"start":{"line":28,"column":24},"end":{"line":44,"column":2}},"11":{"start":{"line":47,"column":19},"end":{"line":49,"column":null}},"12":{"start":{"line":53,"column":4},"end":{"line":56,"column":6}},"13":{"start":{"line":58,"column":4},"end":{"line":58,"column":34}},"14":{"start":{"line":62,"column":24},"end":{"line":83,"column":2}},"15":{"start":{"line":86,"column":15},"end":{"line":86,"column":19}},"16":{"start":{"line":89,"column":4},"end":{"line":92,"column":6}},"17":{"start":{"line":95,"column":4},"end":{"line":98,"column":6}},"18":{"start":{"line":100,"column":4},"end":{"line":100,"column":30}},"19":{"start":{"line":1,"column":0},"end":{"line":1,"column":13}}},"fnMap":{"0":{"name":"(anonymous_0)","decl":{"start":{"line":6,"column":2},"end":{"line":6,"column":8}},"loc":{"start":{"line":6,"column":44},"end":{"line":10,"column":3}}},"1":{"name":"(anonymous_1)","decl":{"start":{"line":16,"column":2},"end":{"line":16,"column":8}},"loc":{"start":{"line":16,"column":50},"end":{"line":25,"column":3}}},"2":{"name":"(anonymous_2)","decl":{"start":{"line":27,"column":10},"end":{"line":27,"column":16}},"loc":{"start":{"line":27,"column":50},"end":{"line":59,"column":3}}},"3":{"name":"(anonymous_3)","decl":{"start":{"line":61,"column":10},"end":{"line":61,"column":16}},"loc":{"start":{"line":61,"column":43},"end":{"line":101,"column":3}}}},"branchMap":{"0":{"loc":{"start":{"line":7,"column":4},"end":{"line":7,"column":66}},"type":"if","locations":[{"start":{"line":7,"column":4},"end":{"line":7,"column":66}},{"start":{},"end":{}}]},"1":{"loc":{"start":{"line":7,"column":8},"end":{"line":7,"column":54}},"type":"binary-expr","locations":[{"start":{"line":7,"column":8},"end":{"line":7,"column":33}},{"start":{"line":7,"column":37},"end":{"line":7,"column":54}}]},"2":{"loc":{"start":{"line":8,"column":4},"end":{"line":8,"column":60}},"type":"if","locations":[{"start":{"line":8,"column":4},"end":{"line":8,"column":60}},{"start":{},"end":{}}]},"3":{"loc":{"start":{"line":8,"column":8},"end":{"line":8,"column":48}},"type":"binary-expr","locations":[{"start":{"line":8,"column":8},"end":{"line":8,"column":26}},{"start":{"line":8,"column":30},"end":{"line":8,"column":48}}]},"4":{"loc":{"start":{"line":17,"column":4},"end":{"line":19,"column":5}},"type":"if","locations":[{"start":{"line":17,"column":4},"end":{"line":19,"column":5}},{"start":{},"end":{}}]},"5":{"loc":{"start":{"line":17,"column":8},"end":{"line":17,"column":54}},"type":"binary-expr","locations":[{"start":{"line":17,"column":8},"end":{"line":17,"column":33}},{"start":{"line":17,"column":37},"end":{"line":17,"column":54}}]},"6":{"loc":{"start":{"line":20,"column":4},"end":{"line":22,"column":5}},"type":"if","locations":[{"start":{"line":20,"column":4},"end":{"line":22,"column":5}},{"start":{},"end":{}}]},"7":{"loc":{"start":{"line":20,"column":8},"end":{"line":20,"column":48}},"type":"binary-expr","locations":[{"start":{"line":20,"column":8},"end":{"line":20,"column":26}},{"start":{"line":20,"column":30},"end":{"line":20,"column":48}}]}},"s":{"0":0,"1":0,"2":0,"3":0,"4":0,"5":0,"6":0,"7":0,"8":0,"9":0,"10":0,"11":0,"12":0,"13":0,"14":0,"15":0,"16":0,"17":0,"18":0,"19":0},"f":{"0":0,"1":0,"2":0,"3":0},"b":{"0":[0,0],"1":[0,0],"2":[0,0],"3":[0,0],"4":[0,0],"5":[0,0],"6":[0,0],"7":[0,0]}}
,"/home/kshitiz/Desktop/major/apps/execution-service/src/instrumentation/parser.ts": {"path":"/home/kshitiz/Desktop/major/apps/execution-service/src/instrumentation/parser.ts","statementMap":{"0":{"start":{"line":9,"column":37},"end":{"line":9,"column":39}},"1":{"start":{"line":10,"column":24},"end":{"line":10,"column":56}},"2":{"start":{"line":11,"column":24},"end":{"line":11,"column":56}},"3":{"start":{"line":13,"column":22},"end":{"line":35,"column":5}},"4":{"start":{"line":15,"column":20},"end":{"line":15,"column":85}},"5":{"start":{"line":19,"column":6},"end":{"line":33,"column":7}},"6":{"start":{"line":20,"column":8},"end":{"line":25,"column":11}},"7":{"start":{"line":21,"column":31},"end":{"line":21,"column":51}},"8":{"start":{"line":22,"column":26},"end":{"line":22,"column":51}},"9":{"start":{"line":24,"column":10},"end":{"line":24,"column":68}},"10":{"start":{"line":28,"column":8},"end":{"line":32,"column":11}},"11":{"start":{"line":29,"column":31},"end":{"line":29,"column":51}},"12":{"start":{"line":30,"column":26},"end":{"line":30,"column":51}},"13":{"start":{"line":31,"column":10},"end":{"line":31,"column":77}},"14":{"start":{"line":34,"column":6},"end":{"line":34,"column":21}},"15":{"start":{"line":37,"column":41},"end":{"line":37,"column":43}},"16":{"start":{"line":38,"column":41},"end":{"line":38,"column":43}},"17":{"start":{"line":41,"column":4},"end":{"line":53,"column":5}},"18":{"start":{"line":42,"column":6},"end":{"line":52,"column":7}},"19":{"start":{"line":43,"column":8},"end":{"line":49,"column":9}},"20":{"start":{"line":44,"column":26},"end":{"line":44,"column":43}},"21":{"start":{"line":45,"column":25},"end":{"line":45,"column":62}},"22":{"start":{"line":46,"column":10},"end":{"line":46,"column":30}},"23":{"start":{"line":51,"column":8},"end":{"line":51,"column":49}},"24":{"start":{"line":56,"column":4},"end":{"line":68,"column":5}},"25":{"start":{"line":57,"column":6},"end":{"line":67,"column":7}},"26":{"start":{"line":58,"column":8},"end":{"line":64,"column":9}},"27":{"start":{"line":59,"column":26},"end":{"line":59,"column":43}},"28":{"start":{"line":60,"column":25},"end":{"line":60,"column":62}},"29":{"start":{"line":61,"column":10},"end":{"line":61,"column":30}},"30":{"start":{"line":66,"column":8},"end":{"line":66,"column":49}},"31":{"start":{"line":71,"column":4},"end":{"line":71,"column":43}},"32":{"start":{"line":71,"column":26},"end":{"line":71,"column":41}},"33":{"start":{"line":73,"column":4},"end":{"line":77,"column":6}},"34":{"start":{"line":3,"column":0},"end":{"line":3,"column":13}}},"fnMap":{"0":{"name":"(anonymous_0)","decl":{"start":{"line":8,"column":2},"end":{"line":8,"column":8}},"loc":{"start":{"line":8,"column":69},"end":{"line":78,"column":3}}},"1":{"name":"(anonymous_1)","decl":{"start":{"line":13,"column":22},"end":{"line":13,"column":23}},"loc":{"start":{"line":13,"column":47},"end":{"line":35,"column":5}}},"2":{"name":"(anonymous_2)","decl":{"start":{"line":20,"column":67},"end":{"line":20,"column":68}},"loc":{"start":{"line":20,"column":93},"end":{"line":25,"column":9}}},"3":{"name":"(anonymous_3)","decl":{"start":{"line":28,"column":56},"end":{"line":28,"column":57}},"loc":{"start":{"line":28,"column":90},"end":{"line":32,"column":9}}},"4":{"name":"(anonymous_4)","decl":{"start":{"line":71,"column":16},"end":{"line":71,"column":17}},"loc":{"start":{"line":71,"column":26},"end":{"line":71,"column":41}}}},"branchMap":{"0":{"loc":{"start":{"line":8,"column":47},"end":{"line":8,"column":69}},"type":"default-arg","locations":[{"start":{"line":8,"column":68},"end":{"line":8,"column":69}}]},"1":{"loc":{"start":{"line":10,"column":24},"end":{"line":10,"column":56}},"type":"cond-expr","locations":[{"start":{"line":10,"column":33},"end":{"line":10,"column":51}},{"start":{"line":10,"column":54},"end":{"line":10,"column":56}}]},"2":{"loc":{"start":{"line":11,"column":24},"end":{"line":11,"column":56}},"type":"cond-expr","locations":[{"start":{"line":11,"column":33},"end":{"line":11,"column":51}},{"start":{"line":11,"column":54},"end":{"line":11,"column":56}}]},"3":{"loc":{"start":{"line":19,"column":6},"end":{"line":33,"column":7}},"type":"if","locations":[{"start":{"line":19,"column":6},"end":{"line":33,"column":7}},{"start":{},"end":{}}]},"4":{"loc":{"start":{"line":24,"column":29},"end":{"line":24,"column":65}},"type":"cond-expr","locations":[{"start":{"line":24,"column":43},"end":{"line":24,"column":50}},{"start":{"line":24,"column":53},"end":{"line":24,"column":65}}]},"5":{"loc":{"start":{"line":31,"column":29},"end":{"line":31,"column":65}},"type":"cond-expr","locations":[{"start":{"line":31,"column":43},"end":{"line":31,"column":50}},{"start":{"line":31,"column":53},"end":{"line":31,"column":65}}]},"6":{"loc":{"start":{"line":42,"column":6},"end":{"line":52,"column":7}},"type":"if","locations":[{"start":{"line":42,"column":6},"end":{"line":52,"column":7}},{"start":{"line":50,"column":13},"end":{"line":52,"column":7}}]},"7":{"loc":{"start":{"line":57,"column":6},"end":{"line":67,"column":7}},"type":"if","locations":[{"start":{"line":57,"column":6},"end":{"line":67,"column":7}},{"start":{"line":65,"column":13},"end":{"line":67,"column":7}}]}},"s":{"0":0,"1":0,"2":0,"3":0,"4":0,"5":0,"6":0,"7":0,"8":0,"9":0,"10":0,"11":0,"12":0,"13":0,"14":0,"15":0,"16":0,"17":0,"18":0,"19":0,"20":0,"21":0,"22":0,"23":0,"24":0,"25":0,"26":0,"27":0,"28":0,"29":0,"30":0,"31":0,"32":0,"33":0,"34":0},"f":{"0":0,"1":0,"2":0,"3":0,"4":0},"b":{"0":[0],"1":[0,0],"2":[0,0],"3":[0,0],"4":[0,0],"5":[0,0],"6":[0,0],"7":[0,0]}}
,"/home/kshitiz/Desktop/major/apps/execution-service/src/instrumentation/snapshot.ts": {"path":"/home/kshitiz/Desktop/major/apps/execution-service/src/instrumentation/snapshot.ts","statementMap":{"0":{"start":{"line":4,"column":31},"end":{"line":4,"column":34}},"1":{"start":{"line":5,"column":37},"end":{"line":5,"column":39}},"2":{"start":{"line":7,"column":49},"end":{"line":7,"column":51}},"3":{"start":{"line":8,"column":51},"end":{"line":8,"column":53}},"4":{"start":{"line":9,"column":45},"end":{"line":9,"column":47}},"5":{"start":{"line":13,"column":4},"end":{"line":13,"column":28}},"6":{"start":{"line":14,"column":4},"end":{"line":16,"column":5}},"7":{"start":{"line":15,"column":6},"end":{"line":15,"column":26}},"8":{"start":{"line":19,"column":4},"end":{"line":27,"column":5}},"9":{"start":{"line":20,"column":6},"end":{"line":20,"column":87}},"10":{"start":{"line":21,"column":11},"end":{"line":27,"column":5}},"11":{"start":{"line":22,"column":6},"end":{"line":22,"column":91}},"12":{"start":{"line":23,"column":11},"end":{"line":27,"column":5}},"13":{"start":{"line":24,"column":6},"end":{"line":26,"column":7}},"14":{"start":{"line":25,"column":8},"end":{"line":25,"column":65}},"15":{"start":{"line":31,"column":4},"end":{"line":36,"column":6}},"16":{"start":{"line":3,"column":0},"end":{"line":3,"column":13}}},"fnMap":{"0":{"name":"(anonymous_0)","decl":{"start":{"line":11,"column":2},"end":{"line":11,"column":10}},"loc":{"start":{"line":11,"column":32},"end":{"line":28,"column":3}}},"1":{"name":"(anonymous_1)","decl":{"start":{"line":30,"column":2},"end":{"line":30,"column":13}},"loc":{"start":{"line":30,"column":13},"end":{"line":37,"column":3}}}},"branchMap":{"0":{"loc":{"start":{"line":14,"column":4},"end":{"line":16,"column":5}},"type":"if","locations":[{"start":{"line":14,"column":4},"end":{"line":16,"column":5}},{"start":{},"end":{}}]},"1":{"loc":{"start":{"line":19,"column":4},"end":{"line":27,"column":5}},"type":"if","locations":[{"start":{"line":19,"column":4},"end":{"line":27,"column":5}},{"start":{"line":21,"column":11},"end":{"line":27,"column":5}}]},"2":{"loc":{"start":{"line":20,"column":43},"end":{"line":20,"column":81}},"type":"binary-expr","locations":[{"start":{"line":20,"column":43},"end":{"line":20,"column":76}},{"start":{"line":20,"column":80},"end":{"line":20,"column":81}}]},"3":{"loc":{"start":{"line":21,"column":11},"end":{"line":27,"column":5}},"type":"if","locations":[{"start":{"line":21,"column":11},"end":{"line":27,"column":5}},{"start":{"line":23,"column":11},"end":{"line":27,"column":5}}]},"4":{"loc":{"start":{"line":22,"column":45},"end":{"line":22,"column":85}},"type":"binary-expr","locations":[{"start":{"line":22,"column":45},"end":{"line":22,"column":80}},{"start":{"line":22,"column":84},"end":{"line":22,"column":85}}]},"5":{"loc":{"start":{"line":23,"column":11},"end":{"line":27,"column":5}},"type":"if","locations":[{"start":{"line":23,"column":11},"end":{"line":27,"column":5}},{"start":{},"end":{}}]},"6":{"loc":{"start":{"line":24,"column":6},"end":{"line":26,"column":7}},"type":"if","locations":[{"start":{"line":24,"column":6},"end":{"line":26,"column":7}},{"start":{},"end":{}}]},"7":{"loc":{"start":{"line":24,"column":10},"end":{"line":24,"column":64}},"type":"binary-expr","locations":[{"start":{"line":24,"column":10},"end":{"line":24,"column":25}},{"start":{"line":24,"column":29},"end":{"line":24,"column":64}}]}},"s":{"0":0,"1":0,"2":0,"3":0,"4":0,"5":0,"6":0,"7":0,"8":0,"9":0,"10":0,"11":0,"12":0,"13":0,"14":0,"15":0,"16":0},"f":{"0":0,"1":0},"b":{"0":[0,0],"1":[0,0],"2":[0,0],"3":[0,0],"4":[0,0],"5":[0,0],"6":[0,0],"7":[0,0]}}
,"/home/kshitiz/Desktop/major/apps/execution-service/src/instrumentation/analysis/analyzer.ts": {"path":"/home/kshitiz/Desktop/major/apps/execution-service/src/instrumentation/analysis/analyzer.ts","statementMap":{"0":{"start":{"line":3,"column":0},"end":{"line":3,"column":53}},"1":{"start":{"line":4,"column":0},"end":{"line":4,"column":53}},"2":{"start":{"line":5,"column":0},"end":{"line":5,"column":57}},"3":{"start":{"line":18,"column":48},"end":{"line":18,"column":83}},"4":{"start":{"line":21,"column":29},"end":{"line":21,"column":69}},"5":{"start":{"line":24,"column":22},"end":{"line":28,"column":null}},"6":{"start":{"line":32,"column":4},"end":{"line":39,"column":6}},"7":{"start":{"line":7,"column":0},"end":{"line":7,"column":13}}},"fnMap":{"0":{"name":"(anonymous_0)","decl":{"start":{"line":11,"column":2},"end":{"line":11,"column":8}},"loc":{"start":{"line":14,"column":29},"end":{"line":40,"column":3}}}},"branchMap":{},"s":{"0":0,"1":0,"2":0,"3":0,"4":0,"5":0,"6":0,"7":0},"f":{"0":0},"b":{}}
,"/home/kshitiz/Desktop/major/apps/execution-service/src/instrumentation/analysis/crash_inference.ts": {"path":"/home/kshitiz/Desktop/major/apps/execution-service/src/instrumentation/analysis/crash_inference.ts","statementMap":{"0":{"start":{"line":12,"column":28},"end":{"line":12,"column":81}},"1":{"start":{"line":13,"column":24},"end":{"line":13,"column":44}},"2":{"start":{"line":16,"column":4},"end":{"line":39,"column":5}},"3":{"start":{"line":17,"column":6},"end":{"line":24,"column":7}},"4":{"start":{"line":18,"column":8},"end":{"line":23,"column":10}},"5":{"start":{"line":25,"column":6},"end":{"line":32,"column":7}},"6":{"start":{"line":26,"column":8},"end":{"line":31,"column":10}},"7":{"start":{"line":33,"column":6},"end":{"line":38,"column":8}},"8":{"start":{"line":42,"column":4},"end":{"line":49,"column":5}},"9":{"start":{"line":43,"column":6},"end":{"line":48,"column":8}},"10":{"start":{"line":52,"column":4},"end":{"line":75,"column":5}},"11":{"start":{"line":53,"column":6},"end":{"line":60,"column":7}},"12":{"start":{"line":54,"column":8},"end":{"line":59,"column":10}},"13":{"start":{"line":61,"column":6},"end":{"line":68,"column":7}},"14":{"start":{"line":62,"column":8},"end":{"line":67,"column":10}},"15":{"start":{"line":69,"column":6},"end":{"line":74,"column":8}},"16":{"start":{"line":78,"column":4},"end":{"line":85,"column":5}},"17":{"start":{"line":79,"column":6},"end":{"line":84,"column":8}},"18":{"start":{"line":86,"column":4},"end":{"line":93,"column":5}},"19":{"start":{"line":87,"column":6},"end":{"line":92,"column":8}},"20":{"start":{"line":96,"column":4},"end":{"line":111,"column":5}},"21":{"start":{"line":97,"column":6},"end":{"line":104,"column":7}},"22":{"start":{"line":98,"column":8},"end":{"line":103,"column":10}},"23":{"start":{"line":105,"column":6},"end":{"line":110,"column":8}},"24":{"start":{"line":114,"column":4},"end":{"line":119,"column":6}},"25":{"start":{"line":1,"column":0},"end":{"line":1,"column":13}}},"fnMap":{"0":{"name":"(anonymous_0)","decl":{"start":{"line":5,"column":2},"end":{"line":5,"column":8}},"loc":{"start":{"line":9,"column":22},"end":{"line":120,"column":3}}}},"branchMap":{"0":{"loc":{"start":{"line":16,"column":4},"end":{"line":39,"column":5}},"type":"if","locations":[{"start":{"line":16,"column":4},"end":{"line":39,"column":5}},{"start":{},"end":{}}]},"1":{"loc":{"start":{"line":16,"column":8},"end":{"line":16,"column":78}},"type":"binary-expr","locations":[{"start":{"line":16,"column":8},"end":{"line":16,"column":32}},{"start":{"line":16,"column":36},"end":{"line":16,"column":78}}]},"2":{"loc":{"start":{"line":17,"column":6},"end":{"line":24,"column":7}},"type":"if","locations":[{"start":{"line":17,"column":6},"end":{"line":24,"column":7}},{"start":{},"end":{}}]},"3":{"loc":{"start":{"line":17,"column":10},"end":{"line":17,"column":109}},"type":"binary-expr","locations":[{"start":{"line":17,"column":10},"end":{"line":17,"column":59}},{"start":{"line":17,"column":63},"end":{"line":17,"column":109}}]},"4":{"loc":{"start":{"line":25,"column":6},"end":{"line":32,"column":7}},"type":"if","locations":[{"start":{"line":25,"column":6},"end":{"line":32,"column":7}},{"start":{},"end":{}}]},"5":{"loc":{"start":{"line":42,"column":4},"end":{"line":49,"column":5}},"type":"if","locations":[{"start":{"line":42,"column":4},"end":{"line":49,"column":5}},{"start":{},"end":{}}]},"6":{"loc":{"start":{"line":42,"column":8},"end":{"line":42,"column":125}},"type":"binary-expr","locations":[{"start":{"line":42,"column":8},"end":{"line":42,"column":31}},{"start":{"line":42,"column":35},"end":{"line":42,"column":83}},{"start":{"line":42,"column":87},"end":{"line":42,"column":125}}]},"7":{"loc":{"start":{"line":52,"column":4},"end":{"line":75,"column":5}},"type":"if","locations":[{"start":{"line":52,"column":4},"end":{"line":75,"column":5}},{"start":{},"end":{}}]},"8":{"loc":{"start":{"line":52,"column":8},"end":{"line":52,"column":78}},"type":"binary-expr","locations":[{"start":{"line":52,"column":8},"end":{"line":52,"column":32}},{"start":{"line":52,"column":36},"end":{"line":52,"column":78}}]},"9":{"loc":{"start":{"line":53,"column":6},"end":{"line":60,"column":7}},"type":"if","locations":[{"start":{"line":53,"column":6},"end":{"line":60,"column":7}},{"start":{},"end":{}}]},"10":{"loc":{"start":{"line":61,"column":6},"end":{"line":68,"column":7}},"type":"if","locations":[{"start":{"line":61,"column":6},"end":{"line":68,"column":7}},{"start":{},"end":{}}]},"11":{"loc":{"start":{"line":78,"column":4},"end":{"line":85,"column":5}},"type":"if","locations":[{"start":{"line":78,"column":4},"end":{"line":85,"column":5}},{"start":{},"end":{}}]},"12":{"loc":{"start":{"line":78,"column":8},"end":{"line":78,"column":87}},"type":"binary-expr","locations":[{"start":{"line":78,"column":8},"end":{"line":78,"column":45}},{"start":{"line":78,"column":49},"end":{"line":78,"column":87}}]},"13":{"loc":{"start":{"line":86,"column":4},"end":{"line":93,"column":5}},"type":"if","locations":[{"start":{"line":86,"column":4},"end":{"line":93,"column":5}},{"start":{},"end":{}}]},"14":{"loc":{"start":{"line":96,"column":4},"end":{"line":111,"column":5}},"type":"if","locations":[{"start":{"line":96,"column":4},"end":{"line":111,"column":5}},{"start":{},"end":{}}]},"15":{"loc":{"start":{"line":97,"column":6},"end":{"line":104,"column":7}},"type":"if","locations":[{"start":{"line":97,"column":6},"end":{"line":104,"column":7}},{"start":{},"end":{}}]}},"s":{"0":0,"1":0,"2":0,"3":0,"4":0,"5":0,"6":0,"7":0,"8":0,"9":0,"10":0,"11":0,"12":0,"13":0,"14":0,"15":0,"16":0,"17":0,"18":0,"19":0,"20":0,"21":0,"22":0,"23":0,"24":0,"25":0},"f":{"0":0},"b":{"0":[0,0],"1":[0,0],"2":[0,0],"3":[0,0],"4":[0,0],"5":[0,0],"6":[0,0,0],"7":[0,0],"8":[0,0],"9":[0,0],"10":[0,0],"11":[0,0],"12":[0,0],"13":[0,0],"14":[0,0],"15":[0,0]}}
,"/home/kshitiz/Desktop/major/apps/execution-service/src/instrumentation/analysis/pattern_detector.ts": {"path":"/home/kshitiz/Desktop/major/apps/execution-service/src/instrumentation/analysis/pattern_detector.ts","statementMap":{"0":{"start":{"line":8,"column":41},"end":{"line":8,"column":43}},"1":{"start":{"line":11,"column":31},"end":{"line":11,"column":36}},"2":{"start":{"line":12,"column":4},"end":{"line":17,"column":5}},"3":{"start":{"line":13,"column":6},"end":{"line":16,"column":7}},"4":{"start":{"line":14,"column":8},"end":{"line":14,"column":101}},"5":{"start":{"line":15,"column":8},"end":{"line":15,"column":36}},"6":{"start":{"line":20,"column":4},"end":{"line":24,"column":5}},"7":{"start":{"line":21,"column":6},"end":{"line":23,"column":7}},"8":{"start":{"line":22,"column":8},"end":{"line":22,"column":115}},"9":{"start":{"line":29,"column":4},"end":{"line":29,"column":30}},"10":{"start":{"line":3,"column":0},"end":{"line":3,"column":13}}},"fnMap":{"0":{"name":"(anonymous_0)","decl":{"start":{"line":7,"column":2},"end":{"line":7,"column":8}},"loc":{"start":{"line":7,"column":47},"end":{"line":30,"column":3}}}},"branchMap":{"0":{"loc":{"start":{"line":13,"column":6},"end":{"line":16,"column":7}},"type":"if","locations":[{"start":{"line":13,"column":6},"end":{"line":16,"column":7}},{"start":{},"end":{}}]},"1":{"loc":{"start":{"line":21,"column":6},"end":{"line":23,"column":7}},"type":"if","locations":[{"start":{"line":21,"column":6},"end":{"line":23,"column":7}},{"start":{},"end":{}}]}},"s":{"0":0,"1":0,"2":0,"3":0,"4":0,"5":0,"6":0,"7":0,"8":0,"9":0,"10":0},"f":{"0":0},"b":{"0":[0,0],"1":[0,0]}}
,"/home/kshitiz/Desktop/major/apps/execution-service/src/instrumentation/analysis/state_correlator.ts": {"path":"/home/kshitiz/Desktop/major/apps/execution-service/src/instrumentation/analysis/state_correlator.ts","statementMap":{"0":{"start":{"line":9,"column":32},"end":{"line":9,"column":34}},"1":{"start":{"line":10,"column":44},"end":{"line":14,"column":6}},"2":{"start":{"line":17,"column":4},"end":{"line":21,"column":5}},"3":{"start":{"line":18,"column":6},"end":{"line":20,"column":7}},"4":{"start":{"line":19,"column":8},"end":{"line":19,"column":82}},"5":{"start":{"line":25,"column":4},"end":{"line":29,"column":5}},"6":{"start":{"line":26,"column":6},"end":{"line":28,"column":7}},"7":{"start":{"line":27,"column":8},"end":{"line":27,"column":90}},"8":{"start":{"line":32,"column":4},"end":{"line":36,"column":5}},"9":{"start":{"line":33,"column":24},"end":{"line":33,"column":81}},"10":{"start":{"line":34,"column":6},"end":{"line":34,"column":54}},"11":{"start":{"line":35,"column":6},"end":{"line":35,"column":52}},"12":{"start":{"line":38,"column":4},"end":{"line":38,"column":58}},"13":{"start":{"line":3,"column":0},"end":{"line":3,"column":13}}},"fnMap":{"0":{"name":"(anonymous_0)","decl":{"start":{"line":8,"column":2},"end":{"line":8,"column":8}},"loc":{"start":{"line":8,"column":42},"end":{"line":39,"column":3}}}},"branchMap":{"0":{"loc":{"start":{"line":18,"column":6},"end":{"line":20,"column":7}},"type":"if","locations":[{"start":{"line":18,"column":6},"end":{"line":20,"column":7}},{"start":{},"end":{}}]},"1":{"loc":{"start":{"line":18,"column":10},"end":{"line":18,"column":44}},"type":"binary-expr","locations":[{"start":{"line":18,"column":10},"end":{"line":18,"column":33}},{"start":{"line":18,"column":37},"end":{"line":18,"column":44}}]},"2":{"loc":{"start":{"line":26,"column":6},"end":{"line":28,"column":7}},"type":"if","locations":[{"start":{"line":26,"column":6},"end":{"line":28,"column":7}},{"start":{},"end":{}}]},"3":{"loc":{"start":{"line":26,"column":10},"end":{"line":26,"column":52}},"type":"binary-expr","locations":[{"start":{"line":26,"column":10},"end":{"line":26,"column":33}},{"start":{"line":26,"column":37},"end":{"line":26,"column":52}}]},"4":{"loc":{"start":{"line":32,"column":4},"end":{"line":36,"column":5}},"type":"if","locations":[{"start":{"line":32,"column":4},"end":{"line":36,"column":5}},{"start":{},"end":{}}]}},"s":{"0":0,"1":0,"2":0,"3":0,"4":0,"5":0,"6":0,"7":0,"8":0,"9":0,"10":0,"11":0,"12":0,"13":0},"f":{"0":0},"b":{"0":[0,0],"1":[0,0],"2":[0,0],"3":[0,0],"4":[0,0]}}
,"/home/kshitiz/Desktop/major/apps/execution-service/src/queue/queue.names.ts": {"path":"/home/kshitiz/Desktop/major/apps/execution-service/src/queue/queue.names.ts","statementMap":{"0":{"start":{"line":1,"column":13},"end":{"line":1,"column":43}}},"fnMap":{},"branchMap":{},"s":{"0":0},"f":{},"b":{}}
,"/home/kshitiz/Desktop/major/apps/execution-service/src/runners/base.runner.ts": {"path":"/home/kshitiz/Desktop/major/apps/execution-service/src/runners/base.runner.ts","statementMap":{"0":{"start":{"line":1,"column":0},"end":{"line":1,"column":80}},"1":{"start":{"line":2,"column":0},"end":{"line":2,"column":58}},"2":{"start":{"line":3,"column":0},"end":{"line":3,"column":78}},"3":{"start":{"line":5,"column":0},"end":{"line":5,"column":59}},"4":{"start":{"line":6,"column":0},"end":{"line":6,"column":66}},"5":{"start":{"line":7,"column":0},"end":{"line":7,"column":56}},"6":{"start":{"line":8,"column":0},"end":{"line":8,"column":62}},"7":{"start":{"line":9,"column":0},"end":{"line":9,"column":71}},"8":{"start":{"line":20,"column":22},"end":{"line":20,"column":32}},"9":{"start":{"line":22,"column":26},"end":{"line":29,"column":6}},"10":{"start":{"line":31,"column":27},"end":{"line":33,"column":6}},"11":{"start":{"line":32,"column":6},"end":{"line":32,"column":80}},"12":{"start":{"line":32,"column":23},"end":{"line":32,"column":51}},"13":{"start":{"line":35,"column":4},"end":{"line":92,"column":5}},"14":{"start":{"line":36,"column":21},"end":{"line":36,"column":72}},"15":{"start":{"line":37,"column":28},"end":{"line":37,"column":50}},"16":{"start":{"line":39,"column":6},"end":{"line":39,"column":59}},"17":{"start":{"line":42,"column":25},"end":{"line":42,"column":81}},"18":{"start":{"line":43,"column":21},"end":{"line":43,"column":80}},"19":{"start":{"line":44,"column":24},"end":{"line":44,"column":67}},"20":{"start":{"line":45,"column":27},"end":{"line":45,"column":98}},"21":{"start":{"line":47,"column":6},"end":{"line":54,"column":8}},"22":{"start":{"line":56,"column":28},"end":{"line":56,"column":50}},"23":{"start":{"line":57,"column":6},"end":{"line":57,"column":59}},"24":{"start":{"line":60,"column":25},"end":{"line":60,"column":81}},"25":{"start":{"line":61,"column":21},"end":{"line":61,"column":95}},"26":{"start":{"line":62,"column":24},"end":{"line":62,"column":67}},"27":{"start":{"line":64,"column":38},"end":{"line":64,"column":42}},"28":{"start":{"line":65,"column":6},"end":{"line":65,"column":60}},"29":{"start":{"line":65,"column":37},"end":{"line":65,"column":60}},"30":{"start":{"line":67,"column":6},"end":{"line":67,"column":51}},"31":{"start":{"line":67,"column":28},"end":{"line":67,"column":51}},"32":{"start":{"line":68,"column":6},"end":{"line":68,"column":50}},"33":{"start":{"line":68,"column":28},"end":{"line":68,"column":50}},"34":{"start":{"line":70,"column":27},"end":{"line":70,"column":104}},"35":{"start":{"line":72,"column":6},"end":{"line":82,"column":7}},"36":{"start":{"line":73,"column":8},"end":{"line":73,"column":49}},"37":{"start":{"line":74,"column":8},"end":{"line":81,"column":10}},"38":{"start":{"line":84,"column":6},"end":{"line":91,"column":8}},"39":{"start":{"line":98,"column":17},"end":{"line":98,"column":100}},"40":{"start":{"line":101,"column":29},"end":{"line":101,"column":73}},"41":{"start":{"line":104,"column":4},"end":{"line":104,"column":70}},"42":{"start":{"line":109,"column":4},"end":{"line":109,"column":16}},"43":{"start":{"line":113,"column":59},"end":{"line":113,"column":66}},"44":{"start":{"line":116,"column":22},"end":{"line":116,"column":60}},"45":{"start":{"line":118,"column":4},"end":{"line":214,"column":5}},"46":{"start":{"line":119,"column":6},"end":{"line":119,"column":67}},"47":{"start":{"line":121,"column":28},"end":{"line":121,"column":79}},"48":{"start":{"line":122,"column":6},"end":{"line":124,"column":7}},"49":{"start":{"line":123,"column":8},"end":{"line":123,"column":29}},"50":{"start":{"line":126,"column":6},"end":{"line":140,"column":7}},"51":{"start":{"line":128,"column":30},"end":{"line":128,"column":62}},"52":{"start":{"line":129,"column":23},"end":{"line":129,"column":76}},"53":{"start":{"line":130,"column":8},"end":{"line":139,"column":10}},"54":{"start":{"line":142,"column":19},"end":{"line":142,"column":20}},"55":{"start":{"line":143,"column":25},"end":{"line":143,"column":26}},"56":{"start":{"line":145,"column":6},"end":{"line":199,"column":7}},"57":{"start":{"line":145,"column":19},"end":{"line":145,"column":20}},"58":{"start":{"line":146,"column":19},"end":{"line":146,"column":31}},"59":{"start":{"line":147,"column":30},"end":{"line":147,"column":67}},"60":{"start":{"line":150,"column":19},"end":{"line":150,"column":32}},"61":{"start":{"line":151,"column":21},"end":{"line":151,"column":36}},"62":{"start":{"line":152,"column":8},"end":{"line":152,"column":84}},"63":{"start":{"line":154,"column":23},"end":{"line":154,"column":76}},"64":{"start":{"line":155,"column":8},"end":{"line":155,"column":47}},"65":{"start":{"line":157,"column":8},"end":{"line":173,"column":9}},"66":{"start":{"line":158,"column":10},"end":{"line":172,"column":12}},"67":{"start":{"line":176,"column":26},"end":{"line":176,"column":80}},"68":{"start":{"line":176,"column":41},"end":{"line":176,"column":80}},"69":{"start":{"line":177,"column":26},"end":{"line":177,"column":50}},"70":{"start":{"line":178,"column":28},"end":{"line":178,"column":56}},"71":{"start":{"line":180,"column":8},"end":{"line":196,"column":9}},"72":{"start":{"line":181,"column":10},"end":{"line":195,"column":12}},"73":{"start":{"line":198,"column":8},"end":{"line":198,"column":17}},"74":{"start":{"line":201,"column":6},"end":{"line":208,"column":8}},"75":{"start":{"line":211,"column":6},"end":{"line":213,"column":7}},"76":{"start":{"line":212,"column":8},"end":{"line":212,"column":50}},"77":{"start":{"line":11,"column":0},"end":{"line":11,"column":22}}},"fnMap":{"0":{"name":"(anonymous_0)","decl":{"start":{"line":19,"column":12},"end":{"line":19,"column":17}},"loc":{"start":{"line":19,"column":70},"end":{"line":93,"column":3}}},"1":{"name":"(anonymous_1)","decl":{"start":{"line":31,"column":46},"end":{"line":31,"column":47}},"loc":{"start":{"line":31,"column":60},"end":{"line":33,"column":5}}},"2":{"name":"(anonymous_2)","decl":{"start":{"line":32,"column":17},"end":{"line":32,"column":20}},"loc":{"start":{"line":32,"column":23},"end":{"line":32,"column":51}}},"3":{"name":"(anonymous_3)","decl":{"start":{"line":97,"column":12},"end":{"line":97,"column":26}},"loc":{"start":{"line":97,"column":61},"end":{"line":105,"column":3}}},"4":{"name":"(anonymous_4)","decl":{"start":{"line":107,"column":12},"end":{"line":107,"column":17}},"loc":{"start":{"line":107,"column":68},"end":{"line":110,"column":3}}},"5":{"name":"(anonymous_5)","decl":{"start":{"line":112,"column":2},"end":{"line":112,"column":7}},"loc":{"start":{"line":112,"column":38},"end":{"line":215,"column":3}}},"6":{"name":"(anonymous_6)","decl":{"start":{"line":176,"column":26},"end":{"line":176,"column":27}},"loc":{"start":{"line":176,"column":41},"end":{"line":176,"column":80}}}},"branchMap":{"0":{"loc":{"start":{"line":61,"column":39},"end":{"line":61,"column":64}},"type":"binary-expr","locations":[{"start":{"line":61,"column":39},"end":{"line":61,"column":49}},{"start":{"line":61,"column":53},"end":{"line":61,"column":64}}]},"1":{"loc":{"start":{"line":61,"column":66},"end":{"line":61,"column":82}},"type":"binary-expr","locations":[{"start":{"line":61,"column":66},"end":{"line":61,"column":76}},{"start":{"line":61,"column":80},"end":{"line":61,"column":82}}]},"2":{"loc":{"start":{"line":65,"column":6},"end":{"line":65,"column":60}},"type":"if","locations":[{"start":{"line":65,"column":6},"end":{"line":65,"column":60}},{"start":{},"end":{}}]},"3":{"loc":{"start":{"line":67,"column":6},"end":{"line":67,"column":51}},"type":"if","locations":[{"start":{"line":67,"column":6},"end":{"line":67,"column":51}},{"start":{},"end":{}}]},"4":{"loc":{"start":{"line":68,"column":6},"end":{"line":68,"column":50}},"type":"if","locations":[{"start":{"line":68,"column":6},"end":{"line":68,"column":50}},{"start":{},"end":{}}]},"5":{"loc":{"start":{"line":72,"column":6},"end":{"line":82,"column":7}},"type":"if","locations":[{"start":{"line":72,"column":6},"end":{"line":82,"column":7}},{"start":{},"end":{}}]},"6":{"loc":{"start":{"line":98,"column":17},"end":{"line":98,"column":100}},"type":"cond-expr","locations":[{"start":{"line":98,"column":43},"end":{"line":98,"column":51}},{"start":{"line":98,"column":54},"end":{"line":98,"column":100}}]},"7":{"loc":{"start":{"line":98,"column":54},"end":{"line":98,"column":100}},"type":"cond-expr","locations":[{"start":{"line":98,"column":80},"end":{"line":98,"column":92}},{"start":{"line":98,"column":95},"end":{"line":98,"column":100}}]},"8":{"loc":{"start":{"line":122,"column":6},"end":{"line":124,"column":7}},"type":"if","locations":[{"start":{"line":122,"column":6},"end":{"line":124,"column":7}},{"start":{},"end":{}}]},"9":{"loc":{"start":{"line":122,"column":10},"end":{"line":122,"column":63}},"type":"binary-expr","locations":[{"start":{"line":122,"column":10},"end":{"line":122,"column":23}},{"start":{"line":122,"column":27},"end":{"line":122,"column":63}}]},"10":{"loc":{"start":{"line":126,"column":6},"end":{"line":140,"column":7}},"type":"if","locations":[{"start":{"line":126,"column":6},"end":{"line":140,"column":7}},{"start":{},"end":{}}]},"11":{"loc":{"start":{"line":126,"column":10},"end":{"line":126,"column":46}},"type":"binary-expr","locations":[{"start":{"line":126,"column":10},"end":{"line":126,"column":20}},{"start":{"line":126,"column":24},"end":{"line":126,"column":46}}]},"12":{"loc":{"start":{"line":152,"column":68},"end":{"line":152,"column":82}},"type":"binary-expr","locations":[{"start":{"line":152,"column":68},"end":{"line":152,"column":76}},{"start":{"line":152,"column":80},"end":{"line":152,"column":82}}]},"13":{"loc":{"start":{"line":157,"column":8},"end":{"line":173,"column":9}},"type":"if","locations":[{"start":{"line":157,"column":8},"end":{"line":173,"column":9}},{"start":{},"end":{}}]},"14":{"loc":{"start":{"line":170,"column":22},"end":{"line":170,"column":52}},"type":"binary-expr","locations":[{"start":{"line":170,"column":22},"end":{"line":170,"column":35}},{"start":{"line":170,"column":39},"end":{"line":170,"column":52}}]},"15":{"loc":{"start":{"line":176,"column":42},"end":{"line":176,"column":49}},"type":"binary-expr","locations":[{"start":{"line":176,"column":42},"end":{"line":176,"column":43}},{"start":{"line":176,"column":47},"end":{"line":176,"column":49}}]},"16":{"loc":{"start":{"line":180,"column":8},"end":{"line":196,"column":9}},"type":"if","locations":[{"start":{"line":180,"column":8},"end":{"line":196,"column":9}},{"start":{},"end":{}}]},"17":{"loc":{"start":{"line":211,"column":6},"end":{"line":213,"column":7}},"type":"if","locations":[{"start":{"line":211,"column":6},"end":{"line":213,"column":7}},{"start":{},"end":{}}]}},"s":{"0":0,"1":0,"2":0,"3":0,"4":0,"5":0,"6":0,"7":0,"8":0,"9":0,"10":0,"11":0,"12":0,"13":0,"14":0,"15":0,"16":0,"17":0,"18":0,"19":0,"20":0,"21":0,"22":0,"23":0,"24":0,"25":0,"26":0,"27":0,"28":0,"29":0,"30":0,"31":0,"32":0,"33":0,"34":0,"35":0,"36":0,"37":0,"38":0,"39":0,"40":0,"41":0,"42":0,"43":0,"44":0,"45":0,"46":0,"47":0,"48":0,"49":0,"50":0,"51":0,"52":0,"53":0,"54":0,"55":0,"56":0,"57":0,"58":0,"59":0,"60":0,"61":0,"62":0,"63":0,"64":0,"65":0,"66":0,"67":0,"68":0,"69":0,"70":0,"71":0,"72":0,"73":0,"74":0,"75":0,"76":0,"77":0},"f":{"0":0,"1":0,"2":0,"3":0,"4":0,"5":0,"6":0},"b":{"0":[0,0],"1":[0,0],"2":[0,0],"3":[0,0],"4":[0,0],"5":[0,0],"6":[0,0],"7":[0,0],"8":[0,0],"9":[0,0],"10":[0,0],"11":[0,0],"12":[0,0],"13":[0,0],"14":[0,0],"15":[0,0],"16":[0,0],"17":[0,0]}}
,"/home/kshitiz/Desktop/major/apps/execution-service/src/runners/cpp.runner.ts": {"path":"/home/kshitiz/Desktop/major/apps/execution-service/src/runners/cpp.runner.ts","statementMap":{"0":{"start":{"line":1,"column":0},"end":{"line":1,"column":43}},"1":{"start":{"line":2,"column":0},"end":{"line":2,"column":80}},"2":{"start":{"line":3,"column":0},"end":{"line":3,"column":58}},"3":{"start":{"line":5,"column":0},"end":{"line":5,"column":66}},"4":{"start":{"line":6,"column":0},"end":{"line":6,"column":56}},"5":{"start":{"line":9,"column":23},"end":{"line":9,"column":28}},"6":{"start":{"line":10,"column":19},"end":{"line":10,"column":31}},"7":{"start":{"line":13,"column":4},"end":{"line":13,"column":61}},"8":{"start":{"line":17,"column":20},"end":{"line":17,"column":59}},"9":{"start":{"line":20,"column":4},"end":{"line":22,"column":5}},"10":{"start":{"line":21,"column":6},"end":{"line":21,"column":103}},"11":{"start":{"line":23,"column":4},"end":{"line":23,"column":21}},"12":{"start":{"line":27,"column":22},"end":{"line":27,"column":32}},"13":{"start":{"line":28,"column":4},"end":{"line":55,"column":5}},"14":{"start":{"line":29,"column":6},"end":{"line":36,"column":9}},"15":{"start":{"line":37,"column":6},"end":{"line":42,"column":8}},"16":{"start":{"line":44,"column":24},"end":{"line":44,"column":63}},"17":{"start":{"line":45,"column":24},"end":{"line":45,"column":47}},"18":{"start":{"line":46,"column":25},"end":{"line":46,"column":72}},"19":{"start":{"line":47,"column":21},"end":{"line":47,"column":72}},"20":{"start":{"line":49,"column":6},"end":{"line":54,"column":8}},"21":{"start":{"line":8,"column":0},"end":{"line":8,"column":13}}},"fnMap":{"0":{"name":"(anonymous_0)","decl":{"start":{"line":12,"column":12},"end":{"line":12,"column":31}},"loc":{"start":{"line":12,"column":31},"end":{"line":14,"column":3}}},"1":{"name":"(anonymous_1)","decl":{"start":{"line":16,"column":12},"end":{"line":16,"column":26}},"loc":{"start":{"line":16,"column":61},"end":{"line":24,"column":3}}},"2":{"name":"(anonymous_2)","decl":{"start":{"line":26,"column":12},"end":{"line":26,"column":17}},"loc":{"start":{"line":26,"column":68},"end":{"line":56,"column":3}}}},"branchMap":{"0":{"loc":{"start":{"line":20,"column":4},"end":{"line":22,"column":5}},"type":"if","locations":[{"start":{"line":20,"column":4},"end":{"line":22,"column":5}},{"start":{},"end":{}}]},"1":{"loc":{"start":{"line":44,"column":24},"end":{"line":44,"column":63}},"type":"binary-expr","locations":[{"start":{"line":44,"column":24},"end":{"line":44,"column":41}},{"start":{"line":44,"column":45},"end":{"line":44,"column":63}}]},"2":{"loc":{"start":{"line":45,"column":24},"end":{"line":45,"column":47}},"type":"binary-expr","locations":[{"start":{"line":45,"column":24},"end":{"line":45,"column":41}},{"start":{"line":45,"column":45},"end":{"line":45,"column":47}}]}},"s":{"0":0,"1":0,"2":0,"3":0,"4":0,"5":0,"6":0,"7":0,"8":0,"9":0,"10":0,"11":0,"12":0,"13":0,"14":0,"15":0,"16":0,"17":0,"18":0,"19":0,"20":0,"21":0},"f":{"0":0,"1":0,"2":0},"b":{"0":[0,0],"1":[0,0],"2":[0,0]}}
,"/home/kshitiz/Desktop/major/apps/execution-service/src/runners/javascript.runner.ts": {"path":"/home/kshitiz/Desktop/major/apps/execution-service/src/runners/javascript.runner.ts","statementMap":{"0":{"start":{"line":1,"column":0},"end":{"line":1,"column":43}},"1":{"start":{"line":4,"column":23},"end":{"line":4,"column":27}},"2":{"start":{"line":5,"column":19},"end":{"line":5,"column":35}},"3":{"start":{"line":8,"column":4},"end":{"line":8,"column":85}},"4":{"start":{"line":3,"column":0},"end":{"line":3,"column":13}}},"fnMap":{"0":{"name":"(anonymous_0)","decl":{"start":{"line":7,"column":12},"end":{"line":7,"column":31}},"loc":{"start":{"line":7,"column":31},"end":{"line":9,"column":3}}}},"branchMap":{},"s":{"0":0,"1":0,"2":0,"3":0,"4":0},"f":{"0":0},"b":{}}
,"/home/kshitiz/Desktop/major/apps/execution-service/src/runners/python.runner.ts": {"path":"/home/kshitiz/Desktop/major/apps/execution-service/src/runners/python.runner.ts","statementMap":{"0":{"start":{"line":1,"column":0},"end":{"line":1,"column":43}},"1":{"start":{"line":4,"column":23},"end":{"line":4,"column":27}},"2":{"start":{"line":5,"column":19},"end":{"line":5,"column":38}},"3":{"start":{"line":8,"column":4},"end":{"line":8,"column":88}},"4":{"start":{"line":3,"column":0},"end":{"line":3,"column":13}}},"fnMap":{"0":{"name":"(anonymous_0)","decl":{"start":{"line":7,"column":12},"end":{"line":7,"column":31}},"loc":{"start":{"line":7,"column":31},"end":{"line":9,"column":3}}}},"branchMap":{},"s":{"0":0,"1":0,"2":0,"3":0,"4":0},"f":{"0":0},"b":{}}
,"/home/kshitiz/Desktop/major/apps/execution-service/src/runners/runner.factory.ts": {"path":"/home/kshitiz/Desktop/major/apps/execution-service/src/runners/runner.factory.ts","statementMap":{"0":{"start":{"line":2,"column":0},"end":{"line":2,"column":55}},"1":{"start":{"line":3,"column":0},"end":{"line":3,"column":47}},"2":{"start":{"line":4,"column":0},"end":{"line":4,"column":41}},"3":{"start":{"line":8,"column":59},"end":{"line":14,"column":4}},"4":{"start":{"line":17,"column":19},"end":{"line":17,"column":41}},"5":{"start":{"line":18,"column":4},"end":{"line":20,"column":5}},"6":{"start":{"line":19,"column":6},"end":{"line":19,"column":59}},"7":{"start":{"line":21,"column":4},"end":{"line":21,"column":18}},"8":{"start":{"line":7,"column":0},"end":{"line":7,"column":13}}},"fnMap":{"0":{"name":"(anonymous_0)","decl":{"start":{"line":16,"column":2},"end":{"line":16,"column":8}},"loc":{"start":{"line":16,"column":55},"end":{"line":22,"column":3}}}},"branchMap":{"0":{"loc":{"start":{"line":18,"column":4},"end":{"line":20,"column":5}},"type":"if","locations":[{"start":{"line":18,"column":4},"end":{"line":20,"column":5}},{"start":{},"end":{}}]}},"s":{"0":0,"1":0,"2":0,"3":0,"4":0,"5":0,"6":0,"7":0,"8":0},"f":{"0":0},"b":{"0":[0,0]}}
,"/home/kshitiz/Desktop/major/apps/execution-service/src/runners/test_runner.ts": {"path":"/home/kshitiz/Desktop/major/apps/execution-service/src/runners/test_runner.ts","statementMap":{"0":{"start":{"line":1,"column":0},"end":{"line":1,"column":41}},"1":{"start":{"line":4,"column":17},"end":{"line":4,"column":32}},"2":{"start":{"line":5,"column":2},"end":{"line":5,"column":48}},"3":{"start":{"line":6,"column":15},"end":{"line":11,"column":4}},"4":{"start":{"line":12,"column":2},"end":{"line":12,"column":20}},"5":{"start":{"line":14,"column":2},"end":{"line":14,"column":44}},"6":{"start":{"line":15,"column":15},"end":{"line":20,"column":4}},"7":{"start":{"line":21,"column":2},"end":{"line":21,"column":20}},"8":{"start":{"line":23,"column":0},"end":{"line":23,"column":7}}},"fnMap":{"0":{"name":"main","decl":{"start":{"line":3,"column":15},"end":{"line":3,"column":19}},"loc":{"start":{"line":3,"column":19},"end":{"line":22,"column":1}}}},"branchMap":{},"s":{"0":0,"1":0,"2":0,"3":0,"4":0,"5":0,"6":0,"7":0,"8":0},"f":{"0":0},"b":{}}
,"/home/kshitiz/Desktop/major/apps/execution-service/src/runners/drivers/driver.injector.ts": {"path":"/home/kshitiz/Desktop/major/apps/execution-service/src/runners/drivers/driver.injector.ts","statementMap":{"0":{"start":{"line":1,"column":0},"end":{"line":1,"column":44}},"1":{"start":{"line":5,"column":4},"end":{"line":5,"column":34}},"2":{"start":{"line":5,"column":22},"end":{"line":5,"column":34}},"3":{"start":{"line":7,"column":20},"end":{"line":7,"column":44}},"4":{"start":{"line":8,"column":4},"end":{"line":8,"column":30}},"5":{"start":{"line":8,"column":18},"end":{"line":8,"column":30}},"6":{"start":{"line":10,"column":20},"end":{"line":10,"column":37}},"7":{"start":{"line":11,"column":4},"end":{"line":11,"column":30}},"8":{"start":{"line":11,"column":18},"end":{"line":11,"column":30}},"9":{"start":{"line":14,"column":4},"end":{"line":14,"column":68}},"10":{"start":{"line":14,"column":56},"end":{"line":14,"column":68}},"11":{"start":{"line":15,"column":4},"end":{"line":15,"column":96}},"12":{"start":{"line":15,"column":84},"end":{"line":15,"column":96}},"13":{"start":{"line":16,"column":4},"end":{"line":16,"column":83}},"14":{"start":{"line":16,"column":71},"end":{"line":16,"column":83}},"15":{"start":{"line":18,"column":4},"end":{"line":18,"column":35}},"16":{"start":{"line":3,"column":0},"end":{"line":3,"column":13}}},"fnMap":{"0":{"name":"(anonymous_0)","decl":{"start":{"line":4,"column":2},"end":{"line":4,"column":8}},"loc":{"start":{"line":4,"column":68},"end":{"line":19,"column":3}}}},"branchMap":{"0":{"loc":{"start":{"line":5,"column":4},"end":{"line":5,"column":34}},"type":"if","locations":[{"start":{"line":5,"column":4},"end":{"line":5,"column":34}},{"start":{},"end":{}}]},"1":{"loc":{"start":{"line":8,"column":4},"end":{"line":8,"column":30}},"type":"if","locations":[{"start":{"line":8,"column":4},"end":{"line":8,"column":30}},{"start":{},"end":{}}]},"2":{"loc":{"start":{"line":11,"column":4},"end":{"line":11,"column":30}},"type":"if","locations":[{"start":{"line":11,"column":4},"end":{"line":11,"column":30}},{"start":{},"end":{}}]},"3":{"loc":{"start":{"line":14,"column":4},"end":{"line":14,"column":68}},"type":"if","locations":[{"start":{"line":14,"column":4},"end":{"line":14,"column":68}},{"start":{},"end":{}}]},"4":{"loc":{"start":{"line":14,"column":8},"end":{"line":14,"column":54}},"type":"binary-expr","locations":[{"start":{"line":14,"column":8},"end":{"line":14,"column":26}},{"start":{"line":14,"column":30},"end":{"line":14,"column":54}}]},"5":{"loc":{"start":{"line":15,"column":4},"end":{"line":15,"column":96}},"type":"if","locations":[{"start":{"line":15,"column":4},"end":{"line":15,"column":96}},{"start":{},"end":{}}]},"6":{"loc":{"start":{"line":15,"column":8},"end":{"line":15,"column":82}},"type":"binary-expr","locations":[{"start":{"line":15,"column":8},"end":{"line":15,"column":29}},{"start":{"line":15,"column":34},"end":{"line":15,"column":57}},{"start":{"line":15,"column":61},"end":{"line":15,"column":81}}]},"7":{"loc":{"start":{"line":16,"column":4},"end":{"line":16,"column":83}},"type":"if","locations":[{"start":{"line":16,"column":4},"end":{"line":16,"column":83}},{"start":{},"end":{}}]},"8":{"loc":{"start":{"line":16,"column":8},"end":{"line":16,"column":69}},"type":"binary-expr","locations":[{"start":{"line":16,"column":8},"end":{"line":16,"column":33}},{"start":{"line":16,"column":37},"end":{"line":16,"column":69}}]}},"s":{"0":0,"1":0,"2":0,"3":0,"4":0,"5":0,"6":0,"7":0,"8":0,"9":0,"10":0,"11":0,"12":0,"13":0,"14":0,"15":0,"16":0},"f":{"0":0},"b":{"0":[0,0],"1":[0,0],"2":[0,0],"3":[0,0],"4":[0,0],"5":[0,0],"6":[0,0,0],"7":[0,0],"8":[0,0]}}
,"/home/kshitiz/Desktop/major/apps/execution-service/src/runners/drivers/io.registry.ts": {"path":"/home/kshitiz/Desktop/major/apps/execution-service/src/runners/drivers/io.registry.ts","statementMap":{"0":{"start":{"line":1,"column":13},"end":{"line":94,"column":2}}},"fnMap":{},"branchMap":{},"s":{"0":0},"f":{},"b":{}}
,"/home/kshitiz/Desktop/major/apps/execution-service/src/sandbox/container.manager.ts": {"path":"/home/kshitiz/Desktop/major/apps/execution-service/src/sandbox/container.manager.ts","statementMap":{"0":{"start":{"line":12,"column":0},"end":{"line":12,"column":7}},"1":{"start":{"line":2,"column":0},"end":{"line":2,"column":58}},"2":{"start":{"line":13,"column":67},"end":{"line":13,"column":74}},"3":{"start":{"line":15,"column":2},"end":{"line":34,"column":3}},"4":{"start":{"line":16,"column":19},"end":{"line":16,"column":52}},"5":{"start":{"line":19,"column":19},"end":{"line":24,"column":6}},"6":{"start":{"line":26,"column":4},"end":{"line":26,"column":38}},"7":{"start":{"line":28,"column":4},"end":{"line":33,"column":6}}},"fnMap":{"0":{"name":"executeCodeInSandbox","decl":{"start":{"line":12,"column":22},"end":{"line":12,"column":42}},"loc":{"start":{"line":12,"column":66},"end":{"line":35,"column":1}}}},"branchMap":{},"s":{"0":0,"1":0,"2":0,"3":0,"4":0,"5":0,"6":0,"7":0},"f":{"0":0},"b":{}}
,"/home/kshitiz/Desktop/major/apps/execution-service/src/sandbox/workspace.util.ts": {"path":"/home/kshitiz/Desktop/major/apps/execution-service/src/sandbox/workspace.util.ts","statementMap":{"0":{"start":{"line":12,"column":0},"end":{"line":12,"column":7}},"1":{"start":{"line":23,"column":0},"end":{"line":23,"column":7}},"2":{"start":{"line":1,"column":0},"end":{"line":1,"column":36}},"3":{"start":{"line":2,"column":0},"end":{"line":2,"column":29}},"4":{"start":{"line":3,"column":0},"end":{"line":3,"column":24}},"5":{"start":{"line":4,"column":0},"end":{"line":4,"column":58}},"6":{"start":{"line":13,"column":13},"end":{"line":13,"column":25}},"7":{"start":{"line":14,"column":18},"end":{"line":14,"column":66}},"8":{"start":{"line":15,"column":19},"end":{"line":15,"column":60}},"9":{"start":{"line":17,"column":2},"end":{"line":17,"column":47}},"10":{"start":{"line":18,"column":2},"end":{"line":18,"column":46}},"11":{"start":{"line":20,"column":2},"end":{"line":20,"column":35}},"12":{"start":{"line":24,"column":2},"end":{"line":28,"column":3}},"13":{"start":{"line":25,"column":4},"end":{"line":25,"column":59}},"14":{"start":{"line":27,"column":4},"end":{"line":27,"column":81}}},"fnMap":{"0":{"name":"createWorkspace","decl":{"start":{"line":12,"column":22},"end":{"line":12,"column":37}},"loc":{"start":{"line":12,"column":77},"end":{"line":21,"column":1}}},"1":{"name":"cleanupWorkspace","decl":{"start":{"line":23,"column":22},"end":{"line":23,"column":38}},"loc":{"start":{"line":23,"column":54},"end":{"line":29,"column":1}}}},"branchMap":{"0":{"loc":{"start":{"line":12,"column":52},"end":{"line":12,"column":77}},"type":"default-arg","locations":[{"start":{"line":12,"column":72},"end":{"line":12,"column":77}}]}},"s":{"0":0,"1":0,"2":0,"3":0,"4":0,"5":0,"6":0,"7":0,"8":0,"9":0,"10":0,"11":0,"12":0,"13":0,"14":0},"f":{"0":0,"1":0},"b":{"0":[0]}}
,"/home/kshitiz/Desktop/major/apps/execution-service/src/services/submission.service.ts": {"path":"/home/kshitiz/Desktop/major/apps/execution-service/src/services/submission.service.ts","statementMap":{"0":{"start":{"line":9,"column":0},"end":{"line":9,"column":7}},"1":{"start":{"line":15,"column":0},"end":{"line":15,"column":7}},"2":{"start":{"line":30,"column":0},"end":{"line":30,"column":7}},"3":{"start":{"line":1,"column":0},"end":{"line":1,"column":31}},"4":{"start":{"line":2,"column":0},"end":{"line":2,"column":36}},"5":{"start":{"line":4,"column":25},"end":{"line":7,"column":2}},"6":{"start":{"line":10,"column":2},"end":{"line":10,"column":60}},"7":{"start":{"line":16,"column":2},"end":{"line":27,"column":5}},"8":{"start":{"line":31,"column":2},"end":{"line":35,"column":5}},"9":{"start":{"line":39,"column":14},"end":{"line":39,"column":75}},"10":{"start":{"line":40,"column":14},"end":{"line":44,"column":4}},"11":{"start":{"line":45,"column":2},"end":{"line":48,"column":3}},"12":{"start":{"line":46,"column":17},"end":{"line":46,"column":33}},"13":{"start":{"line":47,"column":4},"end":{"line":47,"column":90}}},"fnMap":{"0":{"name":"markProcessing","decl":{"start":{"line":9,"column":22},"end":{"line":9,"column":36}},"loc":{"start":{"line":9,"column":57},"end":{"line":11,"column":1}}},"1":{"name":"markCompleted","decl":{"start":{"line":15,"column":22},"end":{"line":15,"column":35}},"loc":{"start":{"line":15,"column":78},"end":{"line":28,"column":1}}},"2":{"name":"markFailed","decl":{"start":{"line":30,"column":22},"end":{"line":30,"column":32}},"loc":{"start":{"line":30,"column":69},"end":{"line":36,"column":1}}},"3":{"name":"patchStatus","decl":{"start":{"line":38,"column":15},"end":{"line":38,"column":26}},"loc":{"start":{"line":38,"column":78},"end":{"line":49,"column":1}}}},"branchMap":{"0":{"loc":{"start":{"line":45,"column":2},"end":{"line":48,"column":3}},"type":"if","locations":[{"start":{"line":45,"column":2},"end":{"line":48,"column":3}},{"start":{},"end":{}}]}},"s":{"0":0,"1":0,"2":0,"3":0,"4":0,"5":0,"6":0,"7":0,"8":0,"9":0,"10":0,"11":0,"12":0,"13":0},"f":{"0":0,"1":0,"2":0,"3":0},"b":{"0":[0,0]}}
,"/home/kshitiz/Desktop/major/apps/execution-service/src/workers/submission.worker.ts": {"path":"/home/kshitiz/Desktop/major/apps/execution-service/src/workers/submission.worker.ts","statementMap":{"0":{"start":{"line":29,"column":0},"end":{"line":29,"column":16}},"1":{"start":{"line":1,"column":0},"end":{"line":1,"column":37}},"2":{"start":{"line":2,"column":0},"end":{"line":2,"column":56}},"3":{"start":{"line":3,"column":0},"end":{"line":3,"column":50}},"4":{"start":{"line":4,"column":0},"end":{"line":4,"column":91}},"5":{"start":{"line":7,"column":0},"end":{"line":7,"column":68}},"6":{"start":{"line":10,"column":73},"end":{"line":10,"column":81}},"7":{"start":{"line":12,"column":2},"end":{"line":12,"column":148}},"8":{"start":{"line":14,"column":2},"end":{"line":14,"column":37}},"9":{"start":{"line":16,"column":17},"end":{"line":22,"column":4}},"10":{"start":{"line":24,"column":2},"end":{"line":24,"column":44}},"11":{"start":{"line":26,"column":2},"end":{"line":26,"column":81}},"12":{"start":{"line":30,"column":21},"end":{"line":30,"column":44}},"13":{"start":{"line":32,"column":17},"end":{"line":35,"column":4}},"14":{"start":{"line":37,"column":2},"end":{"line":39,"column":5}},"15":{"start":{"line":38,"column":4},"end":{"line":38,"column":49}},"16":{"start":{"line":41,"column":2},"end":{"line":46,"column":5}},"17":{"start":{"line":42,"column":4},"end":{"line":42,"column":70}},"18":{"start":{"line":43,"column":4},"end":{"line":45,"column":5}},"19":{"start":{"line":44,"column":6},"end":{"line":44,"column":77}},"20":{"start":{"line":44,"column":71},"end":{"line":44,"column":75}},"21":{"start":{"line":48,"column":2},"end":{"line":53,"column":5}},"22":{"start":{"line":49,"column":4},"end":{"line":49,"column":45}},"23":{"start":{"line":50,"column":4},"end":{"line":50,"column":25}},"24":{"start":{"line":51,"column":4},"end":{"line":51,"column":28}},"25":{"start":{"line":52,"column":4},"end":{"line":52,"column":46}},"26":{"start":{"line":55,"column":2},"end":{"line":55,"column":16}}},"fnMap":{"0":{"name":"processJob","decl":{"start":{"line":9,"column":15},"end":{"line":9,"column":25}},"loc":{"start":{"line":9,"column":51},"end":{"line":27,"column":1}}},"1":{"name":"createSubmissionWorker","decl":{"start":{"line":29,"column":16},"end":{"line":29,"column":38}},"loc":{"start":{"line":29,"column":38},"end":{"line":56,"column":1}}},"2":{"name":"(anonymous_2)","decl":{"start":{"line":37,"column":25},"end":{"line":37,"column":26}},"loc":{"start":{"line":37,"column":33},"end":{"line":39,"column":3}}},"3":{"name":"(anonymous_3)","decl":{"start":{"line":41,"column":22},"end":{"line":41,"column":27}},"loc":{"start":{"line":41,"column":41},"end":{"line":46,"column":3}}},"4":{"name":"(anonymous_4)","decl":{"start":{"line":44,"column":65},"end":{"line":44,"column":68}},"loc":{"start":{"line":44,"column":71},"end":{"line":44,"column":75}}},"5":{"name":"(anonymous_5)","decl":{"start":{"line":48,"column":24},"end":{"line":48,"column":29}},"loc":{"start":{"line":48,"column":35},"end":{"line":53,"column":3}}}},"branchMap":{"0":{"loc":{"start":{"line":12,"column":122},"end":{"line":12,"column":144}},"type":"binary-expr","locations":[{"start":{"line":12,"column":122},"end":{"line":12,"column":139}},{"start":{"line":12,"column":143},"end":{"line":12,"column":144}}]},"1":{"loc":{"start":{"line":34,"column":24},"end":{"line":34,"column":59}},"type":"binary-expr","locations":[{"start":{"line":34,"column":24},"end":{"line":34,"column":54}},{"start":{"line":34,"column":58},"end":{"line":34,"column":59}}]},"2":{"loc":{"start":{"line":43,"column":4},"end":{"line":45,"column":5}},"type":"if","locations":[{"start":{"line":43,"column":4},"end":{"line":45,"column":5}},{"start":{},"end":{}}]}},"s":{"0":0,"1":0,"2":0,"3":0,"4":0,"5":0,"6":0,"7":0,"8":0,"9":0,"10":0,"11":0,"12":0,"13":0,"14":0,"15":0,"16":0,"17":0,"18":0,"19":0,"20":0,"21":0,"22":0,"23":0,"24":0,"25":0,"26":0},"f":{"0":0,"1":0,"2":0,"3":0,"4":0,"5":0},"b":{"0":[0,0],"1":[0,0],"2":[0,0]}}
}
